INFO: [VRFC 10-2263] Analyzing SystemVerilog file "/home/adrian/Desktop/AES256-HW-Accelerator/verilogCode/design/dec/AES256_dec_FSM_AXI.sv" into library xil_defaultlib
INFO: [VRFC 10-311] analyzing module AES256_dec
INFO: [VRFC 10-2263] Analyzing SystemVerilog file "/home/adrian/Desktop/AES256-HW-Accelerator/verilogCode/design/dec/mod_dec_addRoundKey.sv" into library xil_defaultlib
INFO: [VRFC 10-311] analyzing module mod_dec_addRoundKey
INFO: [VRFC 10-2263] Analyzing SystemVerilog file "/home/adrian/Desktop/AES256-HW-Accelerator/verilogCode/design/dec/mod_dec_mixColumns.sv" into library xil_defaultlib
INFO: [VRFC 10-311] analyzing module mod_dec_mixColumns
INFO: [VRFC 10-2263] Analyzing SystemVerilog file "/home/adrian/Desktop/AES256-HW-Accelerator/verilogCode/design/dec/mod_dec_rom256.sv" into library xil_defaultlib
INFO: [VRFC 10-311] analyzing module mod_dec_rom256
INFO: [VRFC 10-2263] Analyzing SystemVerilog file "/home/adrian/Desktop/AES256-HW-Accelerator/verilogCode/design/dec/mod_dec_romKey.sv" into library xil_defaultlib
INFO: [VRFC 10-311] analyzing module mod_dec_romKey
INFO: [VRFC 10-2263] Analyzing SystemVerilog file "/home/adrian/Desktop/AES256-HW-Accelerator/verilogCode/design/dec/mod_dec_shifter.sv" into library xil_defaultlib
INFO: [VRFC 10-311] analyzing module mod_dec_shifter
INFO: [VRFC 10-2263] Analyzing SystemVerilog file "/home/adrian/Desktop/AES256-HW-Accelerator/verilogCode/design/mod_mux_2to1.sv" into library xil_defaultlib
INFO: [VRFC 10-311] analyzing module mod_mux_2to1
INFO: [VRFC 10-2263] Analyzing SystemVerilog file "/home/adrian/Desktop/AES256-HW-Accelerator/verilogCode/design/mod_reg16.sv" into library xil_defaultlib
INFO: [VRFC 10-311] analyzing module mod_reg16
INFO: [VRFC 10-2263] Analyzing SystemVerilog file "/home/adrian/Desktop/AES256-HW-Accelerator/verilogCode/design/mod_reg16_16to1.sv" into library xil_defaultlib
INFO: [VRFC 10-311] analyzing module mod_reg16_16to1
INFO: [VRFC 10-2263] Analyzing SystemVerilog file "/home/adrian/Desktop/AES256-HW-Accelerator/verilogCode/design/mod_reg16_1to16.sv" into library xil_defaultlib
INFO: [VRFC 10-311] analyzing module mod_reg16_1to16
WARNING: [VRFC 10-2379] empty port in module declaration [/home/adrian/Desktop/AES256-HW-Accelerator/verilogCode/design/mod_reg16_1to16.sv:10]
INFO: [VRFC 10-2263] Analyzing SystemVerilog file "/home/adrian/Desktop/AES256-HW-Accelerator/verilogCode/tb/tb_AES256_dec_FSM_AXI.sv" into library xil_defaultlib
INFO: [VRFC 10-311] analyzing module tb_AES256_dec
