Vivado Simulator v2021.1
Copyright 1986-1999, 2001-2021 Xilinx, Inc. All Rights Reserved.
Running: /opt/Xilinx/Vivado/2021.1/bin/unwrapped/lnx64.o/xelab -wto e2de604db26646d5bc78c082d7113d79 --incr --debug typical --relax --mt 8 -L xil_defaultlib -L uvm -L unisims_ver -L unimacro_ver -L secureip --snapshot tb_mod_keygen_behav xil_defaultlib.tb_mod_keygen xil_defaultlib.glbl -log elaborate.log 
Using 8 slave threads.
Starting static elaboration
Pass Through NonSizing Optimizer
Completed static elaboration
Starting simulation data flow analysis
WARNING: [XSIM 43-4099] "/home/adrian/Desktop/AES256-HW-Accelerator/verilogCode/tb/../design/keyGen/AES256_keygen_FSM_AXI.sv" Line 11. Module AES256_keygen doesn't have a timescale but at least one module in design has a timescale.
WARNING: [XSIM 43-4099] "/home/adrian/Desktop/AES256-HW-Accelerator/verilogCode/design/keyGen/mod_kg_rotWord.sv" Line 8. Module mod_kg_rotWord doesn't have a timescale but at least one module in design has a timescale.
WARNING: [XSIM 43-4099] "/home/adrian/Desktop/AES256-HW-Accelerator/verilogCode/design/keyGen/mod_kg_subWord.sv" Line 7. Module mod_kg_subWord doesn't have a timescale but at least one module in design has a timescale.
WARNING: [XSIM 43-4099] "/home/adrian/Desktop/AES256-HW-Accelerator/verilogCode/tb/../design/keyGen/AES256_keygen_FSM_AXI.sv" Line 11. Module AES256_keygen doesn't have a timescale but at least one module in design has a timescale.
WARNING: [XSIM 43-4099] "/home/adrian/Desktop/AES256-HW-Accelerator/verilogCode/design/keyGen/mod_kg_rotWord.sv" Line 8. Module mod_kg_rotWord doesn't have a timescale but at least one module in design has a timescale.
WARNING: [XSIM 43-4099] "/home/adrian/Desktop/AES256-HW-Accelerator/verilogCode/design/keyGen/mod_kg_subWord.sv" Line 7. Module mod_kg_subWord doesn't have a timescale but at least one module in design has a timescale.
Completed simulation data flow analysis
Time Resolution for simulation is 1ps
Compiling module xil_defaultlib.mod_kg_rotWord
Compiling module xil_defaultlib.mod_kg_subWord
Compiling module xil_defaultlib.AES256_keygen
Compiling module xil_defaultlib.tb_mod_keygen
Compiling module xil_defaultlib.glbl
Built simulation snapshot tb_mod_keygen_behav
