Time resolution is 1 ps
Plaintext:   5316911984068118521223378635388354560
Encrypted data:                                       x
INPUT mixColumns: 63, 7c, 77, 77, 6b, 6f, 6b, f2, 67, 30, 30, 01, 2b, fe, d7, ab,
INPUT mixColumns: 2c, 92, 02, 1a, 16, 35, 83, 2d, b2, e0, 5c, cf, 47, 75, 30, c4,
INPUT mixColumns: e2, 06, e1, d8, d0, e2, 71, 76, 61, 6b, d7, 69, f8, c3, 4f, 8f,
INPUT mixColumns: a2, 3c, 92, dd, 64, 38, 62, 8f, 23, b6, e2, 66, fd, ec, cb, f0,
INPUT mixColumns: e5, c5, 1a, e3, 75, bb, 4e, 78, 92, 3b, 9d, 62, 7e, fc, 17, 9d,
INPUT mixColumns: 02, 91, c4, 6a, 78, 1b, b3, 28, 44, ac, dc, f7, 90, 0c, a0, cd,
INPUT mixColumns: 3d, 1f, 27, 0a, 85, 01, 82, fb, 37, de, c0, 69, d4, c8, 57, 4f,
INPUT mixColumns: 3c, 05, f2, 1d, 1c, 4d, 0b, 22, a7, 22, cf, 14, 56, f8, e4, 6d,
INPUT mixColumns: 56, 14, b0, 91, 1f, ed, aa, 25, d5, 24, 08, 49, 23, 4f, b8, be,
INPUT mixColumns: 11, 5d, 17, b6, 4f, 71, b1, 04, 5f, 32, 70, b6, d1, 48, 93, e7,
INPUT mixColumns: 86, 6f, 68, 6e, c7, 3c, 47, f2, 11, d6, a6, 20, 42, be, eb, d3,
INPUT mixColumns: 38, 75, 9b, 18, 56, d9, b5, c0, 66, 10, 89, 16, e6, f0, ac, c9,
INPUT mixColumns: 31, 7a, 06, 5e, 02, 9f, 01, 5b, fd, 97, 38, 30, 28, 11, 0e, 2f,
Something is not working buddy
Should be: 633aadc43c56b3d6ea93bcfe994d587a
Is: 7a584d99febc93ead6b3563cc4ad3a63
$finish called at time : 6550 ns : File "/home/adrian/Desktop/AES256-HW-Accelerator/verilogCode/tb/tb_AES256_enc_FSM_AXI.sv" Line 103
