
*** Running vivado
    with args -log AES256_system_design6_xbar_0.vds -m64 -product Vivado -mode batch -messageDb vivado.pb -notrace -source AES256_system_design6_xbar_0.tcl


****** Vivado v2021.1 (64-bit)
  **** SW Build 3247384 on Thu Jun 10 19:36:07 MDT 2021
  **** IP Build 3246043 on Fri Jun 11 00:30:35 MDT 2021
    ** Copyright 1986-2021 Xilinx, Inc. All Rights Reserved.

source AES256_system_design6_xbar_0.tcl -notrace
INFO: [IP_Flow 19-234] Refreshing IP repositories
INFO: [IP_Flow 19-1700] Loaded user IP repository '/home/adrian/Desktop/AES256-HW-Accelerator/Vivado_projects/AES256_device_IP'.
INFO: [IP_Flow 19-2313] Loaded Vivado IP repository '/opt/Xilinx/Vivado/2021.1/data/ip'.
Command: synth_design -top AES256_system_design6_xbar_0 -part xc7z020clg484-1 -mode out_of_context
Starting synth_design
Attempting to get a license for feature 'Synthesis' and/or device 'xc7z020'
INFO: [Common 17-349] Got license for feature 'Synthesis' and/or device 'xc7z020'
INFO: [Device 21-403] Loading part xc7z020clg484-1
INFO: [Synth 8-7079] Multithreading enabled for synth_design using a maximum of 4 processes.
INFO: [Synth 8-7078] Launching helper process for spawning children vivado processes
INFO: [Synth 8-7075] Helper process launched with PID 72384
---------------------------------------------------------------------------------
Starting RTL Elaboration : Time (s): cpu = 00:00:05 ; elapsed = 00:00:08 . Memory (MB): peak = 2522.848 ; gain = 0.000 ; free physical = 2342 ; free virtual = 2885
---------------------------------------------------------------------------------
INFO: [Synth 8-6157] synthesizing module 'AES256_system_design6_xbar_0' [/home/adrian/Desktop/AES256-HW-Accelerator/Vivado_projects/AES256_system/AES256_system.gen/sources_1/bd/AES256_system_design6/ip/AES256_system_design6_xbar_0/synth/AES256_system_design6_xbar_0.v:59]
INFO: [Synth 8-6157] synthesizing module 'axi_crossbar_v2_1_25_axi_crossbar' [/home/adrian/Desktop/AES256-HW-Accelerator/Vivado_projects/AES256_system/AES256_system.gen/sources_1/bd/AES256_system_design6/ipshared/3917/hdl/axi_crossbar_v2_1_vl_rfs.v:4884]
INFO: [Synth 8-6157] synthesizing module 'axi_crossbar_v2_1_25_crossbar_sasd' [/home/adrian/Desktop/AES256-HW-Accelerator/Vivado_projects/AES256_system/AES256_system.gen/sources_1/bd/AES256_system_design6/ipshared/3917/hdl/axi_crossbar_v2_1_vl_rfs.v:1240]
INFO: [Synth 8-6157] synthesizing module 'axi_crossbar_v2_1_25_addr_decoder' [/home/adrian/Desktop/AES256-HW-Accelerator/Vivado_projects/AES256_system/AES256_system.gen/sources_1/bd/AES256_system_design6/ipshared/3917/hdl/axi_crossbar_v2_1_vl_rfs.v:794]
INFO: [Synth 8-6157] synthesizing module 'generic_baseblocks_v2_1_0_comparator_static' [/home/adrian/Desktop/AES256-HW-Accelerator/Vivado_projects/AES256_system/AES256_system.gen/sources_1/bd/AES256_system_design6/ipshared/b752/hdl/generic_baseblocks_v2_1_vl_rfs.v:2133]
INFO: [Synth 8-6157] synthesizing module 'generic_baseblocks_v2_1_0_carry_and' [/home/adrian/Desktop/AES256-HW-Accelerator/Vivado_projects/AES256_system/AES256_system.gen/sources_1/bd/AES256_system_design6/ipshared/b752/hdl/generic_baseblocks_v2_1_vl_rfs.v:62]
INFO: [Synth 8-6155] done synthesizing module 'generic_baseblocks_v2_1_0_carry_and' (1#1) [/home/adrian/Desktop/AES256-HW-Accelerator/Vivado_projects/AES256_system/AES256_system.gen/sources_1/bd/AES256_system_design6/ipshared/b752/hdl/generic_baseblocks_v2_1_vl_rfs.v:62]
INFO: [Synth 8-6155] done synthesizing module 'generic_baseblocks_v2_1_0_comparator_static' (2#1) [/home/adrian/Desktop/AES256-HW-Accelerator/Vivado_projects/AES256_system/AES256_system.gen/sources_1/bd/AES256_system_design6/ipshared/b752/hdl/generic_baseblocks_v2_1_vl_rfs.v:2133]
INFO: [Synth 8-6157] synthesizing module 'generic_baseblocks_v2_1_0_comparator_static__parameterized0' [/home/adrian/Desktop/AES256-HW-Accelerator/Vivado_projects/AES256_system/AES256_system.gen/sources_1/bd/AES256_system_design6/ipshared/b752/hdl/generic_baseblocks_v2_1_vl_rfs.v:2133]
INFO: [Synth 8-6155] done synthesizing module 'generic_baseblocks_v2_1_0_comparator_static__parameterized0' (2#1) [/home/adrian/Desktop/AES256-HW-Accelerator/Vivado_projects/AES256_system/AES256_system.gen/sources_1/bd/AES256_system_design6/ipshared/b752/hdl/generic_baseblocks_v2_1_vl_rfs.v:2133]
INFO: [Synth 8-6157] synthesizing module 'generic_baseblocks_v2_1_0_comparator_static__parameterized1' [/home/adrian/Desktop/AES256-HW-Accelerator/Vivado_projects/AES256_system/AES256_system.gen/sources_1/bd/AES256_system_design6/ipshared/b752/hdl/generic_baseblocks_v2_1_vl_rfs.v:2133]
INFO: [Synth 8-6155] done synthesizing module 'generic_baseblocks_v2_1_0_comparator_static__parameterized1' (2#1) [/home/adrian/Desktop/AES256-HW-Accelerator/Vivado_projects/AES256_system/AES256_system.gen/sources_1/bd/AES256_system_design6/ipshared/b752/hdl/generic_baseblocks_v2_1_vl_rfs.v:2133]
INFO: [Synth 8-6155] done synthesizing module 'axi_crossbar_v2_1_25_addr_decoder' (3#1) [/home/adrian/Desktop/AES256-HW-Accelerator/Vivado_projects/AES256_system/AES256_system.gen/sources_1/bd/AES256_system_design6/ipshared/3917/hdl/axi_crossbar_v2_1_vl_rfs.v:794]
INFO: [Synth 8-6157] synthesizing module 'axi_crossbar_v2_1_25_decerr_slave' [/home/adrian/Desktop/AES256-HW-Accelerator/Vivado_projects/AES256_system/AES256_system.gen/sources_1/bd/AES256_system_design6/ipshared/3917/hdl/axi_crossbar_v2_1_vl_rfs.v:3501]
INFO: [Synth 8-6155] done synthesizing module 'axi_crossbar_v2_1_25_decerr_slave' (4#1) [/home/adrian/Desktop/AES256-HW-Accelerator/Vivado_projects/AES256_system/AES256_system.gen/sources_1/bd/AES256_system_design6/ipshared/3917/hdl/axi_crossbar_v2_1_vl_rfs.v:3501]
INFO: [Synth 8-6157] synthesizing module 'axi_crossbar_v2_1_25_addr_arbiter_sasd' [/home/adrian/Desktop/AES256-HW-Accelerator/Vivado_projects/AES256_system/AES256_system.gen/sources_1/bd/AES256_system_design6/ipshared/3917/hdl/axi_crossbar_v2_1_vl_rfs.v:65]
INFO: [Synth 8-6155] done synthesizing module 'axi_crossbar_v2_1_25_addr_arbiter_sasd' (5#1) [/home/adrian/Desktop/AES256-HW-Accelerator/Vivado_projects/AES256_system/AES256_system.gen/sources_1/bd/AES256_system_design6/ipshared/3917/hdl/axi_crossbar_v2_1_vl_rfs.v:65]
INFO: [Synth 8-6157] synthesizing module 'axi_crossbar_v2_1_25_splitter' [/home/adrian/Desktop/AES256-HW-Accelerator/Vivado_projects/AES256_system/AES256_system.gen/sources_1/bd/AES256_system_design6/ipshared/3917/hdl/axi_crossbar_v2_1_vl_rfs.v:4461]
INFO: [Synth 8-6155] done synthesizing module 'axi_crossbar_v2_1_25_splitter' (6#1) [/home/adrian/Desktop/AES256-HW-Accelerator/Vivado_projects/AES256_system/AES256_system.gen/sources_1/bd/AES256_system_design6/ipshared/3917/hdl/axi_crossbar_v2_1_vl_rfs.v:4461]
INFO: [Synth 8-6157] synthesizing module 'axi_crossbar_v2_1_25_splitter__parameterized0' [/home/adrian/Desktop/AES256-HW-Accelerator/Vivado_projects/AES256_system/AES256_system.gen/sources_1/bd/AES256_system_design6/ipshared/3917/hdl/axi_crossbar_v2_1_vl_rfs.v:4461]
INFO: [Synth 8-6155] done synthesizing module 'axi_crossbar_v2_1_25_splitter__parameterized0' (6#1) [/home/adrian/Desktop/AES256-HW-Accelerator/Vivado_projects/AES256_system/AES256_system.gen/sources_1/bd/AES256_system_design6/ipshared/3917/hdl/axi_crossbar_v2_1_vl_rfs.v:4461]
INFO: [Synth 8-6157] synthesizing module 'generic_baseblocks_v2_1_0_mux_enc' [/home/adrian/Desktop/AES256-HW-Accelerator/Vivado_projects/AES256_system/AES256_system.gen/sources_1/bd/AES256_system_design6/ipshared/b752/hdl/generic_baseblocks_v2_1_vl_rfs.v:2452]
INFO: [Synth 8-6155] done synthesizing module 'generic_baseblocks_v2_1_0_mux_enc' (7#1) [/home/adrian/Desktop/AES256-HW-Accelerator/Vivado_projects/AES256_system/AES256_system.gen/sources_1/bd/AES256_system_design6/ipshared/b752/hdl/generic_baseblocks_v2_1_vl_rfs.v:2452]
INFO: [Synth 8-6157] synthesizing module 'generic_baseblocks_v2_1_0_mux_enc__parameterized0' [/home/adrian/Desktop/AES256-HW-Accelerator/Vivado_projects/AES256_system/AES256_system.gen/sources_1/bd/AES256_system_design6/ipshared/b752/hdl/generic_baseblocks_v2_1_vl_rfs.v:2452]
INFO: [Synth 8-6155] done synthesizing module 'generic_baseblocks_v2_1_0_mux_enc__parameterized0' (7#1) [/home/adrian/Desktop/AES256-HW-Accelerator/Vivado_projects/AES256_system/AES256_system.gen/sources_1/bd/AES256_system_design6/ipshared/b752/hdl/generic_baseblocks_v2_1_vl_rfs.v:2452]
INFO: [Synth 8-6157] synthesizing module 'generic_baseblocks_v2_1_0_mux_enc__parameterized1' [/home/adrian/Desktop/AES256-HW-Accelerator/Vivado_projects/AES256_system/AES256_system.gen/sources_1/bd/AES256_system_design6/ipshared/b752/hdl/generic_baseblocks_v2_1_vl_rfs.v:2452]
INFO: [Synth 8-6155] done synthesizing module 'generic_baseblocks_v2_1_0_mux_enc__parameterized1' (7#1) [/home/adrian/Desktop/AES256-HW-Accelerator/Vivado_projects/AES256_system/AES256_system.gen/sources_1/bd/AES256_system_design6/ipshared/b752/hdl/generic_baseblocks_v2_1_vl_rfs.v:2452]
INFO: [Synth 8-6157] synthesizing module 'axi_register_slice_v2_1_24_axic_register_slice' [/home/adrian/Desktop/AES256-HW-Accelerator/Vivado_projects/AES256_system/AES256_system.gen/sources_1/bd/AES256_system_design6/ipshared/8f68/hdl/axi_register_slice_v2_1_vl_rfs.v:1498]
INFO: [Synth 8-6155] done synthesizing module 'axi_register_slice_v2_1_24_axic_register_slice' (8#1) [/home/adrian/Desktop/AES256-HW-Accelerator/Vivado_projects/AES256_system/AES256_system.gen/sources_1/bd/AES256_system_design6/ipshared/8f68/hdl/axi_register_slice_v2_1_vl_rfs.v:1498]
INFO: [Synth 8-6157] synthesizing module 'generic_baseblocks_v2_1_0_mux_enc__parameterized2' [/home/adrian/Desktop/AES256-HW-Accelerator/Vivado_projects/AES256_system/AES256_system.gen/sources_1/bd/AES256_system_design6/ipshared/b752/hdl/generic_baseblocks_v2_1_vl_rfs.v:2452]
INFO: [Synth 8-6155] done synthesizing module 'generic_baseblocks_v2_1_0_mux_enc__parameterized2' (8#1) [/home/adrian/Desktop/AES256-HW-Accelerator/Vivado_projects/AES256_system/AES256_system.gen/sources_1/bd/AES256_system_design6/ipshared/b752/hdl/generic_baseblocks_v2_1_vl_rfs.v:2452]
INFO: [Synth 8-6155] done synthesizing module 'axi_crossbar_v2_1_25_crossbar_sasd' (9#1) [/home/adrian/Desktop/AES256-HW-Accelerator/Vivado_projects/AES256_system/AES256_system.gen/sources_1/bd/AES256_system_design6/ipshared/3917/hdl/axi_crossbar_v2_1_vl_rfs.v:1240]
INFO: [Synth 8-6155] done synthesizing module 'axi_crossbar_v2_1_25_axi_crossbar' (10#1) [/home/adrian/Desktop/AES256-HW-Accelerator/Vivado_projects/AES256_system/AES256_system.gen/sources_1/bd/AES256_system_design6/ipshared/3917/hdl/axi_crossbar_v2_1_vl_rfs.v:4884]
INFO: [Synth 8-6155] done synthesizing module 'AES256_system_design6_xbar_0' (11#1) [/home/adrian/Desktop/AES256-HW-Accelerator/Vivado_projects/AES256_system/AES256_system.gen/sources_1/bd/AES256_system_design6/ip/AES256_system_design6_xbar_0/synth/AES256_system_design6_xbar_0.v:59]
---------------------------------------------------------------------------------
Finished RTL Elaboration : Time (s): cpu = 00:00:09 ; elapsed = 00:00:13 . Memory (MB): peak = 2522.848 ; gain = 0.000 ; free physical = 3317 ; free virtual = 4056
---------------------------------------------------------------------------------
---------------------------------------------------------------------------------
Start Handling Custom Attributes
---------------------------------------------------------------------------------
---------------------------------------------------------------------------------
Finished Handling Custom Attributes : Time (s): cpu = 00:00:10 ; elapsed = 00:00:14 . Memory (MB): peak = 2522.848 ; gain = 0.000 ; free physical = 3234 ; free virtual = 3981
---------------------------------------------------------------------------------
---------------------------------------------------------------------------------
Finished RTL Optimization Phase 1 : Time (s): cpu = 00:00:10 ; elapsed = 00:00:14 . Memory (MB): peak = 2522.848 ; gain = 0.000 ; free physical = 3234 ; free virtual = 3981
---------------------------------------------------------------------------------
Netlist sorting complete. Time (s): cpu = 00:00:00.01 ; elapsed = 00:00:00.02 . Memory (MB): peak = 2522.848 ; gain = 0.000 ; free physical = 3186 ; free virtual = 3941
INFO: [Project 1-570] Preparing netlist for logic optimization

Processing XDC Constraints
Initializing timing engine
Parsing XDC File [/home/adrian/Desktop/AES256-HW-Accelerator/Vivado_projects/AES256_system/AES256_system.gen/sources_1/bd/AES256_system_design6/ip/AES256_system_design6_xbar_0/AES256_system_design6_xbar_0_ooc.xdc] for cell 'inst'
Finished Parsing XDC File [/home/adrian/Desktop/AES256-HW-Accelerator/Vivado_projects/AES256_system/AES256_system.gen/sources_1/bd/AES256_system_design6/ip/AES256_system_design6_xbar_0/AES256_system_design6_xbar_0_ooc.xdc] for cell 'inst'
Parsing XDC File [/home/adrian/Desktop/AES256-HW-Accelerator/Vivado_projects/AES256_system/AES256_system.runs/AES256_system_design6_xbar_0_synth_1/dont_touch.xdc]
Finished Parsing XDC File [/home/adrian/Desktop/AES256-HW-Accelerator/Vivado_projects/AES256_system/AES256_system.runs/AES256_system_design6_xbar_0_synth_1/dont_touch.xdc]
Completed Processing XDC Constraints

Netlist sorting complete. Time (s): cpu = 00:00:00 ; elapsed = 00:00:00 . Memory (MB): peak = 2562.793 ; gain = 0.000 ; free physical = 2762 ; free virtual = 3614
INFO: [Project 1-111] Unisim Transformation Summary:
No Unisim elements were transformed.

Constraint Validation Runtime : Time (s): cpu = 00:00:00.02 ; elapsed = 00:00:00.05 . Memory (MB): peak = 2562.793 ; gain = 0.000 ; free physical = 2751 ; free virtual = 3607
---------------------------------------------------------------------------------
Finished Constraint Validation : Time (s): cpu = 00:00:15 ; elapsed = 00:00:20 . Memory (MB): peak = 2562.793 ; gain = 39.945 ; free physical = 2573 ; free virtual = 3435
---------------------------------------------------------------------------------
---------------------------------------------------------------------------------
Start Loading Part and Timing Information
---------------------------------------------------------------------------------
Loading part: xc7z020clg484-1
---------------------------------------------------------------------------------
Finished Loading Part and Timing Information : Time (s): cpu = 00:00:15 ; elapsed = 00:00:20 . Memory (MB): peak = 2562.793 ; gain = 39.945 ; free physical = 2572 ; free virtual = 3435
---------------------------------------------------------------------------------
---------------------------------------------------------------------------------
Start Applying 'set_property' XDC Constraints
---------------------------------------------------------------------------------
Applied set_property KEEP_HIERARCHY = SOFT for inst. (constraint file  /home/adrian/Desktop/AES256-HW-Accelerator/Vivado_projects/AES256_system/AES256_system.runs/AES256_system_design6_xbar_0_synth_1/dont_touch.xdc, line 9).
---------------------------------------------------------------------------------
Finished applying 'set_property' XDC Constraints : Time (s): cpu = 00:00:15 ; elapsed = 00:00:20 . Memory (MB): peak = 2562.793 ; gain = 39.945 ; free physical = 2571 ; free virtual = 3434
---------------------------------------------------------------------------------
---------------------------------------------------------------------------------
Finished RTL Optimization Phase 2 : Time (s): cpu = 00:00:15 ; elapsed = 00:00:20 . Memory (MB): peak = 2562.793 ; gain = 39.945 ; free physical = 2523 ; free virtual = 3390
---------------------------------------------------------------------------------
---------------------------------------------------------------------------------
Start RTL Component Statistics 
---------------------------------------------------------------------------------
Detailed RTL Component Info : 
+---Registers : 
	               64 Bit    Registers := 1     
	               36 Bit    Registers := 2     
	                4 Bit    Registers := 1     
	                3 Bit    Registers := 1     
	                2 Bit    Registers := 3     
	                1 Bit    Registers := 14    
+---Muxes : 
	   2 Input   64 Bit        Muxes := 1     
	   2 Input   36 Bit        Muxes := 2     
	   2 Input    4 Bit        Muxes := 1     
	   2 Input    3 Bit        Muxes := 1     
	   2 Input    1 Bit        Muxes := 36    
---------------------------------------------------------------------------------
Finished RTL Component Statistics 
---------------------------------------------------------------------------------
---------------------------------------------------------------------------------
Start Part Resource Summary
---------------------------------------------------------------------------------
Part Resources:
DSPs: 220 (col length:60)
BRAMs: 280 (col length: RAMB18 60 RAMB36 30)
---------------------------------------------------------------------------------
Finished Part Resource Summary
---------------------------------------------------------------------------------
---------------------------------------------------------------------------------
Start Cross Boundary and Area Optimization
---------------------------------------------------------------------------------
---------------------------------------------------------------------------------
Finished Cross Boundary and Area Optimization : Time (s): cpu = 00:00:17 ; elapsed = 00:00:21 . Memory (MB): peak = 2562.793 ; gain = 39.945 ; free physical = 2403 ; free virtual = 3282
---------------------------------------------------------------------------------
---------------------------------------------------------------------------------
Start Applying XDC Timing Constraints
---------------------------------------------------------------------------------
---------------------------------------------------------------------------------
Finished Applying XDC Timing Constraints : Time (s): cpu = 00:00:21 ; elapsed = 00:00:26 . Memory (MB): peak = 2562.793 ; gain = 39.945 ; free physical = 3111 ; free virtual = 4006
---------------------------------------------------------------------------------
---------------------------------------------------------------------------------
Start Timing Optimization
---------------------------------------------------------------------------------
---------------------------------------------------------------------------------
Finished Timing Optimization : Time (s): cpu = 00:00:22 ; elapsed = 00:00:27 . Memory (MB): peak = 2562.793 ; gain = 39.945 ; free physical = 3095 ; free virtual = 3991
---------------------------------------------------------------------------------
---------------------------------------------------------------------------------
Start Technology Mapping
---------------------------------------------------------------------------------
---------------------------------------------------------------------------------
Finished Technology Mapping : Time (s): cpu = 00:00:22 ; elapsed = 00:00:27 . Memory (MB): peak = 2562.793 ; gain = 39.945 ; free physical = 3093 ; free virtual = 3989
---------------------------------------------------------------------------------
---------------------------------------------------------------------------------
Start IO Insertion
---------------------------------------------------------------------------------
---------------------------------------------------------------------------------
Start Flattening Before IO Insertion
---------------------------------------------------------------------------------
---------------------------------------------------------------------------------
Finished Flattening Before IO Insertion
---------------------------------------------------------------------------------
---------------------------------------------------------------------------------
Start Final Netlist Cleanup
---------------------------------------------------------------------------------
---------------------------------------------------------------------------------
Finished Final Netlist Cleanup
---------------------------------------------------------------------------------
---------------------------------------------------------------------------------
Finished IO Insertion : Time (s): cpu = 00:00:25 ; elapsed = 00:00:30 . Memory (MB): peak = 2562.793 ; gain = 39.945 ; free physical = 3056 ; free virtual = 3952
---------------------------------------------------------------------------------
---------------------------------------------------------------------------------
Start Renaming Generated Instances
---------------------------------------------------------------------------------
---------------------------------------------------------------------------------
Finished Renaming Generated Instances : Time (s): cpu = 00:00:25 ; elapsed = 00:00:30 . Memory (MB): peak = 2562.793 ; gain = 39.945 ; free physical = 3056 ; free virtual = 3952
---------------------------------------------------------------------------------
---------------------------------------------------------------------------------
Start Rebuilding User Hierarchy
---------------------------------------------------------------------------------
---------------------------------------------------------------------------------
Finished Rebuilding User Hierarchy : Time (s): cpu = 00:00:25 ; elapsed = 00:00:30 . Memory (MB): peak = 2562.793 ; gain = 39.945 ; free physical = 3073 ; free virtual = 3970
---------------------------------------------------------------------------------
---------------------------------------------------------------------------------
Start Renaming Generated Ports
---------------------------------------------------------------------------------
---------------------------------------------------------------------------------
Finished Renaming Generated Ports : Time (s): cpu = 00:00:25 ; elapsed = 00:00:30 . Memory (MB): peak = 2562.793 ; gain = 39.945 ; free physical = 3074 ; free virtual = 3971
---------------------------------------------------------------------------------
---------------------------------------------------------------------------------
Start Handling Custom Attributes
---------------------------------------------------------------------------------
---------------------------------------------------------------------------------
Finished Handling Custom Attributes : Time (s): cpu = 00:00:25 ; elapsed = 00:00:30 . Memory (MB): peak = 2562.793 ; gain = 39.945 ; free physical = 3075 ; free virtual = 3972
---------------------------------------------------------------------------------
---------------------------------------------------------------------------------
Start Renaming Generated Nets
---------------------------------------------------------------------------------
---------------------------------------------------------------------------------
Finished Renaming Generated Nets : Time (s): cpu = 00:00:25 ; elapsed = 00:00:30 . Memory (MB): peak = 2562.793 ; gain = 39.945 ; free physical = 3075 ; free virtual = 3972
---------------------------------------------------------------------------------
---------------------------------------------------------------------------------
Start Writing Synthesis Report
---------------------------------------------------------------------------------

Report BlackBoxes: 
+-+--------------+----------+
| |BlackBox name |Instances |
+-+--------------+----------+
+-+--------------+----------+

Report Cell Usage: 
+------+-----+------+
|      |Cell |Count |
+------+-----+------+
|1     |LUT1 |     1|
|2     |LUT2 |    12|
|3     |LUT3 |    41|
|4     |LUT4 |    49|
|5     |LUT5 |    38|
|6     |LUT6 |    40|
|7     |FDRE |   131|
+------+-----+------+
---------------------------------------------------------------------------------
Finished Writing Synthesis Report : Time (s): cpu = 00:00:25 ; elapsed = 00:00:30 . Memory (MB): peak = 2562.793 ; gain = 39.945 ; free physical = 3076 ; free virtual = 3973
---------------------------------------------------------------------------------
Synthesis finished with 0 errors, 0 critical warnings and 0 warnings.
Synthesis Optimization Runtime : Time (s): cpu = 00:00:23 ; elapsed = 00:00:27 . Memory (MB): peak = 2562.793 ; gain = 0.000 ; free physical = 3155 ; free virtual = 4052
Synthesis Optimization Complete : Time (s): cpu = 00:00:25 ; elapsed = 00:00:30 . Memory (MB): peak = 2562.793 ; gain = 39.945 ; free physical = 3155 ; free virtual = 4052
INFO: [Project 1-571] Translating synthesized netlist
Netlist sorting complete. Time (s): cpu = 00:00:00.01 ; elapsed = 00:00:00.01 . Memory (MB): peak = 2562.793 ; gain = 0.000 ; free physical = 3124 ; free virtual = 4045
INFO: [Project 1-570] Preparing netlist for logic optimization
INFO: [Opt 31-138] Pushed 0 inverter(s) to 0 load pin(s).
Netlist sorting complete. Time (s): cpu = 00:00:00 ; elapsed = 00:00:00 . Memory (MB): peak = 2562.793 ; gain = 0.000 ; free physical = 3064 ; free virtual = 4043
INFO: [Project 1-111] Unisim Transformation Summary:
No Unisim elements were transformed.

Synth Design complete, checksum: 915811db
INFO: [Common 17-83] Releasing license: Synthesis
49 Infos, 0 Warnings, 0 Critical Warnings and 0 Errors encountered.
synth_design completed successfully
synth_design: Time (s): cpu = 00:00:35 ; elapsed = 00:00:34 . Memory (MB): peak = 2562.793 ; gain = 40.020 ; free physical = 3210 ; free virtual = 4191
INFO: [Common 17-1381] The checkpoint '/home/adrian/Desktop/AES256-HW-Accelerator/Vivado_projects/AES256_system/AES256_system.runs/AES256_system_design6_xbar_0_synth_1/AES256_system_design6_xbar_0.dcp' has been generated.
INFO: [Coretcl 2-1648] Added synthesis output to IP cache for IP AES256_system_design6_xbar_0, cache-ID = 20c6e78b293ba5f3
INFO: [Coretcl 2-1174] Renamed 7 cell refs.
INFO: [Common 17-1381] The checkpoint '/home/adrian/Desktop/AES256-HW-Accelerator/Vivado_projects/AES256_system/AES256_system.runs/AES256_system_design6_xbar_0_synth_1/AES256_system_design6_xbar_0.dcp' has been generated.
INFO: [runtcl-4] Executing : report_utilization -file AES256_system_design6_xbar_0_utilization_synth.rpt -pb AES256_system_design6_xbar_0_utilization_synth.pb
INFO: [Common 17-206] Exiting Vivado at Wed Jan 12 01:02:29 2022...
