INFO: [VRFC 10-2263] Analyzing Verilog file "C:/Users/RMartinez/Projects/RiscV/ProyectoAdrin/vivado/prueba1/prueba1.ip_user_files/bd/prueba_bd/ip/prueba_bd_processing_system7_0_0/sim/prueba_bd_processing_system7_0_0.v" into library xil_defaultlib
INFO: [VRFC 10-311] analyzing module prueba_bd_processing_system7_0_0
INFO: [VRFC 10-2263] Analyzing Verilog file "C:/Users/RMartinez/Projects/RiscV/ProyectoAdrin/vivado/prueba1/prueba1.ip_user_files/bd/prueba_bd/ip/prueba_bd_ila_0_0/sim/prueba_bd_ila_0_0.v" into library xil_defaultlib
INFO: [VRFC 10-311] analyzing module prueba_bd_ila_0_0
INFO: [VRFC 10-2263] Analyzing Verilog file "C:/Users/RMartinez/Projects/RiscV/ProyectoAdrin/vivado/prueba1/prueba1.ip_user_files/bd/prueba_bd/ip/prueba_bd_ila_1_0/sim/prueba_bd_ila_1_0.v" into library xil_defaultlib
INFO: [VRFC 10-311] analyzing module prueba_bd_ila_1_0
INFO: [VRFC 10-2263] Analyzing Verilog file "C:/Users/RMartinez/Projects/RiscV/ProyectoAdrin/vivado/prueba1/prueba1.ip_user_files/bd/prueba_bd/ip/prueba_bd_xbar_0/sim/prueba_bd_xbar_0.v" into library xil_defaultlib
INFO: [VRFC 10-311] analyzing module prueba_bd_xbar_0
INFO: [VRFC 10-2263] Analyzing Verilog file "C:/Users/RMartinez/Projects/RiscV/ProyectoAdrin/vivado/prueba1/prueba1.ip_user_files/bd/prueba_bd/ipshared/5a30/hdl/AES256_v2_v1_0_S00_AXI.v" into library xil_defaultlib
INFO: [VRFC 10-311] analyzing module AES256_v2_v1_0_S00_AXI
INFO: [VRFC 10-2263] Analyzing SystemVerilog file "C:/Users/RMartinez/Projects/RiscV/ProyectoAdrin/vivado/prueba1/prueba1.ip_user_files/bd/prueba_bd/ipshared/5a30/src/AES256_dec_FSM_AXI.sv" into library xil_defaultlib
INFO: [VRFC 10-311] analyzing module AES256_dec
INFO: [VRFC 10-2263] Analyzing SystemVerilog file "C:/Users/RMartinez/Projects/RiscV/ProyectoAdrin/vivado/prueba1/prueba1.ip_user_files/bd/prueba_bd/ipshared/5a30/src/AES256_device_FSM_AXI.sv" into library xil_defaultlib
INFO: [VRFC 10-311] analyzing module AES256_device
INFO: [VRFC 10-2263] Analyzing SystemVerilog file "C:/Users/RMartinez/Projects/RiscV/ProyectoAdrin/vivado/prueba1/prueba1.ip_user_files/bd/prueba_bd/ipshared/5a30/src/AES256_enc_FSM_AXI.sv" into library xil_defaultlib
WARNING: [VRFC 10-3507] macro 'AES_ROUNDS' redefined [C:/Users/RMartinez/Projects/RiscV/ProyectoAdrin/vivado/prueba1/prueba1.ip_user_files/bd/prueba_bd/ipshared/5a30/src/AES256_enc_FSM_AXI.sv:19]
INFO: [VRFC 10-311] analyzing module AES256_enc
INFO: [VRFC 10-2263] Analyzing SystemVerilog file "C:/Users/RMartinez/Projects/RiscV/ProyectoAdrin/vivado/prueba1/prueba1.ip_user_files/bd/prueba_bd/ipshared/5a30/src/AES256_keygen_FSM_AXI.sv" into library xil_defaultlib
INFO: [VRFC 10-311] analyzing module AES256_keygen
INFO: [VRFC 10-2263] Analyzing SystemVerilog file "C:/Users/RMartinez/Projects/RiscV/ProyectoAdrin/vivado/prueba1/prueba1.ip_user_files/bd/prueba_bd/ipshared/5a30/src/fifo_128_32.sv" into library xil_defaultlib
WARNING: [VRFC 10-3507] macro 'FIFO_SZ' redefined [C:/Users/RMartinez/Projects/RiscV/ProyectoAdrin/vivado/prueba1/prueba1.ip_user_files/bd/prueba_bd/ipshared/5a30/src/fifo_128_32.sv:1]
INFO: [VRFC 10-311] analyzing module fifo_128_32
INFO: [VRFC 10-2263] Analyzing SystemVerilog file "C:/Users/RMartinez/Projects/RiscV/ProyectoAdrin/vivado/prueba1/prueba1.ip_user_files/bd/prueba_bd/ipshared/5a30/src/mod_dec_addRoundKey.sv" into library xil_defaultlib
INFO: [VRFC 10-311] analyzing module mod_dec_addRoundKey
INFO: [VRFC 10-2263] Analyzing SystemVerilog file "C:/Users/RMartinez/Projects/RiscV/ProyectoAdrin/vivado/prueba1/prueba1.ip_user_files/bd/prueba_bd/ipshared/5a30/src/mod_dec_mixColumns.sv" into library xil_defaultlib
INFO: [VRFC 10-311] analyzing module mod_dec_mixColumns
INFO: [VRFC 10-2263] Analyzing SystemVerilog file "C:/Users/RMartinez/Projects/RiscV/ProyectoAdrin/vivado/prueba1/prueba1.ip_user_files/bd/prueba_bd/ipshared/5a30/src/mod_dec_rom256.sv" into library xil_defaultlib
INFO: [VRFC 10-311] analyzing module mod_dec_rom256
INFO: [VRFC 10-2263] Analyzing SystemVerilog file "C:/Users/RMartinez/Projects/RiscV/ProyectoAdrin/vivado/prueba1/prueba1.ip_user_files/bd/prueba_bd/ipshared/5a30/src/mod_dec_shifter.sv" into library xil_defaultlib
INFO: [VRFC 10-311] analyzing module mod_dec_shifter
INFO: [VRFC 10-2263] Analyzing SystemVerilog file "C:/Users/RMartinez/Projects/RiscV/ProyectoAdrin/vivado/prueba1/prueba1.ip_user_files/bd/prueba_bd/ipshared/5a30/src/mod_enc_addRoundKey.sv" into library xil_defaultlib
INFO: [VRFC 10-311] analyzing module mod_enc_addRoundKey
INFO: [VRFC 10-2263] Analyzing SystemVerilog file "C:/Users/RMartinez/Projects/RiscV/ProyectoAdrin/vivado/prueba1/prueba1.ip_user_files/bd/prueba_bd/ipshared/5a30/src/mod_enc_mixColumns.sv" into library xil_defaultlib
INFO: [VRFC 10-311] analyzing module mod_enc_mixColumns
INFO: [VRFC 10-2263] Analyzing SystemVerilog file "C:/Users/RMartinez/Projects/RiscV/ProyectoAdrin/vivado/prueba1/prueba1.ip_user_files/bd/prueba_bd/ipshared/5a30/src/mod_enc_rom256.sv" into library xil_defaultlib
INFO: [VRFC 10-311] analyzing module mod_enc_rom256
INFO: [VRFC 10-2263] Analyzing SystemVerilog file "C:/Users/RMartinez/Projects/RiscV/ProyectoAdrin/vivado/prueba1/prueba1.ip_user_files/bd/prueba_bd/ipshared/5a30/src/mod_enc_shifter.sv" into library xil_defaultlib
INFO: [VRFC 10-311] analyzing module mod_enc_shifter
INFO: [VRFC 10-2263] Analyzing SystemVerilog file "C:/Users/RMartinez/Projects/RiscV/ProyectoAdrin/vivado/prueba1/prueba1.ip_user_files/bd/prueba_bd/ipshared/5a30/src/mod_fifo_1to4.sv" into library xil_defaultlib
INFO: [VRFC 10-311] analyzing module mod_fifo_1to4
INFO: [VRFC 10-2263] Analyzing SystemVerilog file "C:/Users/RMartinez/Projects/RiscV/ProyectoAdrin/vivado/prueba1/prueba1.ip_user_files/bd/prueba_bd/ipshared/5a30/src/mod_kg_rotWord.sv" into library xil_defaultlib
INFO: [VRFC 10-311] analyzing module mod_kg_rotWord
INFO: [VRFC 10-2263] Analyzing SystemVerilog file "C:/Users/RMartinez/Projects/RiscV/ProyectoAdrin/vivado/prueba1/prueba1.ip_user_files/bd/prueba_bd/ipshared/5a30/src/mod_kg_subWord.sv" into library xil_defaultlib
INFO: [VRFC 10-311] analyzing module mod_kg_subWord
INFO: [VRFC 10-2263] Analyzing SystemVerilog file "C:/Users/RMartinez/Projects/RiscV/ProyectoAdrin/vivado/prueba1/prueba1.ip_user_files/bd/prueba_bd/ipshared/5a30/src/mod_mux_2to1.sv" into library xil_defaultlib
INFO: [VRFC 10-311] analyzing module mod_mux_2to1
INFO: [VRFC 10-2263] Analyzing SystemVerilog file "C:/Users/RMartinez/Projects/RiscV/ProyectoAdrin/vivado/prueba1/prueba1.ip_user_files/bd/prueba_bd/ipshared/5a30/src/mod_reg16.sv" into library xil_defaultlib
INFO: [VRFC 10-311] analyzing module mod_reg16
INFO: [VRFC 10-2263] Analyzing SystemVerilog file "C:/Users/RMartinez/Projects/RiscV/ProyectoAdrin/vivado/prueba1/prueba1.ip_user_files/bd/prueba_bd/ipshared/5a30/src/mod_reg16_16to1.sv" into library xil_defaultlib
INFO: [VRFC 10-311] analyzing module mod_reg16_16to1
INFO: [VRFC 10-2263] Analyzing SystemVerilog file "C:/Users/RMartinez/Projects/RiscV/ProyectoAdrin/vivado/prueba1/prueba1.ip_user_files/bd/prueba_bd/ipshared/5a30/src/mod_reg16_1to16.sv" into library xil_defaultlib
INFO: [VRFC 10-311] analyzing module mod_reg16_1to16
INFO: [VRFC 10-2263] Analyzing SystemVerilog file "C:/Users/RMartinez/Projects/RiscV/ProyectoAdrin/vivado/prueba1/prueba1.ip_user_files/bd/prueba_bd/ipshared/5a30/src/mod_romKey.sv" into library xil_defaultlib
INFO: [VRFC 10-311] analyzing module mod_romKey
INFO: [VRFC 10-2263] Analyzing Verilog file "C:/Users/RMartinez/Projects/RiscV/ProyectoAdrin/vivado/prueba1/prueba1.ip_user_files/bd/prueba_bd/ipshared/5a30/hdl/AES256_v2_v1_0.v" into library xil_defaultlib
INFO: [VRFC 10-311] analyzing module AES256_v2_v1_0
INFO: [VRFC 10-2263] Analyzing Verilog file "C:/Users/RMartinez/Projects/RiscV/ProyectoAdrin/vivado/prueba1/prueba1.ip_user_files/bd/prueba_bd/ip/prueba_bd_AES256_v2_0_1/sim/prueba_bd_AES256_v2_0_1.v" into library xil_defaultlib
INFO: [VRFC 10-311] analyzing module prueba_bd_AES256_v2_0_1
INFO: [VRFC 10-2263] Analyzing Verilog file "C:/Users/RMartinez/Projects/RiscV/ProyectoAdrin/vivado/prueba1/prueba1.ip_user_files/bd/prueba_bd/ip/prueba_bd_auto_pc_0/sim/prueba_bd_auto_pc_0.v" into library xil_defaultlib
INFO: [VRFC 10-311] analyzing module prueba_bd_auto_pc_0
INFO: [VRFC 10-2263] Analyzing Verilog file "C:/Users/RMartinez/Projects/RiscV/ProyectoAdrin/vivado/prueba1/prueba1.ip_user_files/bd/prueba_bd/sim/prueba_bd.v" into library xil_defaultlib
INFO: [VRFC 10-311] analyzing module m00_couplers_imp_UZK04K
INFO: [VRFC 10-311] analyzing module m01_couplers_imp_1F4XERG
INFO: [VRFC 10-311] analyzing module prueba_bd
INFO: [VRFC 10-311] analyzing module prueba_bd_ps7_0_axi_periph_0
INFO: [VRFC 10-311] analyzing module s00_couplers_imp_1WOF3EG
INFO: [VRFC 10-2263] Analyzing Verilog file "C:/Users/RMartinez/Projects/RiscV/ProyectoAdrin/vivado/prueba1/prueba1.srcs/sources_1/bd/prueba_bd/hdl/prueba_bd_wrapper.v" into library xil_defaultlib
INFO: [VRFC 10-311] analyzing module prueba_bd_wrapper
