Vivado Simulator 2020.1
Copyright 1986-1999, 2001-2020 Xilinx, Inc. All Rights Reserved.
Running: D:/Vivado/2020.1/bin/unwrapped/win64.o/xelab.exe -wto df29c2f6e2044f84bbf85ac3a1f043ef --incr --debug typical --relax --mt 2 -L xil_defaultlib -L xilinx_vip -L unisims_ver -L secureip --snapshot prueba_bd_wrapper_func_impl xil_defaultlib.prueba_bd_wrapper xil_defaultlib.glbl -log elaborate.log 
Using 2 slave threads.
Starting static elaboration
Pass Through NonSizing Optimizer
Completed static elaboration
Starting simulation data flow analysis
Completed simulation data flow analysis
Time Resolution for simulation is 1ps
Compiling module unisims_ver.PULLUP
Compiling module unisims_ver.x_lut2_mux4
Compiling module unisims_ver.LUT2
Compiling module unisims_ver.FDRE_default
Compiling module unisims_ver.x_lut1_mux2
Compiling module unisims_ver.LUT1
Compiling module xil_defaultlib.xsdbm_v3_0_0_ctl_reg
Compiling module unisims_ver.LUT4
Compiling module unisims_ver.x_lut3_mux8
Compiling module unisims_ver.LUT3
Compiling module xil_defaultlib.xsdbm_v3_0_0_stat_reg
Compiling module xil_defaultlib.xsdbm_v3_0_0_stat_reg_0
Compiling module unisims_ver.LUT6
Compiling module unisims_ver.LUT5
Compiling module xil_defaultlib.xsdbm_v3_0_0_ctl_reg__parameteri...
Compiling module xil_defaultlib.xsdbm_v3_0_0_ctl_reg__parameteri...
Compiling module unisims_ver.GND
Compiling module unisims_ver.VCC
Compiling module unisims_ver.FDCE_default
Compiling module xil_defaultlib.synchronizer_ff__parameterized0_...
Compiling module xil_defaultlib.synchronizer_ff__parameterized0_...
Compiling module xil_defaultlib.synchronizer_ff__parameterized0_...
Compiling module xil_defaultlib.synchronizer_ff__parameterized0_...
Compiling module xil_defaultlib.clk_x_pntrs_8
Compiling module unisims_ver.FDPE_default
Compiling module xil_defaultlib.rd_fwft
Compiling module xil_defaultlib.rd_status_flags_as_18
Compiling module xil_defaultlib.rd_handshaking_flags__parameteri...
Compiling module xil_defaultlib.rd_bin_cntr_19
Compiling module xil_defaultlib.rd_logic__parameterized0
Compiling module xil_defaultlib.wr_status_flags_as_15
Compiling module xil_defaultlib.wr_handshaking_flags_16
Compiling module xil_defaultlib.wr_bin_cntr_17
Compiling module xil_defaultlib.wr_logic__parameterized0
Compiling module unisims_ver.RAM32M
Compiling module xil_defaultlib.dmem_14
Compiling module xil_defaultlib.memory__parameterized0
Compiling module xil_defaultlib.synchronizer_ff_10
Compiling module xil_defaultlib.synchronizer_ff_11
Compiling module xil_defaultlib.synchronizer_ff_12
Compiling module xil_defaultlib.synchronizer_ff_13
Compiling module unisims_ver.FDPE(INIT=1'b0)
Compiling module xil_defaultlib.reset_blk_ramfifo_9
Compiling module xil_defaultlib.fifo_generator_ramfifo__paramete...
Compiling module xil_defaultlib.fifo_generator_top__parameterize...
Compiling module xil_defaultlib.fifo_generator_v13_1_4_synth__pa...
Compiling module xil_defaultlib.fifo_generator_v13_1_4__paramete...
Compiling module xil_defaultlib.xsdbm_v3_0_0_rdfifo
Compiling module xil_defaultlib.xsdbm_v3_0_0_rdreg
Compiling module xil_defaultlib.synchronizer_ff__parameterized0
Compiling module xil_defaultlib.synchronizer_ff__parameterized0_...
Compiling module xil_defaultlib.synchronizer_ff__parameterized0_...
Compiling module xil_defaultlib.synchronizer_ff__parameterized0_...
Compiling module xil_defaultlib.clk_x_pntrs
Compiling module xil_defaultlib.rd_status_flags_as
Compiling module xil_defaultlib.rd_handshaking_flags
Compiling module xil_defaultlib.rd_bin_cntr
Compiling module xil_defaultlib.rd_logic
Compiling module xil_defaultlib.wr_status_flags_as
Compiling module xil_defaultlib.wr_handshaking_flags
Compiling module xil_defaultlib.wr_bin_cntr
Compiling module xil_defaultlib.wr_logic
Compiling module xil_defaultlib.dmem
Compiling module xil_defaultlib.memory
Compiling module xil_defaultlib.synchronizer_ff
Compiling module xil_defaultlib.synchronizer_ff_2
Compiling module xil_defaultlib.synchronizer_ff_3
Compiling module xil_defaultlib.synchronizer_ff_4
Compiling module xil_defaultlib.reset_blk_ramfifo
Compiling module xil_defaultlib.fifo_generator_ramfifo
Compiling module xil_defaultlib.fifo_generator_top
Compiling module xil_defaultlib.fifo_generator_v13_1_4_synth
Compiling module xil_defaultlib.fifo_generator_v13_1_4
Compiling module xil_defaultlib.xsdbm_v3_0_0_wrfifo
Compiling module xil_defaultlib.xsdbm_v3_0_0_wrreg
Compiling module xil_defaultlib.xsdbm_v3_0_0_ctl_reg_1
Compiling module xil_defaultlib.xsdbm_v3_0_0_stat_reg__parameter...
Compiling module xil_defaultlib.xsdbm_v3_0_0_if_static_status
Compiling module xil_defaultlib.xsdbm_v3_0_0_if
Compiling module unisims_ver.CARRY4
Compiling module xil_defaultlib.xsdbm_v3_0_0_addr_ctl
Compiling module xil_defaultlib.xsdbm_v3_0_0_burst_wdlen_ctl
Compiling module xil_defaultlib.xsdbm_v3_0_0_bus_ctl_flg__parame...
Compiling module xil_defaultlib.xsdbm_v3_0_0_bus_ctl_flg
Compiling module xil_defaultlib.xsdbm_v3_0_0_bus_ctl_cnt
Compiling module xil_defaultlib.xsdbm_v3_0_0_bus_ctl
Compiling module xil_defaultlib.ltlib_v1_0_0_generic_mux
Compiling module xil_defaultlib.xsdbm_v3_0_0_bus_mstr2sl_if
Compiling module xil_defaultlib.xsdbm_v3_0_0_icon2xsdb
Compiling module xil_defaultlib.xsdbm_v3_0_0_cmd_decode
Compiling module xil_defaultlib.xsdbm_v3_0_0_stat
Compiling module xil_defaultlib.xsdbm_v3_0_0_sync
Compiling module xil_defaultlib.xsdbm_v3_0_0_icon
Compiling module unisims_ver.BSCANE2
Compiling module xil_defaultlib.ltlib_v1_0_0_bscan
Compiling module unisims_ver.FDSE_default
Compiling module xil_defaultlib.xsdbm_v3_0_0_bscan_switch
Compiling module unisims_ver.BUFG
Compiling module xil_defaultlib.xsdbm_v3_0_0_xsdbm_id
Compiling module xil_defaultlib.xsdbm_v3_0_0_xsdbm
Compiling module xil_defaultlib.dbg_hub
Compiling module xil_defaultlib.prueba_bd_AES256_v2_0_1_mod_fifo...
Compiling module xil_defaultlib.prueba_bd_AES256_v2_0_1_AES256_d...
Compiling module xil_defaultlib.prueba_bd_AES256_v2_0_1_AES256_e...
Compiling module unisims_ver.latchsre_ldce
Compiling module unisims_ver.LDCE
Compiling module xil_defaultlib.prueba_bd_AES256_v2_0_1_AES256_k...
Compiling module xil_defaultlib.prueba_bd_AES256_v2_0_1_AES256_d...
Compiling module xil_defaultlib.prueba_bd_AES256_v2_0_1_AES256_v...
Compiling module xil_defaultlib.prueba_bd_AES256_v2_0_1_AES256_v...
Compiling module xil_defaultlib.prueba_bd_AES256_v2_0_1
Compiling module unisims_ver.RAM64M
Compiling module unisims_ver.RB36_INTERNAL_VLOG(DOA_REG=1,DOB...
Compiling module unisims_ver.RAMB36E1(DOA_REG=1,DOB_REG=1,REA...
Compiling module xil_defaultlib.prueba_bd_ila_0_0_blk_mem_gen_v8...
Compiling module unisims_ver.SRL16E_default
Compiling module unisims_ver.SRLC32E_default
Compiling module unisims_ver.SRLC16E_default
Compiling module unisims_ver.CFGLUT5_default
Compiling module unisims_ver.MUXF7
Compiling module unisims_ver.MUXF8
Compiling module xil_defaultlib.prueba_bd_ila_0_0_ila_v6_2_11_il...
Compiling module xil_defaultlib.prueba_bd_ila_0_0
Compiling module xil_defaultlib.prueba_bd_ila_1_0_ila_v6_2_11_il...
Compiling module xil_defaultlib.prueba_bd_ila_1_0
Compiling module unisims_ver.BIBUF
Compiling module unisims_ver.PS7
Compiling module xil_defaultlib.prueba_bd_processing_system7_0_0...
Compiling module xil_defaultlib.prueba_bd_processing_system7_0_0
Compiling module xil_defaultlib.prueba_bd_auto_pc_0__axi_protoco...
Compiling module xil_defaultlib.prueba_bd_auto_pc_0__axi_protoco...
Compiling module xil_defaultlib.prueba_bd_auto_pc_0__axi_protoco...
Compiling module xil_defaultlib.prueba_bd_auto_pc_0__axi_protoco...
Compiling module xil_defaultlib.prueba_bd_auto_pc_0__axi_protoco...
Compiling module xil_defaultlib.prueba_bd_auto_pc_0__axi_protoco...
Compiling module xil_defaultlib.prueba_bd_auto_pc_0__axi_protoco...
Compiling module xil_defaultlib.prueba_bd_auto_pc_0__axi_protoco...
Compiling module xil_defaultlib.prueba_bd_auto_pc_0__axi_registe...
Compiling module xil_defaultlib.prueba_bd_auto_pc_0__axi_registe...
Compiling module xil_defaultlib.prueba_bd_auto_pc_0__axi_registe...
Compiling module xil_defaultlib.prueba_bd_auto_pc_0__axi_registe...
Compiling module xil_defaultlib.prueba_bd_auto_pc_0__axi_registe...
Compiling module xil_defaultlib.prueba_bd_auto_pc_0__axi_protoco...
Compiling module xil_defaultlib.prueba_bd_auto_pc_0__axi_protoco...
Compiling module xil_defaultlib.prueba_bd_auto_pc_0__axi_protoco...
Compiling module xil_defaultlib.prueba_bd_auto_pc_0__axi_protoco...
Compiling module xil_defaultlib.prueba_bd_auto_pc_0__axi_protoco...
Compiling module xil_defaultlib.prueba_bd_auto_pc_0__axi_protoco...
Compiling module xil_defaultlib.prueba_bd_auto_pc_0__axi_protoco...
Compiling module xil_defaultlib.prueba_bd_auto_pc_0__axi_protoco...
Compiling module xil_defaultlib.prueba_bd_auto_pc_0__axi_protoco...
Compiling module xil_defaultlib.prueba_bd_auto_pc_0__axi_protoco...
Compiling module xil_defaultlib.prueba_bd_auto_pc_0
Compiling module xil_defaultlib.s00_couplers_imp_1WOF3EG
Compiling module xil_defaultlib.prueba_bd_xbar_0_axi_crossbar_v2...
Compiling module xil_defaultlib.prueba_bd_xbar_0_axi_crossbar_v2...
Compiling module xil_defaultlib.prueba_bd_xbar_0_axi_register_sl...
Compiling module xil_defaultlib.prueba_bd_xbar_0_axi_crossbar_v2...
Compiling module xil_defaultlib.prueba_bd_xbar_0_axi_crossbar_v2...
Compiling module xil_defaultlib.prueba_bd_xbar_0_axi_crossbar_v2...
Compiling module xil_defaultlib.prueba_bd_xbar_0_axi_crossbar_v2...
Compiling module xil_defaultlib.prueba_bd_xbar_0
Compiling module xil_defaultlib.prueba_bd_ps7_0_axi_periph_0
Compiling module xil_defaultlib.prueba_bd_rst_ps7_0_50M_0_cdc_sy...
Compiling module xil_defaultlib.prueba_bd_rst_ps7_0_50M_0_cdc_sy...
Compiling module xil_defaultlib.prueba_bd_rst_ps7_0_50M_0_lpf
Compiling module xil_defaultlib.prueba_bd_rst_ps7_0_50M_0_upcnt_...
Compiling module unisims_ver.FDSE(INIT=1'b0)
Compiling module xil_defaultlib.prueba_bd_rst_ps7_0_50M_0_sequen...
Compiling module xil_defaultlib.prueba_bd_rst_ps7_0_50M_0_proc_s...
Compiling module xil_defaultlib.prueba_bd_rst_ps7_0_50M_0
Compiling module xil_defaultlib.prueba_bd
Compiling module xil_defaultlib.prueba_bd_wrapper
Built simulation snapshot prueba_bd_wrapper_func_impl
