INFO: [VRFC 10-2263] Analyzing Verilog file "C:/Users/RMartinez/Projects/RiscV/ProyectoAdrin/vivado/prueba1/prueba1.sim/sim_1/impl/func/xsim/prueba_bd_wrapper_func_impl.v" into library xil_defaultlib
INFO: [VRFC 10-311] analyzing module clk_x_pntrs
INFO: [VRFC 10-311] analyzing module clk_x_pntrs_8
INFO: [VRFC 10-311] analyzing module dbg_hub
INFO: [VRFC 10-311] analyzing module dmem
INFO: [VRFC 10-311] analyzing module dmem_14
INFO: [VRFC 10-311] analyzing module fifo_generator_ramfifo
INFO: [VRFC 10-311] analyzing module fifo_generator_ramfifo__parameterized0
INFO: [VRFC 10-311] analyzing module fifo_generator_top
INFO: [VRFC 10-311] analyzing module fifo_generator_top__parameterized0
INFO: [VRFC 10-311] analyzing module fifo_generator_v13_1_4
INFO: [VRFC 10-311] analyzing module fifo_generator_v13_1_4__parameterized0
INFO: [VRFC 10-311] analyzing module fifo_generator_v13_1_4_synth
INFO: [VRFC 10-311] analyzing module fifo_generator_v13_1_4_synth__parameterized0
INFO: [VRFC 10-311] analyzing module ltlib_v1_0_0_bscan
INFO: [VRFC 10-311] analyzing module ltlib_v1_0_0_generic_mux
INFO: [VRFC 10-311] analyzing module memory
INFO: [VRFC 10-311] analyzing module memory__parameterized0
INFO: [VRFC 10-311] analyzing module rd_bin_cntr
INFO: [VRFC 10-311] analyzing module rd_bin_cntr_19
INFO: [VRFC 10-311] analyzing module rd_fwft
INFO: [VRFC 10-311] analyzing module rd_handshaking_flags
INFO: [VRFC 10-311] analyzing module rd_handshaking_flags__parameterized0
INFO: [VRFC 10-311] analyzing module rd_logic
INFO: [VRFC 10-311] analyzing module rd_logic__parameterized0
INFO: [VRFC 10-311] analyzing module rd_status_flags_as
INFO: [VRFC 10-311] analyzing module rd_status_flags_as_18
INFO: [VRFC 10-311] analyzing module reset_blk_ramfifo
INFO: [VRFC 10-311] analyzing module reset_blk_ramfifo_9
INFO: [VRFC 10-311] analyzing module synchronizer_ff
INFO: [VRFC 10-311] analyzing module synchronizer_ff_10
INFO: [VRFC 10-311] analyzing module synchronizer_ff_11
INFO: [VRFC 10-311] analyzing module synchronizer_ff_12
INFO: [VRFC 10-311] analyzing module synchronizer_ff_13
INFO: [VRFC 10-311] analyzing module synchronizer_ff_2
INFO: [VRFC 10-311] analyzing module synchronizer_ff_3
INFO: [VRFC 10-311] analyzing module synchronizer_ff_4
INFO: [VRFC 10-311] analyzing module synchronizer_ff__parameterized0
INFO: [VRFC 10-311] analyzing module synchronizer_ff__parameterized0_20
INFO: [VRFC 10-311] analyzing module synchronizer_ff__parameterized0_21
INFO: [VRFC 10-311] analyzing module synchronizer_ff__parameterized0_22
INFO: [VRFC 10-311] analyzing module synchronizer_ff__parameterized0_23
INFO: [VRFC 10-311] analyzing module synchronizer_ff__parameterized0_5
INFO: [VRFC 10-311] analyzing module synchronizer_ff__parameterized0_6
INFO: [VRFC 10-311] analyzing module synchronizer_ff__parameterized0_7
INFO: [VRFC 10-311] analyzing module wr_bin_cntr
INFO: [VRFC 10-311] analyzing module wr_bin_cntr_17
INFO: [VRFC 10-311] analyzing module wr_handshaking_flags
INFO: [VRFC 10-311] analyzing module wr_handshaking_flags_16
INFO: [VRFC 10-311] analyzing module wr_logic
INFO: [VRFC 10-311] analyzing module wr_logic__parameterized0
INFO: [VRFC 10-311] analyzing module wr_status_flags_as
INFO: [VRFC 10-311] analyzing module wr_status_flags_as_15
INFO: [VRFC 10-311] analyzing module xsdbm_v3_0_0_addr_ctl
INFO: [VRFC 10-311] analyzing module xsdbm_v3_0_0_bscan_switch
INFO: [VRFC 10-311] analyzing module xsdbm_v3_0_0_burst_wdlen_ctl
INFO: [VRFC 10-311] analyzing module xsdbm_v3_0_0_bus_ctl
INFO: [VRFC 10-311] analyzing module xsdbm_v3_0_0_bus_ctl_cnt
INFO: [VRFC 10-311] analyzing module xsdbm_v3_0_0_bus_ctl_flg
INFO: [VRFC 10-311] analyzing module xsdbm_v3_0_0_bus_ctl_flg__parameterized0
INFO: [VRFC 10-311] analyzing module xsdbm_v3_0_0_bus_mstr2sl_if
INFO: [VRFC 10-311] analyzing module xsdbm_v3_0_0_cmd_decode
INFO: [VRFC 10-311] analyzing module xsdbm_v3_0_0_ctl_reg
INFO: [VRFC 10-311] analyzing module xsdbm_v3_0_0_ctl_reg_1
INFO: [VRFC 10-311] analyzing module xsdbm_v3_0_0_ctl_reg__parameterized0
INFO: [VRFC 10-311] analyzing module xsdbm_v3_0_0_ctl_reg__parameterized1
INFO: [VRFC 10-311] analyzing module xsdbm_v3_0_0_icon
INFO: [VRFC 10-311] analyzing module xsdbm_v3_0_0_icon2xsdb
INFO: [VRFC 10-311] analyzing module xsdbm_v3_0_0_if
INFO: [VRFC 10-311] analyzing module xsdbm_v3_0_0_if_static_status
INFO: [VRFC 10-311] analyzing module xsdbm_v3_0_0_rdfifo
INFO: [VRFC 10-311] analyzing module xsdbm_v3_0_0_rdreg
INFO: [VRFC 10-311] analyzing module xsdbm_v3_0_0_stat
INFO: [VRFC 10-311] analyzing module xsdbm_v3_0_0_stat_reg
INFO: [VRFC 10-311] analyzing module xsdbm_v3_0_0_stat_reg_0
INFO: [VRFC 10-311] analyzing module xsdbm_v3_0_0_stat_reg__parameterized0
INFO: [VRFC 10-311] analyzing module xsdbm_v3_0_0_sync
INFO: [VRFC 10-311] analyzing module xsdbm_v3_0_0_wrfifo
INFO: [VRFC 10-311] analyzing module xsdbm_v3_0_0_wrreg
INFO: [VRFC 10-311] analyzing module xsdbm_v3_0_0_xsdbm
INFO: [VRFC 10-311] analyzing module xsdbm_v3_0_0_xsdbm_id
INFO: [VRFC 10-311] analyzing module prueba_bd
INFO: [VRFC 10-311] analyzing module prueba_bd_AES256_v2_0_1
INFO: [VRFC 10-311] analyzing module prueba_bd_AES256_v2_0_1_AES256_dec
INFO: [VRFC 10-311] analyzing module prueba_bd_AES256_v2_0_1_AES256_device
INFO: [VRFC 10-311] analyzing module prueba_bd_AES256_v2_0_1_AES256_enc
INFO: [VRFC 10-311] analyzing module prueba_bd_AES256_v2_0_1_AES256_keygen
INFO: [VRFC 10-311] analyzing module prueba_bd_AES256_v2_0_1_AES256_v2_v1_0
INFO: [VRFC 10-311] analyzing module prueba_bd_AES256_v2_0_1_AES256_v2_v1_0_S00_AXI
INFO: [VRFC 10-311] analyzing module prueba_bd_AES256_v2_0_1_mod_fifo_1to4
INFO: [VRFC 10-311] analyzing module prueba_bd_auto_pc_0
INFO: [VRFC 10-311] analyzing module prueba_bd_auto_pc_0__axi_protocol_converter_v2_1_21_axi_protocol_converter
INFO: [VRFC 10-311] analyzing module prueba_bd_auto_pc_0__axi_protocol_converter_v2_1_21_b2s
INFO: [VRFC 10-311] analyzing module prueba_bd_auto_pc_0__axi_protocol_converter_v2_1_21_b2s_ar_channel
INFO: [VRFC 10-311] analyzing module prueba_bd_auto_pc_0__axi_protocol_converter_v2_1_21_b2s_aw_channel
INFO: [VRFC 10-311] analyzing module prueba_bd_auto_pc_0__axi_protocol_converter_v2_1_21_b2s_b_channel
INFO: [VRFC 10-311] analyzing module prueba_bd_auto_pc_0__axi_protocol_converter_v2_1_21_b2s_cmd_translator
INFO: [VRFC 10-311] analyzing module prueba_bd_auto_pc_0__axi_protocol_converter_v2_1_21_b2s_cmd_translator_1
INFO: [VRFC 10-311] analyzing module prueba_bd_auto_pc_0__axi_protocol_converter_v2_1_21_b2s_incr_cmd
INFO: [VRFC 10-311] analyzing module prueba_bd_auto_pc_0__axi_protocol_converter_v2_1_21_b2s_incr_cmd_2
INFO: [VRFC 10-311] analyzing module prueba_bd_auto_pc_0__axi_protocol_converter_v2_1_21_b2s_r_channel
INFO: [VRFC 10-311] analyzing module prueba_bd_auto_pc_0__axi_protocol_converter_v2_1_21_b2s_rd_cmd_fsm
INFO: [VRFC 10-311] analyzing module prueba_bd_auto_pc_0__axi_protocol_converter_v2_1_21_b2s_simple_fifo
INFO: [VRFC 10-311] analyzing module prueba_bd_auto_pc_0__axi_protocol_converter_v2_1_21_b2s_simple_fifo__parameterized0
INFO: [VRFC 10-311] analyzing module prueba_bd_auto_pc_0__axi_protocol_converter_v2_1_21_b2s_simple_fifo__parameterized1
INFO: [VRFC 10-311] analyzing module prueba_bd_auto_pc_0__axi_protocol_converter_v2_1_21_b2s_simple_fifo__parameterized2
INFO: [VRFC 10-311] analyzing module prueba_bd_auto_pc_0__axi_protocol_converter_v2_1_21_b2s_wr_cmd_fsm
INFO: [VRFC 10-311] analyzing module prueba_bd_auto_pc_0__axi_protocol_converter_v2_1_21_b2s_wrap_cmd
INFO: [VRFC 10-311] analyzing module prueba_bd_auto_pc_0__axi_protocol_converter_v2_1_21_b2s_wrap_cmd_3
INFO: [VRFC 10-311] analyzing module prueba_bd_auto_pc_0__axi_register_slice_v2_1_21_axi_register_slice
INFO: [VRFC 10-311] analyzing module prueba_bd_auto_pc_0__axi_register_slice_v2_1_21_axic_register_slice
INFO: [VRFC 10-311] analyzing module prueba_bd_auto_pc_0__axi_register_slice_v2_1_21_axic_register_slice_0
INFO: [VRFC 10-311] analyzing module prueba_bd_auto_pc_0__axi_register_slice_v2_1_21_axic_register_slice__parameterized1
INFO: [VRFC 10-311] analyzing module prueba_bd_auto_pc_0__axi_register_slice_v2_1_21_axic_register_slice__parameterized2
INFO: [VRFC 10-311] analyzing module prueba_bd_ila_0_0
INFO: [VRFC 10-311] analyzing module prueba_bd_ila_1_0
INFO: [VRFC 10-311] analyzing module prueba_bd_processing_system7_0_0
INFO: [VRFC 10-311] analyzing module prueba_bd_processing_system7_0_0_processing_system7_v5_5_processing_system7
INFO: [VRFC 10-311] analyzing module prueba_bd_ps7_0_axi_periph_0
INFO: [VRFC 10-311] analyzing module prueba_bd_rst_ps7_0_50M_0
INFO: [VRFC 10-311] analyzing module prueba_bd_rst_ps7_0_50M_0_cdc_sync
INFO: [VRFC 10-311] analyzing module prueba_bd_rst_ps7_0_50M_0_cdc_sync_0
INFO: [VRFC 10-311] analyzing module prueba_bd_rst_ps7_0_50M_0_lpf
INFO: [VRFC 10-311] analyzing module prueba_bd_rst_ps7_0_50M_0_proc_sys_reset
INFO: [VRFC 10-311] analyzing module prueba_bd_rst_ps7_0_50M_0_sequence_psr
INFO: [VRFC 10-311] analyzing module prueba_bd_rst_ps7_0_50M_0_upcnt_n
INFO: [VRFC 10-311] analyzing module prueba_bd_wrapper
INFO: [VRFC 10-311] analyzing module prueba_bd_xbar_0
INFO: [VRFC 10-311] analyzing module prueba_bd_xbar_0_axi_crossbar_v2_1_22_addr_arbiter_sasd
INFO: [VRFC 10-311] analyzing module prueba_bd_xbar_0_axi_crossbar_v2_1_22_axi_crossbar
INFO: [VRFC 10-311] analyzing module prueba_bd_xbar_0_axi_crossbar_v2_1_22_crossbar_sasd
INFO: [VRFC 10-311] analyzing module prueba_bd_xbar_0_axi_crossbar_v2_1_22_decerr_slave
INFO: [VRFC 10-311] analyzing module prueba_bd_xbar_0_axi_crossbar_v2_1_22_splitter
INFO: [VRFC 10-311] analyzing module prueba_bd_xbar_0_axi_crossbar_v2_1_22_splitter__parameterized0
INFO: [VRFC 10-311] analyzing module prueba_bd_xbar_0_axi_register_slice_v2_1_21_axic_register_slice
INFO: [VRFC 10-311] analyzing module s00_couplers_imp_1WOF3EG
INFO: [VRFC 10-311] analyzing module prueba_bd_ila_0_0_ila_v6_2_11_ila
INFO: [VRFC 10-311] analyzing module prueba_bd_ila_1_0_ila_v6_2_11_ila
INFO: [VRFC 10-311] analyzing module prueba_bd_ila_0_0_ila_v6_2_11_generic_counter
INFO: [VRFC 10-311] analyzing module prueba_bd_ila_0_0_ila_v6_2_11_generic_counter__1
INFO: [VRFC 10-311] analyzing module prueba_bd_ila_0_0_ila_v6_2_11_generic_counter__2
INFO: [VRFC 10-311] analyzing module prueba_bd_ila_0_0_ila_v6_2_11_generic_counter__3
INFO: [VRFC 10-311] analyzing module prueba_bd_ila_0_0_ila_v6_2_11_ila_adv_trigger_sequencer
INFO: [VRFC 10-311] analyzing module prueba_bd_ila_0_0_ila_v6_2_11_ila_cap_addrgen
INFO: [VRFC 10-311] analyzing module prueba_bd_ila_0_0_ila_v6_2_11_ila_cap_ctrl_legacy
INFO: [VRFC 10-311] analyzing module prueba_bd_ila_0_0_ila_v6_2_11_ila_cap_sample_counter
INFO: [VRFC 10-311] analyzing module prueba_bd_ila_0_0_ila_v6_2_11_ila_cap_window_counter
INFO: [VRFC 10-311] analyzing module prueba_bd_ila_0_0_ila_v6_2_11_ila_core
INFO: [VRFC 10-311] analyzing module prueba_bd_ila_0_0_ila_v6_2_11_ila_counter
INFO: [VRFC 10-311] analyzing module prueba_bd_ila_0_0_ila_v6_2_11_ila_fsm_memory_read
INFO: [VRFC 10-311] analyzing module prueba_bd_ila_0_0_ila_v6_2_11_ila_register
INFO: [VRFC 10-311] analyzing module prueba_bd_ila_0_0_ila_v6_2_11_ila_reset_ctrl
INFO: [VRFC 10-311] analyzing module prueba_bd_ila_0_0_ila_v6_2_11_ila_trace_memory
INFO: [VRFC 10-311] analyzing module prueba_bd_ila_0_0_ila_v6_2_11_ila_trig_match
INFO: [VRFC 10-311] analyzing module prueba_bd_ila_0_0_ila_v6_2_11_ila_trigger
INFO: [VRFC 10-311] analyzing module prueba_bd_ila_0_0_ltlib_v1_0_0_all_typeA
INFO: [VRFC 10-311] analyzing module prueba_bd_ila_0_0_ltlib_v1_0_0_all_typeA_188
INFO: [VRFC 10-311] analyzing module prueba_bd_ila_0_0_ltlib_v1_0_0_all_typeA_195
INFO: [VRFC 10-311] analyzing module prueba_bd_ila_0_0_ltlib_v1_0_0_all_typeA_202
INFO: [VRFC 10-311] analyzing module prueba_bd_ila_0_0_ltlib_v1_0_0_all_typeA_209
INFO: [VRFC 10-311] analyzing module prueba_bd_ila_0_0_ltlib_v1_0_0_all_typeA_216
INFO: [VRFC 10-311] analyzing module prueba_bd_ila_0_0_ltlib_v1_0_0_all_typeA_223
INFO: [VRFC 10-311] analyzing module prueba_bd_ila_0_0_ltlib_v1_0_0_all_typeA_230
INFO: [VRFC 10-311] analyzing module prueba_bd_ila_0_0_ltlib_v1_0_0_all_typeA_237
INFO: [VRFC 10-311] analyzing module prueba_bd_ila_0_0_ltlib_v1_0_0_all_typeA_244
INFO: [VRFC 10-311] analyzing module prueba_bd_ila_0_0_ltlib_v1_0_0_all_typeA_251
INFO: [VRFC 10-311] analyzing module prueba_bd_ila_0_0_ltlib_v1_0_0_all_typeA_258
INFO: [VRFC 10-311] analyzing module prueba_bd_ila_0_0_ltlib_v1_0_0_all_typeA_265
INFO: [VRFC 10-311] analyzing module prueba_bd_ila_0_0_ltlib_v1_0_0_all_typeA_272
INFO: [VRFC 10-311] analyzing module prueba_bd_ila_0_0_ltlib_v1_0_0_all_typeA_279
INFO: [VRFC 10-311] analyzing module prueba_bd_ila_0_0_ltlib_v1_0_0_all_typeA_286
INFO: [VRFC 10-311] analyzing module prueba_bd_ila_0_0_ltlib_v1_0_0_all_typeA_293
INFO: [VRFC 10-311] analyzing module prueba_bd_ila_0_0_ltlib_v1_0_0_all_typeA_300
INFO: [VRFC 10-311] analyzing module prueba_bd_ila_0_0_ltlib_v1_0_0_all_typeA_307
INFO: [VRFC 10-311] analyzing module prueba_bd_ila_0_0_ltlib_v1_0_0_all_typeA_314
INFO: [VRFC 10-311] analyzing module prueba_bd_ila_0_0_ltlib_v1_0_0_all_typeA_321
INFO: [VRFC 10-311] analyzing module prueba_bd_ila_0_0_ltlib_v1_0_0_all_typeA_328
INFO: [VRFC 10-311] analyzing module prueba_bd_ila_0_0_ltlib_v1_0_0_all_typeA_335
INFO: [VRFC 10-311] analyzing module prueba_bd_ila_0_0_ltlib_v1_0_0_all_typeA_342
INFO: [VRFC 10-311] analyzing module prueba_bd_ila_0_0_ltlib_v1_0_0_all_typeA_349
INFO: [VRFC 10-311] analyzing module prueba_bd_ila_0_0_ltlib_v1_0_0_all_typeA_356
INFO: [VRFC 10-311] analyzing module prueba_bd_ila_0_0_ltlib_v1_0_0_all_typeA_363
INFO: [VRFC 10-311] analyzing module prueba_bd_ila_0_0_ltlib_v1_0_0_all_typeA_370
INFO: [VRFC 10-311] analyzing module prueba_bd_ila_0_0_ltlib_v1_0_0_all_typeA_377
INFO: [VRFC 10-311] analyzing module prueba_bd_ila_0_0_ltlib_v1_0_0_all_typeA_384
INFO: [VRFC 10-311] analyzing module prueba_bd_ila_0_0_ltlib_v1_0_0_all_typeA_391
INFO: [VRFC 10-311] analyzing module prueba_bd_ila_0_0_ltlib_v1_0_0_all_typeA_398
INFO: [VRFC 10-311] analyzing module prueba_bd_ila_0_0_ltlib_v1_0_0_all_typeA_405
INFO: [VRFC 10-311] analyzing module prueba_bd_ila_0_0_ltlib_v1_0_0_all_typeA__parameterized0
INFO: [VRFC 10-311] analyzing module prueba_bd_ila_0_0_ltlib_v1_0_0_all_typeA__parameterized0_102
INFO: [VRFC 10-311] analyzing module prueba_bd_ila_0_0_ltlib_v1_0_0_all_typeA__parameterized0_105
INFO: [VRFC 10-311] analyzing module prueba_bd_ila_0_0_ltlib_v1_0_0_all_typeA__parameterized0_117
INFO: [VRFC 10-311] analyzing module prueba_bd_ila_0_0_ltlib_v1_0_0_all_typeA__parameterized0_120
INFO: [VRFC 10-311] analyzing module prueba_bd_ila_0_0_ltlib_v1_0_0_all_typeA__parameterized0_123
INFO: [VRFC 10-311] analyzing module prueba_bd_ila_0_0_ltlib_v1_0_0_all_typeA__parameterized0_126
INFO: [VRFC 10-311] analyzing module prueba_bd_ila_0_0_ltlib_v1_0_0_all_typeA__parameterized0_129
INFO: [VRFC 10-311] analyzing module prueba_bd_ila_0_0_ltlib_v1_0_0_all_typeA__parameterized0_132
INFO: [VRFC 10-311] analyzing module prueba_bd_ila_0_0_ltlib_v1_0_0_all_typeA__parameterized0_147
INFO: [VRFC 10-311] analyzing module prueba_bd_ila_0_0_ltlib_v1_0_0_all_typeA__parameterized0_150
INFO: [VRFC 10-311] analyzing module prueba_bd_ila_0_0_ltlib_v1_0_0_all_typeA__parameterized0_153
INFO: [VRFC 10-311] analyzing module prueba_bd_ila_0_0_ltlib_v1_0_0_all_typeA__parameterized0_156
INFO: [VRFC 10-311] analyzing module prueba_bd_ila_0_0_ltlib_v1_0_0_all_typeA__parameterized0_159
INFO: [VRFC 10-311] analyzing module prueba_bd_ila_0_0_ltlib_v1_0_0_all_typeA__parameterized0_162
INFO: [VRFC 10-311] analyzing module prueba_bd_ila_0_0_ltlib_v1_0_0_all_typeA__parameterized0_165
INFO: [VRFC 10-311] analyzing module prueba_bd_ila_0_0_ltlib_v1_0_0_all_typeA__parameterized0_168
INFO: [VRFC 10-311] analyzing module prueba_bd_ila_0_0_ltlib_v1_0_0_all_typeA__parameterized0_171
INFO: [VRFC 10-311] analyzing module prueba_bd_ila_0_0_ltlib_v1_0_0_all_typeA__parameterized0_174
INFO: [VRFC 10-311] analyzing module prueba_bd_ila_0_0_ltlib_v1_0_0_all_typeA__parameterized0_177
INFO: [VRFC 10-311] analyzing module prueba_bd_ila_0_0_ltlib_v1_0_0_all_typeA__parameterized0_180
INFO: [VRFC 10-311] analyzing module prueba_bd_ila_0_0_ltlib_v1_0_0_all_typeA__parameterized0_66
INFO: [VRFC 10-311] analyzing module prueba_bd_ila_0_0_ltlib_v1_0_0_all_typeA__parameterized0_69
INFO: [VRFC 10-311] analyzing module prueba_bd_ila_0_0_ltlib_v1_0_0_all_typeA__parameterized0_72
INFO: [VRFC 10-311] analyzing module prueba_bd_ila_0_0_ltlib_v1_0_0_all_typeA__parameterized0_74
INFO: [VRFC 10-311] analyzing module prueba_bd_ila_0_0_ltlib_v1_0_0_all_typeA__parameterized0_77
INFO: [VRFC 10-311] analyzing module prueba_bd_ila_0_0_ltlib_v1_0_0_all_typeA__parameterized0_79
INFO: [VRFC 10-311] analyzing module prueba_bd_ila_0_0_ltlib_v1_0_0_all_typeA__parameterized0_81
INFO: [VRFC 10-311] analyzing module prueba_bd_ila_0_0_ltlib_v1_0_0_all_typeA__parameterized0_84
INFO: [VRFC 10-311] analyzing module prueba_bd_ila_0_0_ltlib_v1_0_0_all_typeA__parameterized0_87
INFO: [VRFC 10-311] analyzing module prueba_bd_ila_0_0_ltlib_v1_0_0_all_typeA__parameterized0_90
INFO: [VRFC 10-311] analyzing module prueba_bd_ila_0_0_ltlib_v1_0_0_all_typeA__parameterized0_93
INFO: [VRFC 10-311] analyzing module prueba_bd_ila_0_0_ltlib_v1_0_0_all_typeA__parameterized0_96
INFO: [VRFC 10-311] analyzing module prueba_bd_ila_0_0_ltlib_v1_0_0_all_typeA__parameterized0_99
INFO: [VRFC 10-311] analyzing module prueba_bd_ila_0_0_ltlib_v1_0_0_all_typeA__parameterized1
INFO: [VRFC 10-311] analyzing module prueba_bd_ila_0_0_ltlib_v1_0_0_all_typeA__parameterized1_111
INFO: [VRFC 10-311] analyzing module prueba_bd_ila_0_0_ltlib_v1_0_0_all_typeA__parameterized1_135
INFO: [VRFC 10-311] analyzing module prueba_bd_ila_0_0_ltlib_v1_0_0_all_typeA__parameterized1_141
INFO: [VRFC 10-311] analyzing module prueba_bd_ila_0_0_ltlib_v1_0_0_all_typeA__parameterized2
INFO: [VRFC 10-311] analyzing module prueba_bd_ila_0_0_ltlib_v1_0_0_all_typeA__parameterized2_439
INFO: [VRFC 10-311] analyzing module prueba_bd_ila_0_0_ltlib_v1_0_0_all_typeA__parameterized2_447
INFO: [VRFC 10-311] analyzing module prueba_bd_ila_0_0_ltlib_v1_0_0_all_typeA_slice
INFO: [VRFC 10-311] analyzing module prueba_bd_ila_0_0_ltlib_v1_0_0_all_typeA_slice_107
INFO: [VRFC 10-311] analyzing module prueba_bd_ila_0_0_ltlib_v1_0_0_all_typeA_slice_108
INFO: [VRFC 10-311] analyzing module prueba_bd_ila_0_0_ltlib_v1_0_0_all_typeA_slice_112
INFO: [VRFC 10-311] analyzing module prueba_bd_ila_0_0_ltlib_v1_0_0_all_typeA_slice_113
INFO: [VRFC 10-311] analyzing module prueba_bd_ila_0_0_ltlib_v1_0_0_all_typeA_slice_114
INFO: [VRFC 10-311] analyzing module prueba_bd_ila_0_0_ltlib_v1_0_0_all_typeA_slice_136
INFO: [VRFC 10-311] analyzing module prueba_bd_ila_0_0_ltlib_v1_0_0_all_typeA_slice_137
INFO: [VRFC 10-311] analyzing module prueba_bd_ila_0_0_ltlib_v1_0_0_all_typeA_slice_138
INFO: [VRFC 10-311] analyzing module prueba_bd_ila_0_0_ltlib_v1_0_0_all_typeA_slice_142
INFO: [VRFC 10-311] analyzing module prueba_bd_ila_0_0_ltlib_v1_0_0_all_typeA_slice_143
INFO: [VRFC 10-311] analyzing module prueba_bd_ila_0_0_ltlib_v1_0_0_all_typeA_slice_144
INFO: [VRFC 10-311] analyzing module prueba_bd_ila_0_0_ltlib_v1_0_0_all_typeA_slice_182
INFO: [VRFC 10-311] analyzing module prueba_bd_ila_0_0_ltlib_v1_0_0_all_typeA_slice_183
INFO: [VRFC 10-311] analyzing module prueba_bd_ila_0_0_ltlib_v1_0_0_all_typeA_slice_184
INFO: [VRFC 10-311] analyzing module prueba_bd_ila_0_0_ltlib_v1_0_0_all_typeA_slice_185
INFO: [VRFC 10-311] analyzing module prueba_bd_ila_0_0_ltlib_v1_0_0_all_typeA_slice_189
INFO: [VRFC 10-311] analyzing module prueba_bd_ila_0_0_ltlib_v1_0_0_all_typeA_slice_190
INFO: [VRFC 10-311] analyzing module prueba_bd_ila_0_0_ltlib_v1_0_0_all_typeA_slice_191
INFO: [VRFC 10-311] analyzing module prueba_bd_ila_0_0_ltlib_v1_0_0_all_typeA_slice_192
INFO: [VRFC 10-311] analyzing module prueba_bd_ila_0_0_ltlib_v1_0_0_all_typeA_slice_196
INFO: [VRFC 10-311] analyzing module prueba_bd_ila_0_0_ltlib_v1_0_0_all_typeA_slice_197
INFO: [VRFC 10-311] analyzing module prueba_bd_ila_0_0_ltlib_v1_0_0_all_typeA_slice_198
INFO: [VRFC 10-311] analyzing module prueba_bd_ila_0_0_ltlib_v1_0_0_all_typeA_slice_199
INFO: [VRFC 10-311] analyzing module prueba_bd_ila_0_0_ltlib_v1_0_0_all_typeA_slice_203
INFO: [VRFC 10-311] analyzing module prueba_bd_ila_0_0_ltlib_v1_0_0_all_typeA_slice_204
INFO: [VRFC 10-311] analyzing module prueba_bd_ila_0_0_ltlib_v1_0_0_all_typeA_slice_205
INFO: [VRFC 10-311] analyzing module prueba_bd_ila_0_0_ltlib_v1_0_0_all_typeA_slice_206
INFO: [VRFC 10-311] analyzing module prueba_bd_ila_0_0_ltlib_v1_0_0_all_typeA_slice_210
INFO: [VRFC 10-311] analyzing module prueba_bd_ila_0_0_ltlib_v1_0_0_all_typeA_slice_211
INFO: [VRFC 10-311] analyzing module prueba_bd_ila_0_0_ltlib_v1_0_0_all_typeA_slice_212
INFO: [VRFC 10-311] analyzing module prueba_bd_ila_0_0_ltlib_v1_0_0_all_typeA_slice_213
INFO: [VRFC 10-311] analyzing module prueba_bd_ila_0_0_ltlib_v1_0_0_all_typeA_slice_217
INFO: [VRFC 10-311] analyzing module prueba_bd_ila_0_0_ltlib_v1_0_0_all_typeA_slice_218
INFO: [VRFC 10-311] analyzing module prueba_bd_ila_0_0_ltlib_v1_0_0_all_typeA_slice_219
INFO: [VRFC 10-311] analyzing module prueba_bd_ila_0_0_ltlib_v1_0_0_all_typeA_slice_220
INFO: [VRFC 10-311] analyzing module prueba_bd_ila_0_0_ltlib_v1_0_0_all_typeA_slice_224
INFO: [VRFC 10-311] analyzing module prueba_bd_ila_0_0_ltlib_v1_0_0_all_typeA_slice_225
INFO: [VRFC 10-311] analyzing module prueba_bd_ila_0_0_ltlib_v1_0_0_all_typeA_slice_226
INFO: [VRFC 10-311] analyzing module prueba_bd_ila_0_0_ltlib_v1_0_0_all_typeA_slice_227
INFO: [VRFC 10-311] analyzing module prueba_bd_ila_0_0_ltlib_v1_0_0_all_typeA_slice_231
INFO: [VRFC 10-311] analyzing module prueba_bd_ila_0_0_ltlib_v1_0_0_all_typeA_slice_232
INFO: [VRFC 10-311] analyzing module prueba_bd_ila_0_0_ltlib_v1_0_0_all_typeA_slice_233
INFO: [VRFC 10-311] analyzing module prueba_bd_ila_0_0_ltlib_v1_0_0_all_typeA_slice_234
INFO: [VRFC 10-311] analyzing module prueba_bd_ila_0_0_ltlib_v1_0_0_all_typeA_slice_238
INFO: [VRFC 10-311] analyzing module prueba_bd_ila_0_0_ltlib_v1_0_0_all_typeA_slice_239
INFO: [VRFC 10-311] analyzing module prueba_bd_ila_0_0_ltlib_v1_0_0_all_typeA_slice_240
INFO: [VRFC 10-311] analyzing module prueba_bd_ila_0_0_ltlib_v1_0_0_all_typeA_slice_241
INFO: [VRFC 10-311] analyzing module prueba_bd_ila_0_0_ltlib_v1_0_0_all_typeA_slice_245
INFO: [VRFC 10-311] analyzing module prueba_bd_ila_0_0_ltlib_v1_0_0_all_typeA_slice_246
INFO: [VRFC 10-311] analyzing module prueba_bd_ila_0_0_ltlib_v1_0_0_all_typeA_slice_247
INFO: [VRFC 10-311] analyzing module prueba_bd_ila_0_0_ltlib_v1_0_0_all_typeA_slice_248
INFO: [VRFC 10-311] analyzing module prueba_bd_ila_0_0_ltlib_v1_0_0_all_typeA_slice_252
INFO: [VRFC 10-311] analyzing module prueba_bd_ila_0_0_ltlib_v1_0_0_all_typeA_slice_253
INFO: [VRFC 10-311] analyzing module prueba_bd_ila_0_0_ltlib_v1_0_0_all_typeA_slice_254
INFO: [VRFC 10-311] analyzing module prueba_bd_ila_0_0_ltlib_v1_0_0_all_typeA_slice_255
INFO: [VRFC 10-311] analyzing module prueba_bd_ila_0_0_ltlib_v1_0_0_all_typeA_slice_259
INFO: [VRFC 10-311] analyzing module prueba_bd_ila_0_0_ltlib_v1_0_0_all_typeA_slice_260
INFO: [VRFC 10-311] analyzing module prueba_bd_ila_0_0_ltlib_v1_0_0_all_typeA_slice_261
INFO: [VRFC 10-311] analyzing module prueba_bd_ila_0_0_ltlib_v1_0_0_all_typeA_slice_262
INFO: [VRFC 10-311] analyzing module prueba_bd_ila_0_0_ltlib_v1_0_0_all_typeA_slice_266
INFO: [VRFC 10-311] analyzing module prueba_bd_ila_0_0_ltlib_v1_0_0_all_typeA_slice_267
INFO: [VRFC 10-311] analyzing module prueba_bd_ila_0_0_ltlib_v1_0_0_all_typeA_slice_268
INFO: [VRFC 10-311] analyzing module prueba_bd_ila_0_0_ltlib_v1_0_0_all_typeA_slice_269
INFO: [VRFC 10-311] analyzing module prueba_bd_ila_0_0_ltlib_v1_0_0_all_typeA_slice_273
INFO: [VRFC 10-311] analyzing module prueba_bd_ila_0_0_ltlib_v1_0_0_all_typeA_slice_274
INFO: [VRFC 10-311] analyzing module prueba_bd_ila_0_0_ltlib_v1_0_0_all_typeA_slice_275
INFO: [VRFC 10-311] analyzing module prueba_bd_ila_0_0_ltlib_v1_0_0_all_typeA_slice_276
INFO: [VRFC 10-311] analyzing module prueba_bd_ila_0_0_ltlib_v1_0_0_all_typeA_slice_280
INFO: [VRFC 10-311] analyzing module prueba_bd_ila_0_0_ltlib_v1_0_0_all_typeA_slice_281
INFO: [VRFC 10-311] analyzing module prueba_bd_ila_0_0_ltlib_v1_0_0_all_typeA_slice_282
INFO: [VRFC 10-311] analyzing module prueba_bd_ila_0_0_ltlib_v1_0_0_all_typeA_slice_283
INFO: [VRFC 10-311] analyzing module prueba_bd_ila_0_0_ltlib_v1_0_0_all_typeA_slice_287
INFO: [VRFC 10-311] analyzing module prueba_bd_ila_0_0_ltlib_v1_0_0_all_typeA_slice_288
INFO: [VRFC 10-311] analyzing module prueba_bd_ila_0_0_ltlib_v1_0_0_all_typeA_slice_289
INFO: [VRFC 10-311] analyzing module prueba_bd_ila_0_0_ltlib_v1_0_0_all_typeA_slice_290
INFO: [VRFC 10-311] analyzing module prueba_bd_ila_0_0_ltlib_v1_0_0_all_typeA_slice_294
INFO: [VRFC 10-311] analyzing module prueba_bd_ila_0_0_ltlib_v1_0_0_all_typeA_slice_295
INFO: [VRFC 10-311] analyzing module prueba_bd_ila_0_0_ltlib_v1_0_0_all_typeA_slice_296
INFO: [VRFC 10-311] analyzing module prueba_bd_ila_0_0_ltlib_v1_0_0_all_typeA_slice_297
INFO: [VRFC 10-311] analyzing module prueba_bd_ila_0_0_ltlib_v1_0_0_all_typeA_slice_301
INFO: [VRFC 10-311] analyzing module prueba_bd_ila_0_0_ltlib_v1_0_0_all_typeA_slice_302
INFO: [VRFC 10-311] analyzing module prueba_bd_ila_0_0_ltlib_v1_0_0_all_typeA_slice_303
INFO: [VRFC 10-311] analyzing module prueba_bd_ila_0_0_ltlib_v1_0_0_all_typeA_slice_304
INFO: [VRFC 10-311] analyzing module prueba_bd_ila_0_0_ltlib_v1_0_0_all_typeA_slice_308
INFO: [VRFC 10-311] analyzing module prueba_bd_ila_0_0_ltlib_v1_0_0_all_typeA_slice_309
INFO: [VRFC 10-311] analyzing module prueba_bd_ila_0_0_ltlib_v1_0_0_all_typeA_slice_310
INFO: [VRFC 10-311] analyzing module prueba_bd_ila_0_0_ltlib_v1_0_0_all_typeA_slice_311
INFO: [VRFC 10-311] analyzing module prueba_bd_ila_0_0_ltlib_v1_0_0_all_typeA_slice_315
INFO: [VRFC 10-311] analyzing module prueba_bd_ila_0_0_ltlib_v1_0_0_all_typeA_slice_316
INFO: [VRFC 10-311] analyzing module prueba_bd_ila_0_0_ltlib_v1_0_0_all_typeA_slice_317
INFO: [VRFC 10-311] analyzing module prueba_bd_ila_0_0_ltlib_v1_0_0_all_typeA_slice_318
INFO: [VRFC 10-311] analyzing module prueba_bd_ila_0_0_ltlib_v1_0_0_all_typeA_slice_322
INFO: [VRFC 10-311] analyzing module prueba_bd_ila_0_0_ltlib_v1_0_0_all_typeA_slice_323
INFO: [VRFC 10-311] analyzing module prueba_bd_ila_0_0_ltlib_v1_0_0_all_typeA_slice_324
INFO: [VRFC 10-311] analyzing module prueba_bd_ila_0_0_ltlib_v1_0_0_all_typeA_slice_325
INFO: [VRFC 10-311] analyzing module prueba_bd_ila_0_0_ltlib_v1_0_0_all_typeA_slice_329
INFO: [VRFC 10-311] analyzing module prueba_bd_ila_0_0_ltlib_v1_0_0_all_typeA_slice_330
INFO: [VRFC 10-311] analyzing module prueba_bd_ila_0_0_ltlib_v1_0_0_all_typeA_slice_331
INFO: [VRFC 10-311] analyzing module prueba_bd_ila_0_0_ltlib_v1_0_0_all_typeA_slice_332
INFO: [VRFC 10-311] analyzing module prueba_bd_ila_0_0_ltlib_v1_0_0_all_typeA_slice_336
INFO: [VRFC 10-311] analyzing module prueba_bd_ila_0_0_ltlib_v1_0_0_all_typeA_slice_337
INFO: [VRFC 10-311] analyzing module prueba_bd_ila_0_0_ltlib_v1_0_0_all_typeA_slice_338
INFO: [VRFC 10-311] analyzing module prueba_bd_ila_0_0_ltlib_v1_0_0_all_typeA_slice_339
INFO: [VRFC 10-311] analyzing module prueba_bd_ila_0_0_ltlib_v1_0_0_all_typeA_slice_343
INFO: [VRFC 10-311] analyzing module prueba_bd_ila_0_0_ltlib_v1_0_0_all_typeA_slice_344
INFO: [VRFC 10-311] analyzing module prueba_bd_ila_0_0_ltlib_v1_0_0_all_typeA_slice_345
INFO: [VRFC 10-311] analyzing module prueba_bd_ila_0_0_ltlib_v1_0_0_all_typeA_slice_346
INFO: [VRFC 10-311] analyzing module prueba_bd_ila_0_0_ltlib_v1_0_0_all_typeA_slice_350
INFO: [VRFC 10-311] analyzing module prueba_bd_ila_0_0_ltlib_v1_0_0_all_typeA_slice_351
INFO: [VRFC 10-311] analyzing module prueba_bd_ila_0_0_ltlib_v1_0_0_all_typeA_slice_352
INFO: [VRFC 10-311] analyzing module prueba_bd_ila_0_0_ltlib_v1_0_0_all_typeA_slice_353
INFO: [VRFC 10-311] analyzing module prueba_bd_ila_0_0_ltlib_v1_0_0_all_typeA_slice_357
INFO: [VRFC 10-311] analyzing module prueba_bd_ila_0_0_ltlib_v1_0_0_all_typeA_slice_358
INFO: [VRFC 10-311] analyzing module prueba_bd_ila_0_0_ltlib_v1_0_0_all_typeA_slice_359
INFO: [VRFC 10-311] analyzing module prueba_bd_ila_0_0_ltlib_v1_0_0_all_typeA_slice_360
INFO: [VRFC 10-311] analyzing module prueba_bd_ila_0_0_ltlib_v1_0_0_all_typeA_slice_364
INFO: [VRFC 10-311] analyzing module prueba_bd_ila_0_0_ltlib_v1_0_0_all_typeA_slice_365
INFO: [VRFC 10-311] analyzing module prueba_bd_ila_0_0_ltlib_v1_0_0_all_typeA_slice_366
INFO: [VRFC 10-311] analyzing module prueba_bd_ila_0_0_ltlib_v1_0_0_all_typeA_slice_367
INFO: [VRFC 10-311] analyzing module prueba_bd_ila_0_0_ltlib_v1_0_0_all_typeA_slice_371
INFO: [VRFC 10-311] analyzing module prueba_bd_ila_0_0_ltlib_v1_0_0_all_typeA_slice_372
INFO: [VRFC 10-311] analyzing module prueba_bd_ila_0_0_ltlib_v1_0_0_all_typeA_slice_373
INFO: [VRFC 10-311] analyzing module prueba_bd_ila_0_0_ltlib_v1_0_0_all_typeA_slice_374
INFO: [VRFC 10-311] analyzing module prueba_bd_ila_0_0_ltlib_v1_0_0_all_typeA_slice_378
INFO: [VRFC 10-311] analyzing module prueba_bd_ila_0_0_ltlib_v1_0_0_all_typeA_slice_379
INFO: [VRFC 10-311] analyzing module prueba_bd_ila_0_0_ltlib_v1_0_0_all_typeA_slice_380
INFO: [VRFC 10-311] analyzing module prueba_bd_ila_0_0_ltlib_v1_0_0_all_typeA_slice_381
INFO: [VRFC 10-311] analyzing module prueba_bd_ila_0_0_ltlib_v1_0_0_all_typeA_slice_385
INFO: [VRFC 10-311] analyzing module prueba_bd_ila_0_0_ltlib_v1_0_0_all_typeA_slice_386
INFO: [VRFC 10-311] analyzing module prueba_bd_ila_0_0_ltlib_v1_0_0_all_typeA_slice_387
INFO: [VRFC 10-311] analyzing module prueba_bd_ila_0_0_ltlib_v1_0_0_all_typeA_slice_388
INFO: [VRFC 10-311] analyzing module prueba_bd_ila_0_0_ltlib_v1_0_0_all_typeA_slice_392
INFO: [VRFC 10-311] analyzing module prueba_bd_ila_0_0_ltlib_v1_0_0_all_typeA_slice_393
INFO: [VRFC 10-311] analyzing module prueba_bd_ila_0_0_ltlib_v1_0_0_all_typeA_slice_394
INFO: [VRFC 10-311] analyzing module prueba_bd_ila_0_0_ltlib_v1_0_0_all_typeA_slice_395
INFO: [VRFC 10-311] analyzing module prueba_bd_ila_0_0_ltlib_v1_0_0_all_typeA_slice_399
INFO: [VRFC 10-311] analyzing module prueba_bd_ila_0_0_ltlib_v1_0_0_all_typeA_slice_400
INFO: [VRFC 10-311] analyzing module prueba_bd_ila_0_0_ltlib_v1_0_0_all_typeA_slice_401
INFO: [VRFC 10-311] analyzing module prueba_bd_ila_0_0_ltlib_v1_0_0_all_typeA_slice_402
INFO: [VRFC 10-311] analyzing module prueba_bd_ila_0_0_ltlib_v1_0_0_all_typeA_slice_406
INFO: [VRFC 10-311] analyzing module prueba_bd_ila_0_0_ltlib_v1_0_0_all_typeA_slice_407
INFO: [VRFC 10-311] analyzing module prueba_bd_ila_0_0_ltlib_v1_0_0_all_typeA_slice_408
INFO: [VRFC 10-311] analyzing module prueba_bd_ila_0_0_ltlib_v1_0_0_all_typeA_slice_409
INFO: [VRFC 10-311] analyzing module prueba_bd_ila_0_0_ltlib_v1_0_0_all_typeA_slice__parameterized0
INFO: [VRFC 10-311] analyzing module prueba_bd_ila_0_0_ltlib_v1_0_0_all_typeA_slice__parameterized0_100
INFO: [VRFC 10-311] analyzing module prueba_bd_ila_0_0_ltlib_v1_0_0_all_typeA_slice__parameterized0_103
INFO: [VRFC 10-311] analyzing module prueba_bd_ila_0_0_ltlib_v1_0_0_all_typeA_slice__parameterized0_106
INFO: [VRFC 10-311] analyzing module prueba_bd_ila_0_0_ltlib_v1_0_0_all_typeA_slice__parameterized0_109
INFO: [VRFC 10-311] analyzing module prueba_bd_ila_0_0_ltlib_v1_0_0_all_typeA_slice__parameterized0_115
INFO: [VRFC 10-311] analyzing module prueba_bd_ila_0_0_ltlib_v1_0_0_all_typeA_slice__parameterized0_118
INFO: [VRFC 10-311] analyzing module prueba_bd_ila_0_0_ltlib_v1_0_0_all_typeA_slice__parameterized0_121
INFO: [VRFC 10-311] analyzing module prueba_bd_ila_0_0_ltlib_v1_0_0_all_typeA_slice__parameterized0_124
INFO: [VRFC 10-311] analyzing module prueba_bd_ila_0_0_ltlib_v1_0_0_all_typeA_slice__parameterized0_127
INFO: [VRFC 10-311] analyzing module prueba_bd_ila_0_0_ltlib_v1_0_0_all_typeA_slice__parameterized0_130
INFO: [VRFC 10-311] analyzing module prueba_bd_ila_0_0_ltlib_v1_0_0_all_typeA_slice__parameterized0_133
INFO: [VRFC 10-311] analyzing module prueba_bd_ila_0_0_ltlib_v1_0_0_all_typeA_slice__parameterized0_139
INFO: [VRFC 10-311] analyzing module prueba_bd_ila_0_0_ltlib_v1_0_0_all_typeA_slice__parameterized0_145
INFO: [VRFC 10-311] analyzing module prueba_bd_ila_0_0_ltlib_v1_0_0_all_typeA_slice__parameterized0_148
INFO: [VRFC 10-311] analyzing module prueba_bd_ila_0_0_ltlib_v1_0_0_all_typeA_slice__parameterized0_151
INFO: [VRFC 10-311] analyzing module prueba_bd_ila_0_0_ltlib_v1_0_0_all_typeA_slice__parameterized0_154
INFO: [VRFC 10-311] analyzing module prueba_bd_ila_0_0_ltlib_v1_0_0_all_typeA_slice__parameterized0_157
INFO: [VRFC 10-311] analyzing module prueba_bd_ila_0_0_ltlib_v1_0_0_all_typeA_slice__parameterized0_160
INFO: [VRFC 10-311] analyzing module prueba_bd_ila_0_0_ltlib_v1_0_0_all_typeA_slice__parameterized0_163
INFO: [VRFC 10-311] analyzing module prueba_bd_ila_0_0_ltlib_v1_0_0_all_typeA_slice__parameterized0_166
INFO: [VRFC 10-311] analyzing module prueba_bd_ila_0_0_ltlib_v1_0_0_all_typeA_slice__parameterized0_169
INFO: [VRFC 10-311] analyzing module prueba_bd_ila_0_0_ltlib_v1_0_0_all_typeA_slice__parameterized0_172
INFO: [VRFC 10-311] analyzing module prueba_bd_ila_0_0_ltlib_v1_0_0_all_typeA_slice__parameterized0_175
INFO: [VRFC 10-311] analyzing module prueba_bd_ila_0_0_ltlib_v1_0_0_all_typeA_slice__parameterized0_178
INFO: [VRFC 10-311] analyzing module prueba_bd_ila_0_0_ltlib_v1_0_0_all_typeA_slice__parameterized0_181
INFO: [VRFC 10-311] analyzing module prueba_bd_ila_0_0_ltlib_v1_0_0_all_typeA_slice__parameterized0_186
INFO: [VRFC 10-311] analyzing module prueba_bd_ila_0_0_ltlib_v1_0_0_all_typeA_slice__parameterized0_193
INFO: [VRFC 10-311] analyzing module prueba_bd_ila_0_0_ltlib_v1_0_0_all_typeA_slice__parameterized0_200
INFO: [VRFC 10-311] analyzing module prueba_bd_ila_0_0_ltlib_v1_0_0_all_typeA_slice__parameterized0_207
INFO: [VRFC 10-311] analyzing module prueba_bd_ila_0_0_ltlib_v1_0_0_all_typeA_slice__parameterized0_214
INFO: [VRFC 10-311] analyzing module prueba_bd_ila_0_0_ltlib_v1_0_0_all_typeA_slice__parameterized0_221
INFO: [VRFC 10-311] analyzing module prueba_bd_ila_0_0_ltlib_v1_0_0_all_typeA_slice__parameterized0_228
INFO: [VRFC 10-311] analyzing module prueba_bd_ila_0_0_ltlib_v1_0_0_all_typeA_slice__parameterized0_235
INFO: [VRFC 10-311] analyzing module prueba_bd_ila_0_0_ltlib_v1_0_0_all_typeA_slice__parameterized0_242
INFO: [VRFC 10-311] analyzing module prueba_bd_ila_0_0_ltlib_v1_0_0_all_typeA_slice__parameterized0_249
INFO: [VRFC 10-311] analyzing module prueba_bd_ila_0_0_ltlib_v1_0_0_all_typeA_slice__parameterized0_256
INFO: [VRFC 10-311] analyzing module prueba_bd_ila_0_0_ltlib_v1_0_0_all_typeA_slice__parameterized0_263
INFO: [VRFC 10-311] analyzing module prueba_bd_ila_0_0_ltlib_v1_0_0_all_typeA_slice__parameterized0_270
INFO: [VRFC 10-311] analyzing module prueba_bd_ila_0_0_ltlib_v1_0_0_all_typeA_slice__parameterized0_277
INFO: [VRFC 10-311] analyzing module prueba_bd_ila_0_0_ltlib_v1_0_0_all_typeA_slice__parameterized0_284
INFO: [VRFC 10-311] analyzing module prueba_bd_ila_0_0_ltlib_v1_0_0_all_typeA_slice__parameterized0_291
INFO: [VRFC 10-311] analyzing module prueba_bd_ila_0_0_ltlib_v1_0_0_all_typeA_slice__parameterized0_298
INFO: [VRFC 10-311] analyzing module prueba_bd_ila_0_0_ltlib_v1_0_0_all_typeA_slice__parameterized0_305
INFO: [VRFC 10-311] analyzing module prueba_bd_ila_0_0_ltlib_v1_0_0_all_typeA_slice__parameterized0_312
INFO: [VRFC 10-311] analyzing module prueba_bd_ila_0_0_ltlib_v1_0_0_all_typeA_slice__parameterized0_319
INFO: [VRFC 10-311] analyzing module prueba_bd_ila_0_0_ltlib_v1_0_0_all_typeA_slice__parameterized0_326
INFO: [VRFC 10-311] analyzing module prueba_bd_ila_0_0_ltlib_v1_0_0_all_typeA_slice__parameterized0_333
INFO: [VRFC 10-311] analyzing module prueba_bd_ila_0_0_ltlib_v1_0_0_all_typeA_slice__parameterized0_340
INFO: [VRFC 10-311] analyzing module prueba_bd_ila_0_0_ltlib_v1_0_0_all_typeA_slice__parameterized0_347
INFO: [VRFC 10-311] analyzing module prueba_bd_ila_0_0_ltlib_v1_0_0_all_typeA_slice__parameterized0_354
INFO: [VRFC 10-311] analyzing module prueba_bd_ila_0_0_ltlib_v1_0_0_all_typeA_slice__parameterized0_361
INFO: [VRFC 10-311] analyzing module prueba_bd_ila_0_0_ltlib_v1_0_0_all_typeA_slice__parameterized0_368
INFO: [VRFC 10-311] analyzing module prueba_bd_ila_0_0_ltlib_v1_0_0_all_typeA_slice__parameterized0_375
INFO: [VRFC 10-311] analyzing module prueba_bd_ila_0_0_ltlib_v1_0_0_all_typeA_slice__parameterized0_382
INFO: [VRFC 10-311] analyzing module prueba_bd_ila_0_0_ltlib_v1_0_0_all_typeA_slice__parameterized0_389
INFO: [VRFC 10-311] analyzing module prueba_bd_ila_0_0_ltlib_v1_0_0_all_typeA_slice__parameterized0_396
INFO: [VRFC 10-311] analyzing module prueba_bd_ila_0_0_ltlib_v1_0_0_all_typeA_slice__parameterized0_403
INFO: [VRFC 10-311] analyzing module prueba_bd_ila_0_0_ltlib_v1_0_0_all_typeA_slice__parameterized0_410
INFO: [VRFC 10-311] analyzing module prueba_bd_ila_0_0_ltlib_v1_0_0_all_typeA_slice__parameterized0_67
INFO: [VRFC 10-311] analyzing module prueba_bd_ila_0_0_ltlib_v1_0_0_all_typeA_slice__parameterized0_70
INFO: [VRFC 10-311] analyzing module prueba_bd_ila_0_0_ltlib_v1_0_0_all_typeA_slice__parameterized0_73
INFO: [VRFC 10-311] analyzing module prueba_bd_ila_0_0_ltlib_v1_0_0_all_typeA_slice__parameterized0_75
INFO: [VRFC 10-311] analyzing module prueba_bd_ila_0_0_ltlib_v1_0_0_all_typeA_slice__parameterized0_78
INFO: [VRFC 10-311] analyzing module prueba_bd_ila_0_0_ltlib_v1_0_0_all_typeA_slice__parameterized0_80
INFO: [VRFC 10-311] analyzing module prueba_bd_ila_0_0_ltlib_v1_0_0_all_typeA_slice__parameterized0_82
INFO: [VRFC 10-311] analyzing module prueba_bd_ila_0_0_ltlib_v1_0_0_all_typeA_slice__parameterized0_85
INFO: [VRFC 10-311] analyzing module prueba_bd_ila_0_0_ltlib_v1_0_0_all_typeA_slice__parameterized0_88
INFO: [VRFC 10-311] analyzing module prueba_bd_ila_0_0_ltlib_v1_0_0_all_typeA_slice__parameterized0_91
INFO: [VRFC 10-311] analyzing module prueba_bd_ila_0_0_ltlib_v1_0_0_all_typeA_slice__parameterized0_94
INFO: [VRFC 10-311] analyzing module prueba_bd_ila_0_0_ltlib_v1_0_0_all_typeA_slice__parameterized0_97
INFO: [VRFC 10-311] analyzing module prueba_bd_ila_0_0_ltlib_v1_0_0_all_typeA_slice__parameterized1
INFO: [VRFC 10-311] analyzing module prueba_bd_ila_0_0_ltlib_v1_0_0_all_typeA_slice__parameterized1_440
INFO: [VRFC 10-311] analyzing module prueba_bd_ila_0_0_ltlib_v1_0_0_all_typeA_slice__parameterized1_448
INFO: [VRFC 10-311] analyzing module prueba_bd_ila_0_0_ltlib_v1_0_0_all_typeA_slice__parameterized2
INFO: [VRFC 10-311] analyzing module prueba_bd_ila_0_0_ltlib_v1_0_0_all_typeA_slice__parameterized2_441
INFO: [VRFC 10-311] analyzing module prueba_bd_ila_0_0_ltlib_v1_0_0_all_typeA_slice__parameterized2_449
INFO: [VRFC 10-311] analyzing module prueba_bd_ila_0_0_ltlib_v1_0_0_allx_typeA
INFO: [VRFC 10-311] analyzing module prueba_bd_ila_0_0_ltlib_v1_0_0_allx_typeA_187
INFO: [VRFC 10-311] analyzing module prueba_bd_ila_0_0_ltlib_v1_0_0_allx_typeA_194
INFO: [VRFC 10-311] analyzing module prueba_bd_ila_0_0_ltlib_v1_0_0_allx_typeA_201
INFO: [VRFC 10-311] analyzing module prueba_bd_ila_0_0_ltlib_v1_0_0_allx_typeA_208
INFO: [VRFC 10-311] analyzing module prueba_bd_ila_0_0_ltlib_v1_0_0_allx_typeA_215
INFO: [VRFC 10-311] analyzing module prueba_bd_ila_0_0_ltlib_v1_0_0_allx_typeA_222
INFO: [VRFC 10-311] analyzing module prueba_bd_ila_0_0_ltlib_v1_0_0_allx_typeA_229
INFO: [VRFC 10-311] analyzing module prueba_bd_ila_0_0_ltlib_v1_0_0_allx_typeA_236
INFO: [VRFC 10-311] analyzing module prueba_bd_ila_0_0_ltlib_v1_0_0_allx_typeA_243
INFO: [VRFC 10-311] analyzing module prueba_bd_ila_0_0_ltlib_v1_0_0_allx_typeA_250
INFO: [VRFC 10-311] analyzing module prueba_bd_ila_0_0_ltlib_v1_0_0_allx_typeA_257
INFO: [VRFC 10-311] analyzing module prueba_bd_ila_0_0_ltlib_v1_0_0_allx_typeA_264
INFO: [VRFC 10-311] analyzing module prueba_bd_ila_0_0_ltlib_v1_0_0_allx_typeA_271
INFO: [VRFC 10-311] analyzing module prueba_bd_ila_0_0_ltlib_v1_0_0_allx_typeA_278
INFO: [VRFC 10-311] analyzing module prueba_bd_ila_0_0_ltlib_v1_0_0_allx_typeA_285
INFO: [VRFC 10-311] analyzing module prueba_bd_ila_0_0_ltlib_v1_0_0_allx_typeA_292
INFO: [VRFC 10-311] analyzing module prueba_bd_ila_0_0_ltlib_v1_0_0_allx_typeA_299
INFO: [VRFC 10-311] analyzing module prueba_bd_ila_0_0_ltlib_v1_0_0_allx_typeA_306
INFO: [VRFC 10-311] analyzing module prueba_bd_ila_0_0_ltlib_v1_0_0_allx_typeA_313
INFO: [VRFC 10-311] analyzing module prueba_bd_ila_0_0_ltlib_v1_0_0_allx_typeA_320
INFO: [VRFC 10-311] analyzing module prueba_bd_ila_0_0_ltlib_v1_0_0_allx_typeA_327
INFO: [VRFC 10-311] analyzing module prueba_bd_ila_0_0_ltlib_v1_0_0_allx_typeA_334
INFO: [VRFC 10-311] analyzing module prueba_bd_ila_0_0_ltlib_v1_0_0_allx_typeA_341
INFO: [VRFC 10-311] analyzing module prueba_bd_ila_0_0_ltlib_v1_0_0_allx_typeA_348
INFO: [VRFC 10-311] analyzing module prueba_bd_ila_0_0_ltlib_v1_0_0_allx_typeA_355
INFO: [VRFC 10-311] analyzing module prueba_bd_ila_0_0_ltlib_v1_0_0_allx_typeA_362
INFO: [VRFC 10-311] analyzing module prueba_bd_ila_0_0_ltlib_v1_0_0_allx_typeA_369
INFO: [VRFC 10-311] analyzing module prueba_bd_ila_0_0_ltlib_v1_0_0_allx_typeA_376
INFO: [VRFC 10-311] analyzing module prueba_bd_ila_0_0_ltlib_v1_0_0_allx_typeA_383
INFO: [VRFC 10-311] analyzing module prueba_bd_ila_0_0_ltlib_v1_0_0_allx_typeA_390
INFO: [VRFC 10-311] analyzing module prueba_bd_ila_0_0_ltlib_v1_0_0_allx_typeA_397
INFO: [VRFC 10-311] analyzing module prueba_bd_ila_0_0_ltlib_v1_0_0_allx_typeA_404
INFO: [VRFC 10-311] analyzing module prueba_bd_ila_0_0_ltlib_v1_0_0_allx_typeA__parameterized0
INFO: [VRFC 10-311] analyzing module prueba_bd_ila_0_0_ltlib_v1_0_0_allx_typeA__parameterized0_122
INFO: [VRFC 10-311] analyzing module prueba_bd_ila_0_0_ltlib_v1_0_0_allx_typeA__parameterized0_125
INFO: [VRFC 10-311] analyzing module prueba_bd_ila_0_0_ltlib_v1_0_0_allx_typeA__parameterized0_128
INFO: [VRFC 10-311] analyzing module prueba_bd_ila_0_0_ltlib_v1_0_0_allx_typeA__parameterized0_131
INFO: [VRFC 10-311] analyzing module prueba_bd_ila_0_0_ltlib_v1_0_0_allx_typeA__parameterized0_146
INFO: [VRFC 10-311] analyzing module prueba_bd_ila_0_0_ltlib_v1_0_0_allx_typeA__parameterized0_149
INFO: [VRFC 10-311] analyzing module prueba_bd_ila_0_0_ltlib_v1_0_0_allx_typeA__parameterized0_152
INFO: [VRFC 10-311] analyzing module prueba_bd_ila_0_0_ltlib_v1_0_0_allx_typeA__parameterized0_155
INFO: [VRFC 10-311] analyzing module prueba_bd_ila_0_0_ltlib_v1_0_0_allx_typeA__parameterized0_158
INFO: [VRFC 10-311] analyzing module prueba_bd_ila_0_0_ltlib_v1_0_0_allx_typeA__parameterized0_161
INFO: [VRFC 10-311] analyzing module prueba_bd_ila_0_0_ltlib_v1_0_0_allx_typeA__parameterized0_164
INFO: [VRFC 10-311] analyzing module prueba_bd_ila_0_0_ltlib_v1_0_0_allx_typeA__parameterized0_167
INFO: [VRFC 10-311] analyzing module prueba_bd_ila_0_0_ltlib_v1_0_0_allx_typeA__parameterized0_170
INFO: [VRFC 10-311] analyzing module prueba_bd_ila_0_0_ltlib_v1_0_0_allx_typeA__parameterized0_179
INFO: [VRFC 10-311] analyzing module prueba_bd_ila_0_0_ltlib_v1_0_0_allx_typeA__parameterized0_65
INFO: [VRFC 10-311] analyzing module prueba_bd_ila_0_0_ltlib_v1_0_0_allx_typeA__parameterized0_68
INFO: [VRFC 10-311] analyzing module prueba_bd_ila_0_0_ltlib_v1_0_0_allx_typeA__parameterized0_71
INFO: [VRFC 10-311] analyzing module prueba_bd_ila_0_0_ltlib_v1_0_0_allx_typeA__parameterized0_92
INFO: [VRFC 10-311] analyzing module prueba_bd_ila_0_0_ltlib_v1_0_0_allx_typeA__parameterized0_95
INFO: [VRFC 10-311] analyzing module prueba_bd_ila_0_0_ltlib_v1_0_0_allx_typeA__parameterized1
INFO: [VRFC 10-311] analyzing module prueba_bd_ila_0_0_ltlib_v1_0_0_allx_typeA__parameterized1_101
INFO: [VRFC 10-311] analyzing module prueba_bd_ila_0_0_ltlib_v1_0_0_allx_typeA__parameterized1_104
INFO: [VRFC 10-311] analyzing module prueba_bd_ila_0_0_ltlib_v1_0_0_allx_typeA__parameterized1_173
INFO: [VRFC 10-311] analyzing module prueba_bd_ila_0_0_ltlib_v1_0_0_allx_typeA__parameterized1_176
INFO: [VRFC 10-311] analyzing module prueba_bd_ila_0_0_ltlib_v1_0_0_allx_typeA__parameterized1_98
INFO: [VRFC 10-311] analyzing module prueba_bd_ila_0_0_ltlib_v1_0_0_allx_typeA__parameterized2
INFO: [VRFC 10-311] analyzing module prueba_bd_ila_0_0_ltlib_v1_0_0_allx_typeA__parameterized2_116
INFO: [VRFC 10-311] analyzing module prueba_bd_ila_0_0_ltlib_v1_0_0_allx_typeA__parameterized2_119
INFO: [VRFC 10-311] analyzing module prueba_bd_ila_0_0_ltlib_v1_0_0_allx_typeA__parameterized2_76
INFO: [VRFC 10-311] analyzing module prueba_bd_ila_0_0_ltlib_v1_0_0_allx_typeA__parameterized3
INFO: [VRFC 10-311] analyzing module prueba_bd_ila_0_0_ltlib_v1_0_0_allx_typeA__parameterized3_110
INFO: [VRFC 10-311] analyzing module prueba_bd_ila_0_0_ltlib_v1_0_0_allx_typeA__parameterized3_134
INFO: [VRFC 10-311] analyzing module prueba_bd_ila_0_0_ltlib_v1_0_0_allx_typeA__parameterized3_140
INFO: [VRFC 10-311] analyzing module prueba_bd_ila_0_0_ltlib_v1_0_0_allx_typeA__parameterized4
INFO: [VRFC 10-311] analyzing module prueba_bd_ila_0_0_ltlib_v1_0_0_allx_typeA__parameterized4_83
INFO: [VRFC 10-311] analyzing module prueba_bd_ila_0_0_ltlib_v1_0_0_allx_typeA__parameterized4_86
INFO: [VRFC 10-311] analyzing module prueba_bd_ila_0_0_ltlib_v1_0_0_allx_typeA__parameterized4_89
INFO: [VRFC 10-311] analyzing module prueba_bd_ila_0_0_ltlib_v1_0_0_allx_typeA_nodelay
INFO: [VRFC 10-311] analyzing module prueba_bd_ila_0_0_ltlib_v1_0_0_allx_typeA_nodelay_438
INFO: [VRFC 10-311] analyzing module prueba_bd_ila_0_0_ltlib_v1_0_0_allx_typeA_nodelay_446
INFO: [VRFC 10-311] analyzing module prueba_bd_ila_0_0_ltlib_v1_0_0_async_edge_xfer
INFO: [VRFC 10-311] analyzing module prueba_bd_ila_0_0_ltlib_v1_0_0_async_edge_xfer_411
INFO: [VRFC 10-311] analyzing module prueba_bd_ila_0_0_ltlib_v1_0_0_async_edge_xfer_412
INFO: [VRFC 10-311] analyzing module prueba_bd_ila_0_0_ltlib_v1_0_0_async_edge_xfer_413
INFO: [VRFC 10-311] analyzing module prueba_bd_ila_0_0_ltlib_v1_0_0_cfglut4
INFO: [VRFC 10-311] analyzing module prueba_bd_ila_0_0_ltlib_v1_0_0_cfglut4_442
INFO: [VRFC 10-311] analyzing module prueba_bd_ila_0_0_ltlib_v1_0_0_cfglut5
INFO: [VRFC 10-311] analyzing module prueba_bd_ila_0_0_ltlib_v1_0_0_cfglut5_436
INFO: [VRFC 10-311] analyzing module prueba_bd_ila_0_0_ltlib_v1_0_0_cfglut5_443
INFO: [VRFC 10-311] analyzing module prueba_bd_ila_0_0_ltlib_v1_0_0_cfglut6
INFO: [VRFC 10-311] analyzing module prueba_bd_ila_0_0_ltlib_v1_0_0_cfglut6_444
INFO: [VRFC 10-311] analyzing module prueba_bd_ila_0_0_ltlib_v1_0_0_cfglut6__parameterized0
INFO: [VRFC 10-311] analyzing module prueba_bd_ila_0_0_ltlib_v1_0_0_cfglut7
INFO: [VRFC 10-311] analyzing module prueba_bd_ila_0_0_ltlib_v1_0_0_cfglut7_435
INFO: [VRFC 10-311] analyzing module prueba_bd_ila_0_0_ltlib_v1_0_0_generic_memrd
INFO: [VRFC 10-311] analyzing module prueba_bd_ila_0_0_ltlib_v1_0_0_match
INFO: [VRFC 10-311] analyzing module prueba_bd_ila_0_0_ltlib_v1_0_0_match_0
INFO: [VRFC 10-311] analyzing module prueba_bd_ila_0_0_ltlib_v1_0_0_match_1
INFO: [VRFC 10-311] analyzing module prueba_bd_ila_0_0_ltlib_v1_0_0_match_10
INFO: [VRFC 10-311] analyzing module prueba_bd_ila_0_0_ltlib_v1_0_0_match_11
INFO: [VRFC 10-311] analyzing module prueba_bd_ila_0_0_ltlib_v1_0_0_match_12
INFO: [VRFC 10-311] analyzing module prueba_bd_ila_0_0_ltlib_v1_0_0_match_13
INFO: [VRFC 10-311] analyzing module prueba_bd_ila_0_0_ltlib_v1_0_0_match_14
INFO: [VRFC 10-311] analyzing module prueba_bd_ila_0_0_ltlib_v1_0_0_match_15
INFO: [VRFC 10-311] analyzing module prueba_bd_ila_0_0_ltlib_v1_0_0_match_16
INFO: [VRFC 10-311] analyzing module prueba_bd_ila_0_0_ltlib_v1_0_0_match_17
INFO: [VRFC 10-311] analyzing module prueba_bd_ila_0_0_ltlib_v1_0_0_match_18
INFO: [VRFC 10-311] analyzing module prueba_bd_ila_0_0_ltlib_v1_0_0_match_19
INFO: [VRFC 10-311] analyzing module prueba_bd_ila_0_0_ltlib_v1_0_0_match_2
INFO: [VRFC 10-311] analyzing module prueba_bd_ila_0_0_ltlib_v1_0_0_match_20
INFO: [VRFC 10-311] analyzing module prueba_bd_ila_0_0_ltlib_v1_0_0_match_21
INFO: [VRFC 10-311] analyzing module prueba_bd_ila_0_0_ltlib_v1_0_0_match_22
INFO: [VRFC 10-311] analyzing module prueba_bd_ila_0_0_ltlib_v1_0_0_match_23
INFO: [VRFC 10-311] analyzing module prueba_bd_ila_0_0_ltlib_v1_0_0_match_24
INFO: [VRFC 10-311] analyzing module prueba_bd_ila_0_0_ltlib_v1_0_0_match_25
INFO: [VRFC 10-311] analyzing module prueba_bd_ila_0_0_ltlib_v1_0_0_match_26
INFO: [VRFC 10-311] analyzing module prueba_bd_ila_0_0_ltlib_v1_0_0_match_27
INFO: [VRFC 10-311] analyzing module prueba_bd_ila_0_0_ltlib_v1_0_0_match_28
INFO: [VRFC 10-311] analyzing module prueba_bd_ila_0_0_ltlib_v1_0_0_match_29
INFO: [VRFC 10-311] analyzing module prueba_bd_ila_0_0_ltlib_v1_0_0_match_3
INFO: [VRFC 10-311] analyzing module prueba_bd_ila_0_0_ltlib_v1_0_0_match_30
INFO: [VRFC 10-311] analyzing module prueba_bd_ila_0_0_ltlib_v1_0_0_match_31
INFO: [VRFC 10-311] analyzing module prueba_bd_ila_0_0_ltlib_v1_0_0_match_4
INFO: [VRFC 10-311] analyzing module prueba_bd_ila_0_0_ltlib_v1_0_0_match_5
INFO: [VRFC 10-311] analyzing module prueba_bd_ila_0_0_ltlib_v1_0_0_match_6
INFO: [VRFC 10-311] analyzing module prueba_bd_ila_0_0_ltlib_v1_0_0_match_7
INFO: [VRFC 10-311] analyzing module prueba_bd_ila_0_0_ltlib_v1_0_0_match_8
INFO: [VRFC 10-311] analyzing module prueba_bd_ila_0_0_ltlib_v1_0_0_match_9
INFO: [VRFC 10-311] analyzing module prueba_bd_ila_0_0_ltlib_v1_0_0_match__parameterized0
INFO: [VRFC 10-311] analyzing module prueba_bd_ila_0_0_ltlib_v1_0_0_match__parameterized0_33
INFO: [VRFC 10-311] analyzing module prueba_bd_ila_0_0_ltlib_v1_0_0_match__parameterized0_34
INFO: [VRFC 10-311] analyzing module prueba_bd_ila_0_0_ltlib_v1_0_0_match__parameterized0_35
INFO: [VRFC 10-311] analyzing module prueba_bd_ila_0_0_ltlib_v1_0_0_match__parameterized0_36
INFO: [VRFC 10-311] analyzing module prueba_bd_ila_0_0_ltlib_v1_0_0_match__parameterized0_37
INFO: [VRFC 10-311] analyzing module prueba_bd_ila_0_0_ltlib_v1_0_0_match__parameterized0_38
INFO: [VRFC 10-311] analyzing module prueba_bd_ila_0_0_ltlib_v1_0_0_match__parameterized0_39
INFO: [VRFC 10-311] analyzing module prueba_bd_ila_0_0_ltlib_v1_0_0_match__parameterized0_40
INFO: [VRFC 10-311] analyzing module prueba_bd_ila_0_0_ltlib_v1_0_0_match__parameterized0_41
INFO: [VRFC 10-311] analyzing module prueba_bd_ila_0_0_ltlib_v1_0_0_match__parameterized0_43
INFO: [VRFC 10-311] analyzing module prueba_bd_ila_0_0_ltlib_v1_0_0_match__parameterized0_44
INFO: [VRFC 10-311] analyzing module prueba_bd_ila_0_0_ltlib_v1_0_0_match__parameterized0_45
INFO: [VRFC 10-311] analyzing module prueba_bd_ila_0_0_ltlib_v1_0_0_match__parameterized0_46
INFO: [VRFC 10-311] analyzing module prueba_bd_ila_0_0_ltlib_v1_0_0_match__parameterized0_53
INFO: [VRFC 10-311] analyzing module prueba_bd_ila_0_0_ltlib_v1_0_0_match__parameterized0_54
INFO: [VRFC 10-311] analyzing module prueba_bd_ila_0_0_ltlib_v1_0_0_match__parameterized0_61
INFO: [VRFC 10-311] analyzing module prueba_bd_ila_0_0_ltlib_v1_0_0_match__parameterized0_62
INFO: [VRFC 10-311] analyzing module prueba_bd_ila_0_0_ltlib_v1_0_0_match__parameterized0_63
INFO: [VRFC 10-311] analyzing module prueba_bd_ila_0_0_ltlib_v1_0_0_match__parameterized0_64
INFO: [VRFC 10-311] analyzing module prueba_bd_ila_0_0_ltlib_v1_0_0_match__parameterized1
INFO: [VRFC 10-311] analyzing module prueba_bd_ila_0_0_ltlib_v1_0_0_match__parameterized1_32
INFO: [VRFC 10-311] analyzing module prueba_bd_ila_0_0_ltlib_v1_0_0_match__parameterized1_50
INFO: [VRFC 10-311] analyzing module prueba_bd_ila_0_0_ltlib_v1_0_0_match__parameterized1_51
INFO: [VRFC 10-311] analyzing module prueba_bd_ila_0_0_ltlib_v1_0_0_match__parameterized1_52
INFO: [VRFC 10-311] analyzing module prueba_bd_ila_0_0_ltlib_v1_0_0_match__parameterized1_58
INFO: [VRFC 10-311] analyzing module prueba_bd_ila_0_0_ltlib_v1_0_0_match__parameterized2
INFO: [VRFC 10-311] analyzing module prueba_bd_ila_0_0_ltlib_v1_0_0_match__parameterized2_47
INFO: [VRFC 10-311] analyzing module prueba_bd_ila_0_0_ltlib_v1_0_0_match__parameterized2_59
INFO: [VRFC 10-311] analyzing module prueba_bd_ila_0_0_ltlib_v1_0_0_match__parameterized2_60
INFO: [VRFC 10-311] analyzing module prueba_bd_ila_0_0_ltlib_v1_0_0_match__parameterized3
INFO: [VRFC 10-311] analyzing module prueba_bd_ila_0_0_ltlib_v1_0_0_match__parameterized3_42
INFO: [VRFC 10-311] analyzing module prueba_bd_ila_0_0_ltlib_v1_0_0_match__parameterized3_48
INFO: [VRFC 10-311] analyzing module prueba_bd_ila_0_0_ltlib_v1_0_0_match__parameterized3_49
INFO: [VRFC 10-311] analyzing module prueba_bd_ila_0_0_ltlib_v1_0_0_match__parameterized4
INFO: [VRFC 10-311] analyzing module prueba_bd_ila_0_0_ltlib_v1_0_0_match__parameterized4_55
INFO: [VRFC 10-311] analyzing module prueba_bd_ila_0_0_ltlib_v1_0_0_match__parameterized4_56
INFO: [VRFC 10-311] analyzing module prueba_bd_ila_0_0_ltlib_v1_0_0_match__parameterized4_57
INFO: [VRFC 10-311] analyzing module prueba_bd_ila_0_0_ltlib_v1_0_0_match_nodelay
INFO: [VRFC 10-311] analyzing module prueba_bd_ila_0_0_ltlib_v1_0_0_match_nodelay_437
INFO: [VRFC 10-311] analyzing module prueba_bd_ila_0_0_ltlib_v1_0_0_match_nodelay_445
INFO: [VRFC 10-311] analyzing module prueba_bd_ila_0_0_ltlib_v1_0_0_rising_edge_detection
INFO: [VRFC 10-311] analyzing module prueba_bd_ila_0_0_ltlib_v1_0_0_rising_edge_detection_414
INFO: [VRFC 10-311] analyzing module prueba_bd_ila_0_0_xsdbs_v1_0_2_reg__parameterized66
INFO: [VRFC 10-311] analyzing module prueba_bd_ila_0_0_xsdbs_v1_0_2_reg__parameterized67
INFO: [VRFC 10-311] analyzing module prueba_bd_ila_0_0_xsdbs_v1_0_2_reg__parameterized68
INFO: [VRFC 10-311] analyzing module prueba_bd_ila_0_0_xsdbs_v1_0_2_reg__parameterized69
INFO: [VRFC 10-311] analyzing module prueba_bd_ila_0_0_xsdbs_v1_0_2_reg__parameterized81
INFO: [VRFC 10-311] analyzing module prueba_bd_ila_0_0_xsdbs_v1_0_2_reg__parameterized82
INFO: [VRFC 10-311] analyzing module prueba_bd_ila_0_0_xsdbs_v1_0_2_reg__parameterized83
INFO: [VRFC 10-311] analyzing module prueba_bd_ila_0_0_xsdbs_v1_0_2_reg__parameterized84
INFO: [VRFC 10-311] analyzing module prueba_bd_ila_0_0_xsdbs_v1_0_2_reg__parameterized85
INFO: [VRFC 10-311] analyzing module prueba_bd_ila_0_0_xsdbs_v1_0_2_reg__parameterized86
INFO: [VRFC 10-311] analyzing module prueba_bd_ila_0_0_xsdbs_v1_0_2_reg__parameterized87
INFO: [VRFC 10-311] analyzing module prueba_bd_ila_0_0_xsdbs_v1_0_2_reg__parameterized88
INFO: [VRFC 10-311] analyzing module prueba_bd_ila_0_0_xsdbs_v1_0_2_reg__parameterized89
INFO: [VRFC 10-311] analyzing module prueba_bd_ila_0_0_xsdbs_v1_0_2_reg__parameterized90
INFO: [VRFC 10-311] analyzing module prueba_bd_ila_0_0_xsdbs_v1_0_2_reg__parameterized91
INFO: [VRFC 10-311] analyzing module prueba_bd_ila_0_0_xsdbs_v1_0_2_reg__parameterized92
INFO: [VRFC 10-311] analyzing module prueba_bd_ila_0_0_xsdbs_v1_0_2_reg__parameterized94
INFO: [VRFC 10-311] analyzing module prueba_bd_ila_0_0_xsdbs_v1_0_2_reg__parameterized96
INFO: [VRFC 10-311] analyzing module prueba_bd_ila_0_0_xsdbs_v1_0_2_reg__parameterized97
INFO: [VRFC 10-311] analyzing module prueba_bd_ila_0_0_xsdbs_v1_0_2_reg__parameterized98
INFO: [VRFC 10-311] analyzing module prueba_bd_ila_0_0_xsdbs_v1_0_2_reg__parameterized99
INFO: [VRFC 10-311] analyzing module prueba_bd_ila_0_0_xsdbs_v1_0_2_reg_ctl
INFO: [VRFC 10-311] analyzing module prueba_bd_ila_0_0_xsdbs_v1_0_2_reg_ctl_420
INFO: [VRFC 10-311] analyzing module prueba_bd_ila_0_0_xsdbs_v1_0_2_reg_ctl_421
INFO: [VRFC 10-311] analyzing module prueba_bd_ila_0_0_xsdbs_v1_0_2_reg_ctl_422
INFO: [VRFC 10-311] analyzing module prueba_bd_ila_0_0_xsdbs_v1_0_2_reg_ctl_423
INFO: [VRFC 10-311] analyzing module prueba_bd_ila_0_0_xsdbs_v1_0_2_reg_ctl_426
INFO: [VRFC 10-311] analyzing module prueba_bd_ila_0_0_xsdbs_v1_0_2_reg_ctl_427
INFO: [VRFC 10-311] analyzing module prueba_bd_ila_0_0_xsdbs_v1_0_2_reg_ctl_428
INFO: [VRFC 10-311] analyzing module prueba_bd_ila_0_0_xsdbs_v1_0_2_reg_ctl_429
INFO: [VRFC 10-311] analyzing module prueba_bd_ila_0_0_xsdbs_v1_0_2_reg_ctl_430
INFO: [VRFC 10-311] analyzing module prueba_bd_ila_0_0_xsdbs_v1_0_2_reg_ctl_431
INFO: [VRFC 10-311] analyzing module prueba_bd_ila_0_0_xsdbs_v1_0_2_reg_ctl_433
INFO: [VRFC 10-311] analyzing module prueba_bd_ila_0_0_xsdbs_v1_0_2_reg_ctl__parameterized0
INFO: [VRFC 10-311] analyzing module prueba_bd_ila_0_0_xsdbs_v1_0_2_reg_ctl__parameterized1
INFO: [VRFC 10-311] analyzing module prueba_bd_ila_0_0_xsdbs_v1_0_2_reg_ctl__parameterized2
INFO: [VRFC 10-311] analyzing module prueba_bd_ila_0_0_xsdbs_v1_0_2_reg_ctl__parameterized2_424
INFO: [VRFC 10-311] analyzing module prueba_bd_ila_0_0_xsdbs_v1_0_2_reg_p2s
INFO: [VRFC 10-311] analyzing module prueba_bd_ila_0_0_xsdbs_v1_0_2_reg_p2s__parameterized0
INFO: [VRFC 10-311] analyzing module prueba_bd_ila_0_0_xsdbs_v1_0_2_reg_p2s__parameterized1
INFO: [VRFC 10-311] analyzing module prueba_bd_ila_0_0_xsdbs_v1_0_2_reg_p2s__parameterized10
INFO: [VRFC 10-311] analyzing module prueba_bd_ila_0_0_xsdbs_v1_0_2_reg_p2s__parameterized11
INFO: [VRFC 10-311] analyzing module prueba_bd_ila_0_0_xsdbs_v1_0_2_reg_p2s__parameterized12
INFO: [VRFC 10-311] analyzing module prueba_bd_ila_0_0_xsdbs_v1_0_2_reg_p2s__parameterized13
INFO: [VRFC 10-311] analyzing module prueba_bd_ila_0_0_xsdbs_v1_0_2_reg_p2s__parameterized14
INFO: [VRFC 10-311] analyzing module prueba_bd_ila_0_0_xsdbs_v1_0_2_reg_p2s__parameterized15
INFO: [VRFC 10-311] analyzing module prueba_bd_ila_0_0_xsdbs_v1_0_2_reg_p2s__parameterized16
INFO: [VRFC 10-311] analyzing module prueba_bd_ila_0_0_xsdbs_v1_0_2_reg_p2s__parameterized17
INFO: [VRFC 10-311] analyzing module prueba_bd_ila_0_0_xsdbs_v1_0_2_reg_p2s__parameterized18
INFO: [VRFC 10-311] analyzing module prueba_bd_ila_0_0_xsdbs_v1_0_2_reg_p2s__parameterized19
INFO: [VRFC 10-311] analyzing module prueba_bd_ila_0_0_xsdbs_v1_0_2_reg_p2s__parameterized2
INFO: [VRFC 10-311] analyzing module prueba_bd_ila_0_0_xsdbs_v1_0_2_reg_p2s__parameterized20
INFO: [VRFC 10-311] analyzing module prueba_bd_ila_0_0_xsdbs_v1_0_2_reg_p2s__parameterized21
INFO: [VRFC 10-311] analyzing module prueba_bd_ila_0_0_xsdbs_v1_0_2_reg_p2s__parameterized22
INFO: [VRFC 10-311] analyzing module prueba_bd_ila_0_0_xsdbs_v1_0_2_reg_p2s__parameterized23
INFO: [VRFC 10-311] analyzing module prueba_bd_ila_0_0_xsdbs_v1_0_2_reg_p2s__parameterized24
INFO: [VRFC 10-311] analyzing module prueba_bd_ila_0_0_xsdbs_v1_0_2_reg_p2s__parameterized25
INFO: [VRFC 10-311] analyzing module prueba_bd_ila_0_0_xsdbs_v1_0_2_reg_p2s__parameterized26
INFO: [VRFC 10-311] analyzing module prueba_bd_ila_0_0_xsdbs_v1_0_2_reg_p2s__parameterized27
INFO: [VRFC 10-311] analyzing module prueba_bd_ila_0_0_xsdbs_v1_0_2_reg_p2s__parameterized28
INFO: [VRFC 10-311] analyzing module prueba_bd_ila_0_0_xsdbs_v1_0_2_reg_p2s__parameterized29
INFO: [VRFC 10-311] analyzing module prueba_bd_ila_0_0_xsdbs_v1_0_2_reg_p2s__parameterized3
INFO: [VRFC 10-311] analyzing module prueba_bd_ila_0_0_xsdbs_v1_0_2_reg_p2s__parameterized30
INFO: [VRFC 10-311] analyzing module prueba_bd_ila_0_0_xsdbs_v1_0_2_reg_p2s__parameterized31
INFO: [VRFC 10-311] analyzing module prueba_bd_ila_0_0_xsdbs_v1_0_2_reg_p2s__parameterized32
INFO: [VRFC 10-311] analyzing module prueba_bd_ila_0_0_xsdbs_v1_0_2_reg_p2s__parameterized33
INFO: [VRFC 10-311] analyzing module prueba_bd_ila_0_0_xsdbs_v1_0_2_reg_p2s__parameterized34
INFO: [VRFC 10-311] analyzing module prueba_bd_ila_0_0_xsdbs_v1_0_2_reg_p2s__parameterized35
INFO: [VRFC 10-311] analyzing module prueba_bd_ila_0_0_xsdbs_v1_0_2_reg_p2s__parameterized36
INFO: [VRFC 10-311] analyzing module prueba_bd_ila_0_0_xsdbs_v1_0_2_reg_p2s__parameterized37
INFO: [VRFC 10-311] analyzing module prueba_bd_ila_0_0_xsdbs_v1_0_2_reg_p2s__parameterized38
INFO: [VRFC 10-311] analyzing module prueba_bd_ila_0_0_xsdbs_v1_0_2_reg_p2s__parameterized39
INFO: [VRFC 10-311] analyzing module prueba_bd_ila_0_0_xsdbs_v1_0_2_reg_p2s__parameterized4
INFO: [VRFC 10-311] analyzing module prueba_bd_ila_0_0_xsdbs_v1_0_2_reg_p2s__parameterized40
INFO: [VRFC 10-311] analyzing module prueba_bd_ila_0_0_xsdbs_v1_0_2_reg_p2s__parameterized41
INFO: [VRFC 10-311] analyzing module prueba_bd_ila_0_0_xsdbs_v1_0_2_reg_p2s__parameterized42
INFO: [VRFC 10-311] analyzing module prueba_bd_ila_0_0_xsdbs_v1_0_2_reg_p2s__parameterized43
INFO: [VRFC 10-311] analyzing module prueba_bd_ila_0_0_xsdbs_v1_0_2_reg_p2s__parameterized44
INFO: [VRFC 10-311] analyzing module prueba_bd_ila_0_0_xsdbs_v1_0_2_reg_p2s__parameterized45
INFO: [VRFC 10-311] analyzing module prueba_bd_ila_0_0_xsdbs_v1_0_2_reg_p2s__parameterized46
INFO: [VRFC 10-311] analyzing module prueba_bd_ila_0_0_xsdbs_v1_0_2_reg_p2s__parameterized47
INFO: [VRFC 10-311] analyzing module prueba_bd_ila_0_0_xsdbs_v1_0_2_reg_p2s__parameterized48
INFO: [VRFC 10-311] analyzing module prueba_bd_ila_0_0_xsdbs_v1_0_2_reg_p2s__parameterized49
INFO: [VRFC 10-311] analyzing module prueba_bd_ila_0_0_xsdbs_v1_0_2_reg_p2s__parameterized5
INFO: [VRFC 10-311] analyzing module prueba_bd_ila_0_0_xsdbs_v1_0_2_reg_p2s__parameterized50
INFO: [VRFC 10-311] analyzing module prueba_bd_ila_0_0_xsdbs_v1_0_2_reg_p2s__parameterized51
INFO: [VRFC 10-311] analyzing module prueba_bd_ila_0_0_xsdbs_v1_0_2_reg_p2s__parameterized52
INFO: [VRFC 10-311] analyzing module prueba_bd_ila_0_0_xsdbs_v1_0_2_reg_p2s__parameterized53
INFO: [VRFC 10-311] analyzing module prueba_bd_ila_0_0_xsdbs_v1_0_2_reg_p2s__parameterized54
INFO: [VRFC 10-311] analyzing module prueba_bd_ila_0_0_xsdbs_v1_0_2_reg_p2s__parameterized55
INFO: [VRFC 10-311] analyzing module prueba_bd_ila_0_0_xsdbs_v1_0_2_reg_p2s__parameterized56
INFO: [VRFC 10-311] analyzing module prueba_bd_ila_0_0_xsdbs_v1_0_2_reg_p2s__parameterized57
INFO: [VRFC 10-311] analyzing module prueba_bd_ila_0_0_xsdbs_v1_0_2_reg_p2s__parameterized58
INFO: [VRFC 10-311] analyzing module prueba_bd_ila_0_0_xsdbs_v1_0_2_reg_p2s__parameterized59
INFO: [VRFC 10-311] analyzing module prueba_bd_ila_0_0_xsdbs_v1_0_2_reg_p2s__parameterized6
INFO: [VRFC 10-311] analyzing module prueba_bd_ila_0_0_xsdbs_v1_0_2_reg_p2s__parameterized60
INFO: [VRFC 10-311] analyzing module prueba_bd_ila_0_0_xsdbs_v1_0_2_reg_p2s__parameterized61
INFO: [VRFC 10-311] analyzing module prueba_bd_ila_0_0_xsdbs_v1_0_2_reg_p2s__parameterized62
INFO: [VRFC 10-311] analyzing module prueba_bd_ila_0_0_xsdbs_v1_0_2_reg_p2s__parameterized63
INFO: [VRFC 10-311] analyzing module prueba_bd_ila_0_0_xsdbs_v1_0_2_reg_p2s__parameterized64
INFO: [VRFC 10-311] analyzing module prueba_bd_ila_0_0_xsdbs_v1_0_2_reg_p2s__parameterized65
INFO: [VRFC 10-311] analyzing module prueba_bd_ila_0_0_xsdbs_v1_0_2_reg_p2s__parameterized66
INFO: [VRFC 10-311] analyzing module prueba_bd_ila_0_0_xsdbs_v1_0_2_reg_p2s__parameterized67
INFO: [VRFC 10-311] analyzing module prueba_bd_ila_0_0_xsdbs_v1_0_2_reg_p2s__parameterized68
INFO: [VRFC 10-311] analyzing module prueba_bd_ila_0_0_xsdbs_v1_0_2_reg_p2s__parameterized69
INFO: [VRFC 10-311] analyzing module prueba_bd_ila_0_0_xsdbs_v1_0_2_reg_p2s__parameterized7
INFO: [VRFC 10-311] analyzing module prueba_bd_ila_0_0_xsdbs_v1_0_2_reg_p2s__parameterized70
INFO: [VRFC 10-311] analyzing module prueba_bd_ila_0_0_xsdbs_v1_0_2_reg_p2s__parameterized71
INFO: [VRFC 10-311] analyzing module prueba_bd_ila_0_0_xsdbs_v1_0_2_reg_p2s__parameterized72
INFO: [VRFC 10-311] analyzing module prueba_bd_ila_0_0_xsdbs_v1_0_2_reg_p2s__parameterized73
INFO: [VRFC 10-311] analyzing module prueba_bd_ila_0_0_xsdbs_v1_0_2_reg_p2s__parameterized74
INFO: [VRFC 10-311] analyzing module prueba_bd_ila_0_0_xsdbs_v1_0_2_reg_p2s__parameterized8
INFO: [VRFC 10-311] analyzing module prueba_bd_ila_0_0_xsdbs_v1_0_2_reg_p2s__parameterized9
INFO: [VRFC 10-311] analyzing module prueba_bd_ila_0_0_xsdbs_v1_0_2_reg_stat
INFO: [VRFC 10-311] analyzing module prueba_bd_ila_0_0_xsdbs_v1_0_2_reg_stat_415
INFO: [VRFC 10-311] analyzing module prueba_bd_ila_0_0_xsdbs_v1_0_2_reg_stat_416
INFO: [VRFC 10-311] analyzing module prueba_bd_ila_0_0_xsdbs_v1_0_2_reg_stat_417
INFO: [VRFC 10-311] analyzing module prueba_bd_ila_0_0_xsdbs_v1_0_2_reg_stat_418
INFO: [VRFC 10-311] analyzing module prueba_bd_ila_0_0_xsdbs_v1_0_2_reg_stat_419
INFO: [VRFC 10-311] analyzing module prueba_bd_ila_0_0_xsdbs_v1_0_2_reg_stat_425
INFO: [VRFC 10-311] analyzing module prueba_bd_ila_0_0_xsdbs_v1_0_2_reg_stat_432
INFO: [VRFC 10-311] analyzing module prueba_bd_ila_0_0_xsdbs_v1_0_2_reg_stat_434
INFO: [VRFC 10-311] analyzing module prueba_bd_ila_0_0_xsdbs_v1_0_2_reg_stream
INFO: [VRFC 10-311] analyzing module prueba_bd_ila_0_0_xsdbs_v1_0_2_reg_stream__parameterized0
INFO: [VRFC 10-311] analyzing module prueba_bd_ila_0_0_xsdbs_v1_0_2_reg_stream__parameterized1
INFO: [VRFC 10-311] analyzing module prueba_bd_ila_0_0_xsdbs_v1_0_2_reg_stream__parameterized2
INFO: [VRFC 10-311] analyzing module prueba_bd_ila_0_0_xsdbs_v1_0_2_xsdbs
INFO: [VRFC 10-311] analyzing module prueba_bd_ila_1_0_ila_v6_2_11_generic_counter
INFO: [VRFC 10-311] analyzing module prueba_bd_ila_1_0_ila_v6_2_11_generic_counter__1
INFO: [VRFC 10-311] analyzing module prueba_bd_ila_1_0_ila_v6_2_11_generic_counter__2
INFO: [VRFC 10-311] analyzing module prueba_bd_ila_1_0_ila_v6_2_11_generic_counter__3
INFO: [VRFC 10-311] analyzing module prueba_bd_ila_1_0_ila_v6_2_11_ila_adv_trigger_sequencer
INFO: [VRFC 10-311] analyzing module prueba_bd_ila_1_0_ila_v6_2_11_ila_cap_addrgen
INFO: [VRFC 10-311] analyzing module prueba_bd_ila_1_0_ila_v6_2_11_ila_cap_ctrl_legacy
INFO: [VRFC 10-311] analyzing module prueba_bd_ila_1_0_ila_v6_2_11_ila_cap_sample_counter
INFO: [VRFC 10-311] analyzing module prueba_bd_ila_1_0_ila_v6_2_11_ila_cap_window_counter
INFO: [VRFC 10-311] analyzing module prueba_bd_ila_1_0_ila_v6_2_11_ila_core
INFO: [VRFC 10-311] analyzing module prueba_bd_ila_1_0_ila_v6_2_11_ila_counter
INFO: [VRFC 10-311] analyzing module prueba_bd_ila_1_0_ila_v6_2_11_ila_fsm_memory_read
INFO: [VRFC 10-311] analyzing module prueba_bd_ila_1_0_ila_v6_2_11_ila_register
INFO: [VRFC 10-311] analyzing module prueba_bd_ila_1_0_ila_v6_2_11_ila_reset_ctrl
INFO: [VRFC 10-311] analyzing module prueba_bd_ila_1_0_ila_v6_2_11_ila_trace_memory
INFO: [VRFC 10-311] analyzing module prueba_bd_ila_1_0_ila_v6_2_11_ila_trig_match
INFO: [VRFC 10-311] analyzing module prueba_bd_ila_1_0_ila_v6_2_11_ila_trigger
INFO: [VRFC 10-311] analyzing module prueba_bd_ila_1_0_ltlib_v1_0_0_all_typeA
INFO: [VRFC 10-311] analyzing module prueba_bd_ila_1_0_ltlib_v1_0_0_all_typeA_101
INFO: [VRFC 10-311] analyzing module prueba_bd_ila_1_0_ltlib_v1_0_0_all_typeA_104
INFO: [VRFC 10-311] analyzing module prueba_bd_ila_1_0_ltlib_v1_0_0_all_typeA_107
INFO: [VRFC 10-311] analyzing module prueba_bd_ila_1_0_ltlib_v1_0_0_all_typeA_110
INFO: [VRFC 10-311] analyzing module prueba_bd_ila_1_0_ltlib_v1_0_0_all_typeA_113
INFO: [VRFC 10-311] analyzing module prueba_bd_ila_1_0_ltlib_v1_0_0_all_typeA_116
INFO: [VRFC 10-311] analyzing module prueba_bd_ila_1_0_ltlib_v1_0_0_all_typeA_119
INFO: [VRFC 10-311] analyzing module prueba_bd_ila_1_0_ltlib_v1_0_0_all_typeA_122
INFO: [VRFC 10-311] analyzing module prueba_bd_ila_1_0_ltlib_v1_0_0_all_typeA_125
INFO: [VRFC 10-311] analyzing module prueba_bd_ila_1_0_ltlib_v1_0_0_all_typeA_128
INFO: [VRFC 10-311] analyzing module prueba_bd_ila_1_0_ltlib_v1_0_0_all_typeA_131
INFO: [VRFC 10-311] analyzing module prueba_bd_ila_1_0_ltlib_v1_0_0_all_typeA_134
INFO: [VRFC 10-311] analyzing module prueba_bd_ila_1_0_ltlib_v1_0_0_all_typeA_137
INFO: [VRFC 10-311] analyzing module prueba_bd_ila_1_0_ltlib_v1_0_0_all_typeA_140
INFO: [VRFC 10-311] analyzing module prueba_bd_ila_1_0_ltlib_v1_0_0_all_typeA_143
INFO: [VRFC 10-311] analyzing module prueba_bd_ila_1_0_ltlib_v1_0_0_all_typeA_146
INFO: [VRFC 10-311] analyzing module prueba_bd_ila_1_0_ltlib_v1_0_0_all_typeA_149
INFO: [VRFC 10-311] analyzing module prueba_bd_ila_1_0_ltlib_v1_0_0_all_typeA_152
INFO: [VRFC 10-311] analyzing module prueba_bd_ila_1_0_ltlib_v1_0_0_all_typeA_155
INFO: [VRFC 10-311] analyzing module prueba_bd_ila_1_0_ltlib_v1_0_0_all_typeA_158
INFO: [VRFC 10-311] analyzing module prueba_bd_ila_1_0_ltlib_v1_0_0_all_typeA_161
INFO: [VRFC 10-311] analyzing module prueba_bd_ila_1_0_ltlib_v1_0_0_all_typeA_164
INFO: [VRFC 10-311] analyzing module prueba_bd_ila_1_0_ltlib_v1_0_0_all_typeA_71
INFO: [VRFC 10-311] analyzing module prueba_bd_ila_1_0_ltlib_v1_0_0_all_typeA_74
INFO: [VRFC 10-311] analyzing module prueba_bd_ila_1_0_ltlib_v1_0_0_all_typeA_77
INFO: [VRFC 10-311] analyzing module prueba_bd_ila_1_0_ltlib_v1_0_0_all_typeA_80
INFO: [VRFC 10-311] analyzing module prueba_bd_ila_1_0_ltlib_v1_0_0_all_typeA_83
INFO: [VRFC 10-311] analyzing module prueba_bd_ila_1_0_ltlib_v1_0_0_all_typeA_86
INFO: [VRFC 10-311] analyzing module prueba_bd_ila_1_0_ltlib_v1_0_0_all_typeA_89
INFO: [VRFC 10-311] analyzing module prueba_bd_ila_1_0_ltlib_v1_0_0_all_typeA_92
INFO: [VRFC 10-311] analyzing module prueba_bd_ila_1_0_ltlib_v1_0_0_all_typeA_95
INFO: [VRFC 10-311] analyzing module prueba_bd_ila_1_0_ltlib_v1_0_0_all_typeA_98
INFO: [VRFC 10-311] analyzing module prueba_bd_ila_1_0_ltlib_v1_0_0_all_typeA__parameterized0
INFO: [VRFC 10-311] analyzing module prueba_bd_ila_1_0_ltlib_v1_0_0_all_typeA__parameterized0_40
INFO: [VRFC 10-311] analyzing module prueba_bd_ila_1_0_ltlib_v1_0_0_all_typeA__parameterized0_46
INFO: [VRFC 10-311] analyzing module prueba_bd_ila_1_0_ltlib_v1_0_0_all_typeA__parameterized0_52
INFO: [VRFC 10-311] analyzing module prueba_bd_ila_1_0_ltlib_v1_0_0_all_typeA__parameterized0_58
INFO: [VRFC 10-311] analyzing module prueba_bd_ila_1_0_ltlib_v1_0_0_all_typeA__parameterized0_64
INFO: [VRFC 10-311] analyzing module prueba_bd_ila_1_0_ltlib_v1_0_0_all_typeA__parameterized1
INFO: [VRFC 10-311] analyzing module prueba_bd_ila_1_0_ltlib_v1_0_0_all_typeA__parameterized1_194
INFO: [VRFC 10-311] analyzing module prueba_bd_ila_1_0_ltlib_v1_0_0_all_typeA__parameterized1_202
INFO: [VRFC 10-311] analyzing module prueba_bd_ila_1_0_ltlib_v1_0_0_all_typeA_slice
INFO: [VRFC 10-311] analyzing module prueba_bd_ila_1_0_ltlib_v1_0_0_all_typeA_slice_102
INFO: [VRFC 10-311] analyzing module prueba_bd_ila_1_0_ltlib_v1_0_0_all_typeA_slice_105
INFO: [VRFC 10-311] analyzing module prueba_bd_ila_1_0_ltlib_v1_0_0_all_typeA_slice_108
INFO: [VRFC 10-311] analyzing module prueba_bd_ila_1_0_ltlib_v1_0_0_all_typeA_slice_111
INFO: [VRFC 10-311] analyzing module prueba_bd_ila_1_0_ltlib_v1_0_0_all_typeA_slice_114
INFO: [VRFC 10-311] analyzing module prueba_bd_ila_1_0_ltlib_v1_0_0_all_typeA_slice_117
INFO: [VRFC 10-311] analyzing module prueba_bd_ila_1_0_ltlib_v1_0_0_all_typeA_slice_120
INFO: [VRFC 10-311] analyzing module prueba_bd_ila_1_0_ltlib_v1_0_0_all_typeA_slice_123
INFO: [VRFC 10-311] analyzing module prueba_bd_ila_1_0_ltlib_v1_0_0_all_typeA_slice_126
INFO: [VRFC 10-311] analyzing module prueba_bd_ila_1_0_ltlib_v1_0_0_all_typeA_slice_129
INFO: [VRFC 10-311] analyzing module prueba_bd_ila_1_0_ltlib_v1_0_0_all_typeA_slice_132
INFO: [VRFC 10-311] analyzing module prueba_bd_ila_1_0_ltlib_v1_0_0_all_typeA_slice_135
INFO: [VRFC 10-311] analyzing module prueba_bd_ila_1_0_ltlib_v1_0_0_all_typeA_slice_138
INFO: [VRFC 10-311] analyzing module prueba_bd_ila_1_0_ltlib_v1_0_0_all_typeA_slice_141
INFO: [VRFC 10-311] analyzing module prueba_bd_ila_1_0_ltlib_v1_0_0_all_typeA_slice_144
INFO: [VRFC 10-311] analyzing module prueba_bd_ila_1_0_ltlib_v1_0_0_all_typeA_slice_147
INFO: [VRFC 10-311] analyzing module prueba_bd_ila_1_0_ltlib_v1_0_0_all_typeA_slice_150
INFO: [VRFC 10-311] analyzing module prueba_bd_ila_1_0_ltlib_v1_0_0_all_typeA_slice_153
INFO: [VRFC 10-311] analyzing module prueba_bd_ila_1_0_ltlib_v1_0_0_all_typeA_slice_156
INFO: [VRFC 10-311] analyzing module prueba_bd_ila_1_0_ltlib_v1_0_0_all_typeA_slice_159
INFO: [VRFC 10-311] analyzing module prueba_bd_ila_1_0_ltlib_v1_0_0_all_typeA_slice_162
INFO: [VRFC 10-311] analyzing module prueba_bd_ila_1_0_ltlib_v1_0_0_all_typeA_slice_165
INFO: [VRFC 10-311] analyzing module prueba_bd_ila_1_0_ltlib_v1_0_0_all_typeA_slice_44
INFO: [VRFC 10-311] analyzing module prueba_bd_ila_1_0_ltlib_v1_0_0_all_typeA_slice_50
INFO: [VRFC 10-311] analyzing module prueba_bd_ila_1_0_ltlib_v1_0_0_all_typeA_slice_56
INFO: [VRFC 10-311] analyzing module prueba_bd_ila_1_0_ltlib_v1_0_0_all_typeA_slice_62
INFO: [VRFC 10-311] analyzing module prueba_bd_ila_1_0_ltlib_v1_0_0_all_typeA_slice_68
INFO: [VRFC 10-311] analyzing module prueba_bd_ila_1_0_ltlib_v1_0_0_all_typeA_slice_69
INFO: [VRFC 10-311] analyzing module prueba_bd_ila_1_0_ltlib_v1_0_0_all_typeA_slice_72
INFO: [VRFC 10-311] analyzing module prueba_bd_ila_1_0_ltlib_v1_0_0_all_typeA_slice_75
INFO: [VRFC 10-311] analyzing module prueba_bd_ila_1_0_ltlib_v1_0_0_all_typeA_slice_78
INFO: [VRFC 10-311] analyzing module prueba_bd_ila_1_0_ltlib_v1_0_0_all_typeA_slice_81
INFO: [VRFC 10-311] analyzing module prueba_bd_ila_1_0_ltlib_v1_0_0_all_typeA_slice_84
INFO: [VRFC 10-311] analyzing module prueba_bd_ila_1_0_ltlib_v1_0_0_all_typeA_slice_87
INFO: [VRFC 10-311] analyzing module prueba_bd_ila_1_0_ltlib_v1_0_0_all_typeA_slice_90
INFO: [VRFC 10-311] analyzing module prueba_bd_ila_1_0_ltlib_v1_0_0_all_typeA_slice_93
INFO: [VRFC 10-311] analyzing module prueba_bd_ila_1_0_ltlib_v1_0_0_all_typeA_slice_96
INFO: [VRFC 10-311] analyzing module prueba_bd_ila_1_0_ltlib_v1_0_0_all_typeA_slice_99
INFO: [VRFC 10-311] analyzing module prueba_bd_ila_1_0_ltlib_v1_0_0_all_typeA_slice__parameterized0
INFO: [VRFC 10-311] analyzing module prueba_bd_ila_1_0_ltlib_v1_0_0_all_typeA_slice__parameterized0_37
INFO: [VRFC 10-311] analyzing module prueba_bd_ila_1_0_ltlib_v1_0_0_all_typeA_slice__parameterized0_38
INFO: [VRFC 10-311] analyzing module prueba_bd_ila_1_0_ltlib_v1_0_0_all_typeA_slice__parameterized0_41
INFO: [VRFC 10-311] analyzing module prueba_bd_ila_1_0_ltlib_v1_0_0_all_typeA_slice__parameterized0_42
INFO: [VRFC 10-311] analyzing module prueba_bd_ila_1_0_ltlib_v1_0_0_all_typeA_slice__parameterized0_43
INFO: [VRFC 10-311] analyzing module prueba_bd_ila_1_0_ltlib_v1_0_0_all_typeA_slice__parameterized0_47
INFO: [VRFC 10-311] analyzing module prueba_bd_ila_1_0_ltlib_v1_0_0_all_typeA_slice__parameterized0_48
INFO: [VRFC 10-311] analyzing module prueba_bd_ila_1_0_ltlib_v1_0_0_all_typeA_slice__parameterized0_49
INFO: [VRFC 10-311] analyzing module prueba_bd_ila_1_0_ltlib_v1_0_0_all_typeA_slice__parameterized0_53
INFO: [VRFC 10-311] analyzing module prueba_bd_ila_1_0_ltlib_v1_0_0_all_typeA_slice__parameterized0_54
INFO: [VRFC 10-311] analyzing module prueba_bd_ila_1_0_ltlib_v1_0_0_all_typeA_slice__parameterized0_55
INFO: [VRFC 10-311] analyzing module prueba_bd_ila_1_0_ltlib_v1_0_0_all_typeA_slice__parameterized0_59
INFO: [VRFC 10-311] analyzing module prueba_bd_ila_1_0_ltlib_v1_0_0_all_typeA_slice__parameterized0_60
INFO: [VRFC 10-311] analyzing module prueba_bd_ila_1_0_ltlib_v1_0_0_all_typeA_slice__parameterized0_61
INFO: [VRFC 10-311] analyzing module prueba_bd_ila_1_0_ltlib_v1_0_0_all_typeA_slice__parameterized0_65
INFO: [VRFC 10-311] analyzing module prueba_bd_ila_1_0_ltlib_v1_0_0_all_typeA_slice__parameterized0_66
INFO: [VRFC 10-311] analyzing module prueba_bd_ila_1_0_ltlib_v1_0_0_all_typeA_slice__parameterized0_67
INFO: [VRFC 10-311] analyzing module prueba_bd_ila_1_0_ltlib_v1_0_0_all_typeA_slice__parameterized1
INFO: [VRFC 10-311] analyzing module prueba_bd_ila_1_0_ltlib_v1_0_0_all_typeA_slice__parameterized1_195
INFO: [VRFC 10-311] analyzing module prueba_bd_ila_1_0_ltlib_v1_0_0_all_typeA_slice__parameterized1_203
INFO: [VRFC 10-311] analyzing module prueba_bd_ila_1_0_ltlib_v1_0_0_all_typeA_slice__parameterized2
INFO: [VRFC 10-311] analyzing module prueba_bd_ila_1_0_ltlib_v1_0_0_all_typeA_slice__parameterized2_196
INFO: [VRFC 10-311] analyzing module prueba_bd_ila_1_0_ltlib_v1_0_0_all_typeA_slice__parameterized2_204
INFO: [VRFC 10-311] analyzing module prueba_bd_ila_1_0_ltlib_v1_0_0_allx_typeA
INFO: [VRFC 10-311] analyzing module prueba_bd_ila_1_0_ltlib_v1_0_0_allx_typeA_100
INFO: [VRFC 10-311] analyzing module prueba_bd_ila_1_0_ltlib_v1_0_0_allx_typeA_103
INFO: [VRFC 10-311] analyzing module prueba_bd_ila_1_0_ltlib_v1_0_0_allx_typeA_106
INFO: [VRFC 10-311] analyzing module prueba_bd_ila_1_0_ltlib_v1_0_0_allx_typeA_109
INFO: [VRFC 10-311] analyzing module prueba_bd_ila_1_0_ltlib_v1_0_0_allx_typeA_112
INFO: [VRFC 10-311] analyzing module prueba_bd_ila_1_0_ltlib_v1_0_0_allx_typeA_115
INFO: [VRFC 10-311] analyzing module prueba_bd_ila_1_0_ltlib_v1_0_0_allx_typeA_118
INFO: [VRFC 10-311] analyzing module prueba_bd_ila_1_0_ltlib_v1_0_0_allx_typeA_121
INFO: [VRFC 10-311] analyzing module prueba_bd_ila_1_0_ltlib_v1_0_0_allx_typeA_124
INFO: [VRFC 10-311] analyzing module prueba_bd_ila_1_0_ltlib_v1_0_0_allx_typeA_127
INFO: [VRFC 10-311] analyzing module prueba_bd_ila_1_0_ltlib_v1_0_0_allx_typeA_130
INFO: [VRFC 10-311] analyzing module prueba_bd_ila_1_0_ltlib_v1_0_0_allx_typeA_133
INFO: [VRFC 10-311] analyzing module prueba_bd_ila_1_0_ltlib_v1_0_0_allx_typeA_136
INFO: [VRFC 10-311] analyzing module prueba_bd_ila_1_0_ltlib_v1_0_0_allx_typeA_139
INFO: [VRFC 10-311] analyzing module prueba_bd_ila_1_0_ltlib_v1_0_0_allx_typeA_142
INFO: [VRFC 10-311] analyzing module prueba_bd_ila_1_0_ltlib_v1_0_0_allx_typeA_145
INFO: [VRFC 10-311] analyzing module prueba_bd_ila_1_0_ltlib_v1_0_0_allx_typeA_148
INFO: [VRFC 10-311] analyzing module prueba_bd_ila_1_0_ltlib_v1_0_0_allx_typeA_151
INFO: [VRFC 10-311] analyzing module prueba_bd_ila_1_0_ltlib_v1_0_0_allx_typeA_154
INFO: [VRFC 10-311] analyzing module prueba_bd_ila_1_0_ltlib_v1_0_0_allx_typeA_157
INFO: [VRFC 10-311] analyzing module prueba_bd_ila_1_0_ltlib_v1_0_0_allx_typeA_160
INFO: [VRFC 10-311] analyzing module prueba_bd_ila_1_0_ltlib_v1_0_0_allx_typeA_163
INFO: [VRFC 10-311] analyzing module prueba_bd_ila_1_0_ltlib_v1_0_0_allx_typeA_70
INFO: [VRFC 10-311] analyzing module prueba_bd_ila_1_0_ltlib_v1_0_0_allx_typeA_73
INFO: [VRFC 10-311] analyzing module prueba_bd_ila_1_0_ltlib_v1_0_0_allx_typeA_76
INFO: [VRFC 10-311] analyzing module prueba_bd_ila_1_0_ltlib_v1_0_0_allx_typeA_79
INFO: [VRFC 10-311] analyzing module prueba_bd_ila_1_0_ltlib_v1_0_0_allx_typeA_82
INFO: [VRFC 10-311] analyzing module prueba_bd_ila_1_0_ltlib_v1_0_0_allx_typeA_85
INFO: [VRFC 10-311] analyzing module prueba_bd_ila_1_0_ltlib_v1_0_0_allx_typeA_88
INFO: [VRFC 10-311] analyzing module prueba_bd_ila_1_0_ltlib_v1_0_0_allx_typeA_91
INFO: [VRFC 10-311] analyzing module prueba_bd_ila_1_0_ltlib_v1_0_0_allx_typeA_94
INFO: [VRFC 10-311] analyzing module prueba_bd_ila_1_0_ltlib_v1_0_0_allx_typeA_97
INFO: [VRFC 10-311] analyzing module prueba_bd_ila_1_0_ltlib_v1_0_0_allx_typeA__parameterized0
INFO: [VRFC 10-311] analyzing module prueba_bd_ila_1_0_ltlib_v1_0_0_allx_typeA__parameterized0_39
INFO: [VRFC 10-311] analyzing module prueba_bd_ila_1_0_ltlib_v1_0_0_allx_typeA__parameterized0_45
INFO: [VRFC 10-311] analyzing module prueba_bd_ila_1_0_ltlib_v1_0_0_allx_typeA__parameterized0_51
INFO: [VRFC 10-311] analyzing module prueba_bd_ila_1_0_ltlib_v1_0_0_allx_typeA__parameterized0_57
INFO: [VRFC 10-311] analyzing module prueba_bd_ila_1_0_ltlib_v1_0_0_allx_typeA__parameterized0_63
INFO: [VRFC 10-311] analyzing module prueba_bd_ila_1_0_ltlib_v1_0_0_allx_typeA_nodelay
INFO: [VRFC 10-311] analyzing module prueba_bd_ila_1_0_ltlib_v1_0_0_allx_typeA_nodelay_193
INFO: [VRFC 10-311] analyzing module prueba_bd_ila_1_0_ltlib_v1_0_0_allx_typeA_nodelay_201
INFO: [VRFC 10-311] analyzing module prueba_bd_ila_1_0_ltlib_v1_0_0_async_edge_xfer
INFO: [VRFC 10-311] analyzing module prueba_bd_ila_1_0_ltlib_v1_0_0_async_edge_xfer_166
INFO: [VRFC 10-311] analyzing module prueba_bd_ila_1_0_ltlib_v1_0_0_async_edge_xfer_167
INFO: [VRFC 10-311] analyzing module prueba_bd_ila_1_0_ltlib_v1_0_0_async_edge_xfer_168
INFO: [VRFC 10-311] analyzing module prueba_bd_ila_1_0_ltlib_v1_0_0_cfglut4
INFO: [VRFC 10-311] analyzing module prueba_bd_ila_1_0_ltlib_v1_0_0_cfglut4_197
INFO: [VRFC 10-311] analyzing module prueba_bd_ila_1_0_ltlib_v1_0_0_cfglut5
INFO: [VRFC 10-311] analyzing module prueba_bd_ila_1_0_ltlib_v1_0_0_cfglut5_191
INFO: [VRFC 10-311] analyzing module prueba_bd_ila_1_0_ltlib_v1_0_0_cfglut5_198
INFO: [VRFC 10-311] analyzing module prueba_bd_ila_1_0_ltlib_v1_0_0_cfglut6
INFO: [VRFC 10-311] analyzing module prueba_bd_ila_1_0_ltlib_v1_0_0_cfglut6_199
INFO: [VRFC 10-311] analyzing module prueba_bd_ila_1_0_ltlib_v1_0_0_cfglut6__parameterized0
INFO: [VRFC 10-311] analyzing module prueba_bd_ila_1_0_ltlib_v1_0_0_cfglut7
INFO: [VRFC 10-311] analyzing module prueba_bd_ila_1_0_ltlib_v1_0_0_cfglut7_190
INFO: [VRFC 10-311] analyzing module prueba_bd_ila_1_0_ltlib_v1_0_0_generic_memrd
INFO: [VRFC 10-311] analyzing module prueba_bd_ila_1_0_ltlib_v1_0_0_match
INFO: [VRFC 10-311] analyzing module prueba_bd_ila_1_0_ltlib_v1_0_0_match_0
INFO: [VRFC 10-311] analyzing module prueba_bd_ila_1_0_ltlib_v1_0_0_match_1
INFO: [VRFC 10-311] analyzing module prueba_bd_ila_1_0_ltlib_v1_0_0_match_10
INFO: [VRFC 10-311] analyzing module prueba_bd_ila_1_0_ltlib_v1_0_0_match_11
INFO: [VRFC 10-311] analyzing module prueba_bd_ila_1_0_ltlib_v1_0_0_match_12
INFO: [VRFC 10-311] analyzing module prueba_bd_ila_1_0_ltlib_v1_0_0_match_13
INFO: [VRFC 10-311] analyzing module prueba_bd_ila_1_0_ltlib_v1_0_0_match_14
INFO: [VRFC 10-311] analyzing module prueba_bd_ila_1_0_ltlib_v1_0_0_match_15
INFO: [VRFC 10-311] analyzing module prueba_bd_ila_1_0_ltlib_v1_0_0_match_16
INFO: [VRFC 10-311] analyzing module prueba_bd_ila_1_0_ltlib_v1_0_0_match_17
INFO: [VRFC 10-311] analyzing module prueba_bd_ila_1_0_ltlib_v1_0_0_match_18
INFO: [VRFC 10-311] analyzing module prueba_bd_ila_1_0_ltlib_v1_0_0_match_19
INFO: [VRFC 10-311] analyzing module prueba_bd_ila_1_0_ltlib_v1_0_0_match_2
INFO: [VRFC 10-311] analyzing module prueba_bd_ila_1_0_ltlib_v1_0_0_match_20
INFO: [VRFC 10-311] analyzing module prueba_bd_ila_1_0_ltlib_v1_0_0_match_21
INFO: [VRFC 10-311] analyzing module prueba_bd_ila_1_0_ltlib_v1_0_0_match_22
INFO: [VRFC 10-311] analyzing module prueba_bd_ila_1_0_ltlib_v1_0_0_match_23
INFO: [VRFC 10-311] analyzing module prueba_bd_ila_1_0_ltlib_v1_0_0_match_24
INFO: [VRFC 10-311] analyzing module prueba_bd_ila_1_0_ltlib_v1_0_0_match_25
INFO: [VRFC 10-311] analyzing module prueba_bd_ila_1_0_ltlib_v1_0_0_match_26
INFO: [VRFC 10-311] analyzing module prueba_bd_ila_1_0_ltlib_v1_0_0_match_27
INFO: [VRFC 10-311] analyzing module prueba_bd_ila_1_0_ltlib_v1_0_0_match_28
INFO: [VRFC 10-311] analyzing module prueba_bd_ila_1_0_ltlib_v1_0_0_match_29
INFO: [VRFC 10-311] analyzing module prueba_bd_ila_1_0_ltlib_v1_0_0_match_3
INFO: [VRFC 10-311] analyzing module prueba_bd_ila_1_0_ltlib_v1_0_0_match_30
INFO: [VRFC 10-311] analyzing module prueba_bd_ila_1_0_ltlib_v1_0_0_match_31
INFO: [VRFC 10-311] analyzing module prueba_bd_ila_1_0_ltlib_v1_0_0_match_4
INFO: [VRFC 10-311] analyzing module prueba_bd_ila_1_0_ltlib_v1_0_0_match_5
INFO: [VRFC 10-311] analyzing module prueba_bd_ila_1_0_ltlib_v1_0_0_match_6
INFO: [VRFC 10-311] analyzing module prueba_bd_ila_1_0_ltlib_v1_0_0_match_7
INFO: [VRFC 10-311] analyzing module prueba_bd_ila_1_0_ltlib_v1_0_0_match_8
INFO: [VRFC 10-311] analyzing module prueba_bd_ila_1_0_ltlib_v1_0_0_match_9
INFO: [VRFC 10-311] analyzing module prueba_bd_ila_1_0_ltlib_v1_0_0_match__parameterized0
INFO: [VRFC 10-311] analyzing module prueba_bd_ila_1_0_ltlib_v1_0_0_match__parameterized0_32
INFO: [VRFC 10-311] analyzing module prueba_bd_ila_1_0_ltlib_v1_0_0_match__parameterized0_33
INFO: [VRFC 10-311] analyzing module prueba_bd_ila_1_0_ltlib_v1_0_0_match__parameterized0_34
INFO: [VRFC 10-311] analyzing module prueba_bd_ila_1_0_ltlib_v1_0_0_match__parameterized0_35
INFO: [VRFC 10-311] analyzing module prueba_bd_ila_1_0_ltlib_v1_0_0_match__parameterized0_36
INFO: [VRFC 10-311] analyzing module prueba_bd_ila_1_0_ltlib_v1_0_0_match_nodelay
INFO: [VRFC 10-311] analyzing module prueba_bd_ila_1_0_ltlib_v1_0_0_match_nodelay_192
INFO: [VRFC 10-311] analyzing module prueba_bd_ila_1_0_ltlib_v1_0_0_match_nodelay_200
INFO: [VRFC 10-311] analyzing module prueba_bd_ila_1_0_ltlib_v1_0_0_rising_edge_detection
INFO: [VRFC 10-311] analyzing module prueba_bd_ila_1_0_ltlib_v1_0_0_rising_edge_detection_169
INFO: [VRFC 10-311] analyzing module prueba_bd_ila_1_0_xsdbs_v1_0_2_reg__parameterized18
INFO: [VRFC 10-311] analyzing module prueba_bd_ila_1_0_xsdbs_v1_0_2_reg__parameterized19
INFO: [VRFC 10-311] analyzing module prueba_bd_ila_1_0_xsdbs_v1_0_2_reg__parameterized20
INFO: [VRFC 10-311] analyzing module prueba_bd_ila_1_0_xsdbs_v1_0_2_reg__parameterized21
INFO: [VRFC 10-311] analyzing module prueba_bd_ila_1_0_xsdbs_v1_0_2_reg__parameterized33
INFO: [VRFC 10-311] analyzing module prueba_bd_ila_1_0_xsdbs_v1_0_2_reg__parameterized34
INFO: [VRFC 10-311] analyzing module prueba_bd_ila_1_0_xsdbs_v1_0_2_reg__parameterized35
INFO: [VRFC 10-311] analyzing module prueba_bd_ila_1_0_xsdbs_v1_0_2_reg__parameterized36
INFO: [VRFC 10-311] analyzing module prueba_bd_ila_1_0_xsdbs_v1_0_2_reg__parameterized37
INFO: [VRFC 10-311] analyzing module prueba_bd_ila_1_0_xsdbs_v1_0_2_reg__parameterized38
INFO: [VRFC 10-311] analyzing module prueba_bd_ila_1_0_xsdbs_v1_0_2_reg__parameterized39
INFO: [VRFC 10-311] analyzing module prueba_bd_ila_1_0_xsdbs_v1_0_2_reg__parameterized40
INFO: [VRFC 10-311] analyzing module prueba_bd_ila_1_0_xsdbs_v1_0_2_reg__parameterized41
INFO: [VRFC 10-311] analyzing module prueba_bd_ila_1_0_xsdbs_v1_0_2_reg__parameterized42
INFO: [VRFC 10-311] analyzing module prueba_bd_ila_1_0_xsdbs_v1_0_2_reg__parameterized43
INFO: [VRFC 10-311] analyzing module prueba_bd_ila_1_0_xsdbs_v1_0_2_reg__parameterized44
INFO: [VRFC 10-311] analyzing module prueba_bd_ila_1_0_xsdbs_v1_0_2_reg__parameterized46
INFO: [VRFC 10-311] analyzing module prueba_bd_ila_1_0_xsdbs_v1_0_2_reg__parameterized48
INFO: [VRFC 10-311] analyzing module prueba_bd_ila_1_0_xsdbs_v1_0_2_reg__parameterized49
INFO: [VRFC 10-311] analyzing module prueba_bd_ila_1_0_xsdbs_v1_0_2_reg__parameterized50
INFO: [VRFC 10-311] analyzing module prueba_bd_ila_1_0_xsdbs_v1_0_2_reg__parameterized51
INFO: [VRFC 10-311] analyzing module prueba_bd_ila_1_0_xsdbs_v1_0_2_reg_ctl
INFO: [VRFC 10-311] analyzing module prueba_bd_ila_1_0_xsdbs_v1_0_2_reg_ctl_175
INFO: [VRFC 10-311] analyzing module prueba_bd_ila_1_0_xsdbs_v1_0_2_reg_ctl_176
INFO: [VRFC 10-311] analyzing module prueba_bd_ila_1_0_xsdbs_v1_0_2_reg_ctl_177
INFO: [VRFC 10-311] analyzing module prueba_bd_ila_1_0_xsdbs_v1_0_2_reg_ctl_178
INFO: [VRFC 10-311] analyzing module prueba_bd_ila_1_0_xsdbs_v1_0_2_reg_ctl_181
INFO: [VRFC 10-311] analyzing module prueba_bd_ila_1_0_xsdbs_v1_0_2_reg_ctl_182
INFO: [VRFC 10-311] analyzing module prueba_bd_ila_1_0_xsdbs_v1_0_2_reg_ctl_183
INFO: [VRFC 10-311] analyzing module prueba_bd_ila_1_0_xsdbs_v1_0_2_reg_ctl_184
INFO: [VRFC 10-311] analyzing module prueba_bd_ila_1_0_xsdbs_v1_0_2_reg_ctl_185
INFO: [VRFC 10-311] analyzing module prueba_bd_ila_1_0_xsdbs_v1_0_2_reg_ctl_186
INFO: [VRFC 10-311] analyzing module prueba_bd_ila_1_0_xsdbs_v1_0_2_reg_ctl_188
INFO: [VRFC 10-311] analyzing module prueba_bd_ila_1_0_xsdbs_v1_0_2_reg_ctl__parameterized0
INFO: [VRFC 10-311] analyzing module prueba_bd_ila_1_0_xsdbs_v1_0_2_reg_ctl__parameterized1
INFO: [VRFC 10-311] analyzing module prueba_bd_ila_1_0_xsdbs_v1_0_2_reg_ctl__parameterized2
INFO: [VRFC 10-311] analyzing module prueba_bd_ila_1_0_xsdbs_v1_0_2_reg_ctl__parameterized2_179
INFO: [VRFC 10-311] analyzing module prueba_bd_ila_1_0_xsdbs_v1_0_2_reg_p2s
INFO: [VRFC 10-311] analyzing module prueba_bd_ila_1_0_xsdbs_v1_0_2_reg_p2s__parameterized0
INFO: [VRFC 10-311] analyzing module prueba_bd_ila_1_0_xsdbs_v1_0_2_reg_p2s__parameterized1
INFO: [VRFC 10-311] analyzing module prueba_bd_ila_1_0_xsdbs_v1_0_2_reg_p2s__parameterized10
INFO: [VRFC 10-311] analyzing module prueba_bd_ila_1_0_xsdbs_v1_0_2_reg_p2s__parameterized11
INFO: [VRFC 10-311] analyzing module prueba_bd_ila_1_0_xsdbs_v1_0_2_reg_p2s__parameterized12
INFO: [VRFC 10-311] analyzing module prueba_bd_ila_1_0_xsdbs_v1_0_2_reg_p2s__parameterized13
INFO: [VRFC 10-311] analyzing module prueba_bd_ila_1_0_xsdbs_v1_0_2_reg_p2s__parameterized14
INFO: [VRFC 10-311] analyzing module prueba_bd_ila_1_0_xsdbs_v1_0_2_reg_p2s__parameterized15
INFO: [VRFC 10-311] analyzing module prueba_bd_ila_1_0_xsdbs_v1_0_2_reg_p2s__parameterized16
INFO: [VRFC 10-311] analyzing module prueba_bd_ila_1_0_xsdbs_v1_0_2_reg_p2s__parameterized17
INFO: [VRFC 10-311] analyzing module prueba_bd_ila_1_0_xsdbs_v1_0_2_reg_p2s__parameterized18
INFO: [VRFC 10-311] analyzing module prueba_bd_ila_1_0_xsdbs_v1_0_2_reg_p2s__parameterized19
INFO: [VRFC 10-311] analyzing module prueba_bd_ila_1_0_xsdbs_v1_0_2_reg_p2s__parameterized2
INFO: [VRFC 10-311] analyzing module prueba_bd_ila_1_0_xsdbs_v1_0_2_reg_p2s__parameterized20
INFO: [VRFC 10-311] analyzing module prueba_bd_ila_1_0_xsdbs_v1_0_2_reg_p2s__parameterized21
INFO: [VRFC 10-311] analyzing module prueba_bd_ila_1_0_xsdbs_v1_0_2_reg_p2s__parameterized22
INFO: [VRFC 10-311] analyzing module prueba_bd_ila_1_0_xsdbs_v1_0_2_reg_p2s__parameterized23
INFO: [VRFC 10-311] analyzing module prueba_bd_ila_1_0_xsdbs_v1_0_2_reg_p2s__parameterized24
INFO: [VRFC 10-311] analyzing module prueba_bd_ila_1_0_xsdbs_v1_0_2_reg_p2s__parameterized25
INFO: [VRFC 10-311] analyzing module prueba_bd_ila_1_0_xsdbs_v1_0_2_reg_p2s__parameterized26
INFO: [VRFC 10-311] analyzing module prueba_bd_ila_1_0_xsdbs_v1_0_2_reg_p2s__parameterized27
INFO: [VRFC 10-311] analyzing module prueba_bd_ila_1_0_xsdbs_v1_0_2_reg_p2s__parameterized28
INFO: [VRFC 10-311] analyzing module prueba_bd_ila_1_0_xsdbs_v1_0_2_reg_p2s__parameterized29
INFO: [VRFC 10-311] analyzing module prueba_bd_ila_1_0_xsdbs_v1_0_2_reg_p2s__parameterized3
INFO: [VRFC 10-311] analyzing module prueba_bd_ila_1_0_xsdbs_v1_0_2_reg_p2s__parameterized30
INFO: [VRFC 10-311] analyzing module prueba_bd_ila_1_0_xsdbs_v1_0_2_reg_p2s__parameterized31
INFO: [VRFC 10-311] analyzing module prueba_bd_ila_1_0_xsdbs_v1_0_2_reg_p2s__parameterized32
INFO: [VRFC 10-311] analyzing module prueba_bd_ila_1_0_xsdbs_v1_0_2_reg_p2s__parameterized33
INFO: [VRFC 10-311] analyzing module prueba_bd_ila_1_0_xsdbs_v1_0_2_reg_p2s__parameterized34
INFO: [VRFC 10-311] analyzing module prueba_bd_ila_1_0_xsdbs_v1_0_2_reg_p2s__parameterized35
INFO: [VRFC 10-311] analyzing module prueba_bd_ila_1_0_xsdbs_v1_0_2_reg_p2s__parameterized36
INFO: [VRFC 10-311] analyzing module prueba_bd_ila_1_0_xsdbs_v1_0_2_reg_p2s__parameterized37
INFO: [VRFC 10-311] analyzing module prueba_bd_ila_1_0_xsdbs_v1_0_2_reg_p2s__parameterized38
INFO: [VRFC 10-311] analyzing module prueba_bd_ila_1_0_xsdbs_v1_0_2_reg_p2s__parameterized39
INFO: [VRFC 10-311] analyzing module prueba_bd_ila_1_0_xsdbs_v1_0_2_reg_p2s__parameterized4
INFO: [VRFC 10-311] analyzing module prueba_bd_ila_1_0_xsdbs_v1_0_2_reg_p2s__parameterized40
INFO: [VRFC 10-311] analyzing module prueba_bd_ila_1_0_xsdbs_v1_0_2_reg_p2s__parameterized41
INFO: [VRFC 10-311] analyzing module prueba_bd_ila_1_0_xsdbs_v1_0_2_reg_p2s__parameterized42
INFO: [VRFC 10-311] analyzing module prueba_bd_ila_1_0_xsdbs_v1_0_2_reg_p2s__parameterized5
INFO: [VRFC 10-311] analyzing module prueba_bd_ila_1_0_xsdbs_v1_0_2_reg_p2s__parameterized6
INFO: [VRFC 10-311] analyzing module prueba_bd_ila_1_0_xsdbs_v1_0_2_reg_p2s__parameterized7
INFO: [VRFC 10-311] analyzing module prueba_bd_ila_1_0_xsdbs_v1_0_2_reg_p2s__parameterized8
INFO: [VRFC 10-311] analyzing module prueba_bd_ila_1_0_xsdbs_v1_0_2_reg_p2s__parameterized9
INFO: [VRFC 10-311] analyzing module prueba_bd_ila_1_0_xsdbs_v1_0_2_reg_stat
INFO: [VRFC 10-311] analyzing module prueba_bd_ila_1_0_xsdbs_v1_0_2_reg_stat_170
INFO: [VRFC 10-311] analyzing module prueba_bd_ila_1_0_xsdbs_v1_0_2_reg_stat_171
INFO: [VRFC 10-311] analyzing module prueba_bd_ila_1_0_xsdbs_v1_0_2_reg_stat_172
INFO: [VRFC 10-311] analyzing module prueba_bd_ila_1_0_xsdbs_v1_0_2_reg_stat_173
INFO: [VRFC 10-311] analyzing module prueba_bd_ila_1_0_xsdbs_v1_0_2_reg_stat_174
INFO: [VRFC 10-311] analyzing module prueba_bd_ila_1_0_xsdbs_v1_0_2_reg_stat_180
INFO: [VRFC 10-311] analyzing module prueba_bd_ila_1_0_xsdbs_v1_0_2_reg_stat_187
INFO: [VRFC 10-311] analyzing module prueba_bd_ila_1_0_xsdbs_v1_0_2_reg_stat_189
INFO: [VRFC 10-311] analyzing module prueba_bd_ila_1_0_xsdbs_v1_0_2_reg_stream
INFO: [VRFC 10-311] analyzing module prueba_bd_ila_1_0_xsdbs_v1_0_2_reg_stream__parameterized0
INFO: [VRFC 10-311] analyzing module prueba_bd_ila_1_0_xsdbs_v1_0_2_reg_stream__parameterized1
INFO: [VRFC 10-311] analyzing module prueba_bd_ila_1_0_xsdbs_v1_0_2_reg_stream__parameterized2
INFO: [VRFC 10-311] analyzing module prueba_bd_ila_1_0_xsdbs_v1_0_2_xsdbs
INFO: [VRFC 10-311] analyzing module prueba_bd_ila_0_0_blk_mem_gen_v8_4_4
INFO: [VRFC 10-311] analyzing module prueba_bd_ila_0_0_blk_mem_gen_v8_4_4_blk_mem_gen_generic_cstr
INFO: [VRFC 10-311] analyzing module prueba_bd_ila_0_0_blk_mem_gen_v8_4_4_blk_mem_gen_prim_width
INFO: [VRFC 10-311] analyzing module prueba_bd_ila_0_0_blk_mem_gen_v8_4_4_blk_mem_gen_prim_width__parameterized0
INFO: [VRFC 10-311] analyzing module prueba_bd_ila_0_0_blk_mem_gen_v8_4_4_blk_mem_gen_prim_width__parameterized1
INFO: [VRFC 10-311] analyzing module prueba_bd_ila_0_0_blk_mem_gen_v8_4_4_blk_mem_gen_prim_wrapper
INFO: [VRFC 10-311] analyzing module prueba_bd_ila_0_0_blk_mem_gen_v8_4_4_blk_mem_gen_prim_wrapper__parameterized0
INFO: [VRFC 10-311] analyzing module prueba_bd_ila_0_0_blk_mem_gen_v8_4_4_blk_mem_gen_prim_wrapper__parameterized1
INFO: [VRFC 10-311] analyzing module prueba_bd_ila_0_0_blk_mem_gen_v8_4_4_blk_mem_gen_top
INFO: [VRFC 10-311] analyzing module prueba_bd_ila_0_0_blk_mem_gen_v8_4_4_synth
INFO: [VRFC 10-311] analyzing module prueba_bd_ila_1_0_blk_mem_gen_v8_4_4
INFO: [VRFC 10-311] analyzing module prueba_bd_ila_1_0_blk_mem_gen_v8_4_4_blk_mem_gen_generic_cstr
INFO: [VRFC 10-311] analyzing module prueba_bd_ila_1_0_blk_mem_gen_v8_4_4_blk_mem_gen_prim_width
INFO: [VRFC 10-311] analyzing module prueba_bd_ila_1_0_blk_mem_gen_v8_4_4_blk_mem_gen_prim_width__parameterized0
INFO: [VRFC 10-311] analyzing module prueba_bd_ila_1_0_blk_mem_gen_v8_4_4_blk_mem_gen_prim_width__parameterized1
INFO: [VRFC 10-311] analyzing module prueba_bd_ila_1_0_blk_mem_gen_v8_4_4_blk_mem_gen_prim_wrapper
INFO: [VRFC 10-311] analyzing module prueba_bd_ila_1_0_blk_mem_gen_v8_4_4_blk_mem_gen_prim_wrapper__parameterized0
INFO: [VRFC 10-311] analyzing module prueba_bd_ila_1_0_blk_mem_gen_v8_4_4_blk_mem_gen_prim_wrapper__parameterized1
INFO: [VRFC 10-311] analyzing module prueba_bd_ila_1_0_blk_mem_gen_v8_4_4_blk_mem_gen_top
INFO: [VRFC 10-311] analyzing module prueba_bd_ila_1_0_blk_mem_gen_v8_4_4_synth
INFO: [VRFC 10-311] analyzing module glbl
