Time resolution is 1 ps
Plaintext:                                       0
Encrypted data:                                       0
INPUT mixColumns: 7c, 77, 77, f2, 6f, 6b, 30, 6b, 30, fe, 01, 67, 63, d7, ab, 2b,
INPUT mixColumns: 41, 87, bc, eb, 9e, e2, f0, 17, 02, 34, f4, a8, 69, 47, 7e, cd,
INPUT mixColumns: 74, 68, e8, 15, 4b, d2, 1d, 89, 10, f3, fb, 58, 81, 7b, 9b, 54,
INPUT mixColumns: a1, b5, 19, 5e, c0, 49, f5, eb, eb, 95, 4b, 70, 39, 68, 7d, 7f,
INPUT mixColumns: 30, be, 5b, 89, 37, a8, 36, 08, 91, 45, 66, ce, 49, 72, e8, 87,
INPUT mixColumns: f7, a2, b5, 5b, 9d, 6f, 09, 4c, f9, ec, fb, 99, ff, f5, 89, 7e,
INPUT mixColumns: 2d, d6, 17, 8c, 39, 26, 68, b9, 0f, d9, 1d, 6d, a8, 22, 46, 6b,
INPUT mixColumns: b6, 71, 63, 05, 68, 30, 16, d1, ab, 01, 03, af, ea, 67, 7f, 19,
INPUT mixColumns: 3b, 7d, b0, 1a, 9f, fb, d5, 81, 04, 49, a2, 8a, 0a, 78, e8, 7c,
INPUT mixColumns: 56, 6b, ac, 74, 6d, 68, a9, af, dc, e3, 20, a5, 01, 5b, ed, b5,
INPUT mixColumns: 12, 4e, 0b, 61, cd, eb, 0d, 3a, 8f, 41, 5d, 36, a3, a2, d0, 20,
INPUT mixColumns: 1a, 7e, 8a, e9, df, 57, b8, ca, 97, 93, 20, d7, d6, bd, 88, f0,
INPUT mixColumns: b3, 24, ad, 70, 3c, 72, b6, 99, b2, 3b, a6, 2c, 88, 34, 04, 06,
Something is not working buddy
Should be: 633aadc43c56b3d6ea93bcfe994d587a 
Is: 06175a036a4ed39cb44ec2d2be1c18a4
$finish called at time : 6650 ns : File "/home/adrian/Desktop/AES256-HW-Accelerator/verilogCode/tb/tb_AES256_enc_FSM_AXI.sv" Line 137
