Time resolution is 1 ps
xxxxxxxxxxxxxxxxxxxxxxxxxxxxxxxxxxxxxxxxxxxxxxxxxxxxxxxxxxxxxxxx
00000000000000000000000000000000000000000000000000000000000000000000000000000000000000000000000000000000000000000000000000000000000000000000000000000000000000000000000000000000000000000000000000000000000000000000000000000000000000000000000000000000000000000000000000000000000000000000000000000000000000000000000000000000000000000000000000000000000000000000000000000000000000000000000000000000000000000000000000000000xxxxxxxxxxxxxxxxxxxxxxxxxxxxxxxxxxxxxxxxxxxxxxxxxxxxxxxxxxxxxxxx
xxxxxxxxxxxxxxxxxxxxxxxxxxxxxxxxxxxxxxxxxxxxxxxxxxxxxxxxxxxxxxxx
00000000000000000000000000000000000000000000000000000000000000000000000000000000000000000000000000000000000000000000000000000000000000000000000000000000000000000000000000000000000000000000000000000000000000000000000000000000000000000000000000000000000000000000000000000000000000000000000000000000000000000000000000000000000000000000000000000000000000000000000000000000000000000000000000000000000000000000000000000000xxxxxxxxxxxxxxxxxxxxxxxxxxxxxxxxxxxxxxxxxxxxxxxxxxxxxxxxxxxxxxxx
0f0e0d0c0b0a090807060504030201000f0e0d0c0b0a09080706050403020100
000000000000000000000000000000000000000000000000000000000000000000000000000000000000000000000000000000000000000000000000000000000000000000000000000000000000000000000000000000000000000000000000000000000000000000000000000000000000000000000000000000000000000000000000000000000000000000000000000000000000000000000000000000000000000000000000000000000000000000000000000000000000000000000000000000000000000000000000000000000f0e0d0c0b0a090807060504030201000f0e0d0c0b0a09080706050403020100
------------- AES KEY GENERATION -------------
00000000
0f0e0d0c 0b0a0908 07060504 03020100 

00000001
03020100 0f0e0d0c 0b0a0908 07060504 

00000002
07060504 03020100 0f0e0d0c 0b0a0908 

00000003
0b0a0908 07060504 03020100 0f0e0d0c 

00000004
0f0e0d0c 0b0a0908 07060504 03020100 

00000005
fd74aad6 0f0e0d0c 0b0a0908 07060504 

00000006
fa72afd2 fd74aad6 0f0e0d0c 0b0a0908 

00000007
f178a6da fa72afd2 fd74aad6 0f0e0d0c 

00000008
fe76abd6 f178a6da fa72afd2 fd74aad6 

00000009
b83a63f6 fe76abd6 f178a6da fa72afd2 

0000000a
bf3c66f2 b83a63f6 fe76abd6 f178a6da 

0000000b
b4366ffa bf3c66f2 b83a63f6 fe76abd6 

0000000c
bb3862f6 b4366ffa bf3c66f2 b83a63f6 

0000000d
bf9ead7e bb3862f6 b4366ffa bf3c66f2 

0000000e
45ec02ac bf9ead7e bb3862f6 b4366ffa 

0000000f
b494a476 45ec02ac bf9ead7e bb3862f6 

-----------------------------------------------
$finish called at time : 250 ns : File "/home/adrian/Desktop/AES256-HW-Accelerator/verilogCode/tb/tb_mod_keygen.sv" Line 78
