Copyright 1986-2021 Xilinx, Inc. All Rights Reserved.
--------------------------------------------------------------------------------------------------
| Tool Version : Vivado v.2021.1 (lin64) Build 3247384 Thu Jun 10 19:36:07 MDT 2021
| Date         : Wed Jan 12 16:17:16 2022
| Host         : TFG-VirtualBox running 64-bit Ubuntu 20.04.3 LTS
| Command      : report_control_sets -verbose -file AES256_device_IP_v1_0_control_sets_placed.rpt
| Design       : AES256_device_IP_v1_0
| Device       : xc7z020
--------------------------------------------------------------------------------------------------

Control Set Information

Table of Contents
-----------------
1. Summary
2. Histogram
3. Flip-Flop Distribution
4. Detailed Control Set Information

1. Summary
----------

+----------------------------------------------------------+-------+
|                          Status                          | Count |
+----------------------------------------------------------+-------+
| Total control sets                                       |    82 |
|    Minimum number of control sets                        |    82 |
|    Addition due to synthesis replication                 |     0 |
|    Addition due to physical synthesis replication        |     0 |
| Unused register locations in slices containing registers |    52 |
+----------------------------------------------------------+-------+
* Control sets can be merged at opt_design using control_set_merge or merge_equivalent_drivers
** Run report_qor_suggestions for automated merging and remapping suggestions


2. Histogram
------------

+--------------------+-------+
|       Fanout       | Count |
+--------------------+-------+
| Total control sets |    82 |
| >= 0 to < 4        |     1 |
| >= 4 to < 6        |     5 |
| >= 6 to < 8        |     1 |
| >= 8 to < 10       |    43 |
| >= 10 to < 12      |     2 |
| >= 12 to < 14      |     0 |
| >= 14 to < 16      |     0 |
| >= 16              |    30 |
+--------------------+-------+
* Control sets can be remapped at either synth_design or opt_design


3. Flip-Flop Distribution
-------------------------

+--------------+-----------------------+------------------------+-----------------+--------------+
| Clock Enable | Synchronous Set/Reset | Asynchronous Set/Reset | Total Registers | Total Slices |
+--------------+-----------------------+------------------------+-----------------+--------------+
| No           | No                    | No                     |             133 |           88 |
| No           | No                    | Yes                    |             187 |           38 |
| No           | Yes                   | No                     |               8 |            5 |
| Yes          | No                    | No                     |             240 |          128 |
| Yes          | No                    | Yes                    |            4646 |         1620 |
| Yes          | Yes                   | No                     |             358 |          109 |
+--------------+-----------------------+------------------------+-----------------+--------------+


4. Detailed Control Set Information
-----------------------------------

+-------------------------------------------------------------------------------+----------------------------------------------------------------------------------+--------------------------------------------------------------------------+------------------+----------------+--------------+
|                                  Clock Signal                                 |                                   Enable Signal                                  |                             Set/Reset Signal                             | Slice Load Count | Bel Load Count | Bels / Slice |
+-------------------------------------------------------------------------------+----------------------------------------------------------------------------------+--------------------------------------------------------------------------+------------------+----------------+--------------+
|  AES256_device_IP_v1_0_S00_AXI_inst/device/keygen/cond_getWord_reg[2]_i_1_n_0 |                                                                                  |                                                                          |                1 |              3 |         3.00 |
|  s00_axi_aclk_IBUF_BUFG                                                       | AES256_device_IP_v1_0_S00_AXI_inst/axi_awready0                                  | AES256_device_IP_v1_0_S00_AXI_inst/device/keygen/rotWord/s00_axi_aresetn |                1 |              4 |         4.00 |
|  s00_axi_aclk_IBUF_BUFG                                                       | AES256_device_IP_v1_0_S00_AXI_inst/axi_arready0                                  | AES256_device_IP_v1_0_S00_AXI_inst/device/keygen/rotWord/s00_axi_aresetn |                1 |              4 |         4.00 |
|  s00_axi_aclk_IBUF_BUFG                                                       | AES256_device_IP_v1_0_S00_AXI_inst/device/romKey/key_cnt                         | AES256_device_IP_v1_0_S00_AXI_inst/device/keygen/rotWord/s00_axi_aresetn |                1 |              4 |         4.00 |
|  s00_axi_aclk_IBUF_BUFG                                                       | AES256_device_IP_v1_0_S00_AXI_inst/device/keygen/kg_st[3]_i_1_n_0                | AES256_device_IP_v1_0_S00_AXI_inst/device/keygen/rotWord/s00_axi_aresetn |                1 |              4 |         4.00 |
|  s00_axi_aclk_IBUF_BUFG                                                       | AES256_device_IP_v1_0_S00_AXI_inst/device/encrypter/req_rom__0                   | AES256_device_IP_v1_0_S00_AXI_inst/device/keygen/rotWord/s00_axi_aresetn |                1 |              4 |         4.00 |
|  s00_axi_aclk_IBUF_BUFG                                                       | AES256_device_IP_v1_0_S00_AXI_inst/slv_reg0[7]_i_1_n_0                           | AES256_device_IP_v1_0_S00_AXI_inst/device/keygen/rotWord/s00_axi_aresetn |                1 |              6 |         6.00 |
|  s00_axi_aclk_IBUF_BUFG                                                       | AES256_device_IP_v1_0_S00_AXI_inst/slv_reg2[23]_i_1_n_0                          | AES256_device_IP_v1_0_S00_AXI_inst/device/keygen/rotWord/s00_axi_aresetn |                3 |              8 |         2.67 |
|  s00_axi_aclk_IBUF_BUFG                                                       | AES256_device_IP_v1_0_S00_AXI_inst/slv_reg4[23]_i_1_n_0                          | AES256_device_IP_v1_0_S00_AXI_inst/device/keygen/rotWord/s00_axi_aresetn |                3 |              8 |         2.67 |
|  s00_axi_aclk_IBUF_BUFG                                                       | AES256_device_IP_v1_0_S00_AXI_inst/slv_reg4[15]_i_1_n_0                          | AES256_device_IP_v1_0_S00_AXI_inst/device/keygen/rotWord/s00_axi_aresetn |                5 |              8 |         1.60 |
|  s00_axi_aclk_IBUF_BUFG                                                       | AES256_device_IP_v1_0_S00_AXI_inst/slv_reg3[7]_i_1_n_0                           | AES256_device_IP_v1_0_S00_AXI_inst/device/keygen/rotWord/s00_axi_aresetn |                1 |              8 |         8.00 |
|  s00_axi_aclk_IBUF_BUFG                                                       | AES256_device_IP_v1_0_S00_AXI_inst/slv_reg3[31]_i_1_n_0                          | AES256_device_IP_v1_0_S00_AXI_inst/device/keygen/rotWord/s00_axi_aresetn |                3 |              8 |         2.67 |
|  s00_axi_aclk_IBUF_BUFG                                                       | AES256_device_IP_v1_0_S00_AXI_inst/slv_reg3[23]_i_1_n_0                          | AES256_device_IP_v1_0_S00_AXI_inst/device/keygen/rotWord/s00_axi_aresetn |                2 |              8 |         4.00 |
|  s00_axi_aclk_IBUF_BUFG                                                       | AES256_device_IP_v1_0_S00_AXI_inst/slv_reg3[15]_i_1_n_0                          | AES256_device_IP_v1_0_S00_AXI_inst/device/keygen/rotWord/s00_axi_aresetn |                2 |              8 |         4.00 |
|  s00_axi_aclk_IBUF_BUFG                                                       | AES256_device_IP_v1_0_S00_AXI_inst/slv_reg2[7]_i_1_n_0                           | AES256_device_IP_v1_0_S00_AXI_inst/device/keygen/rotWord/s00_axi_aresetn |                3 |              8 |         2.67 |
|  s00_axi_aclk_IBUF_BUFG                                                       | AES256_device_IP_v1_0_S00_AXI_inst/slv_reg2[31]_i_1_n_0                          | AES256_device_IP_v1_0_S00_AXI_inst/device/keygen/rotWord/s00_axi_aresetn |                3 |              8 |         2.67 |
|  s00_axi_aclk_IBUF_BUFG                                                       | AES256_device_IP_v1_0_S00_AXI_inst/slv_reg4[31]_i_1_n_0                          | AES256_device_IP_v1_0_S00_AXI_inst/device/keygen/rotWord/s00_axi_aresetn |                4 |              8 |         2.00 |
|  s00_axi_aclk_IBUF_BUFG                                                       | AES256_device_IP_v1_0_S00_AXI_inst/slv_reg2[15]_i_1_n_0                          | AES256_device_IP_v1_0_S00_AXI_inst/device/keygen/rotWord/s00_axi_aresetn |                4 |              8 |         2.00 |
|  s00_axi_aclk_IBUF_BUFG                                                       | AES256_device_IP_v1_0_S00_AXI_inst/slv_reg1[7]_i_1_n_0                           | AES256_device_IP_v1_0_S00_AXI_inst/device/keygen/rotWord/s00_axi_aresetn |                2 |              8 |         4.00 |
|  s00_axi_aclk_IBUF_BUFG                                                       | AES256_device_IP_v1_0_S00_AXI_inst/slv_reg1[31]_i_1_n_0                          | AES256_device_IP_v1_0_S00_AXI_inst/device/keygen/rotWord/s00_axi_aresetn |                2 |              8 |         4.00 |
|  s00_axi_aclk_IBUF_BUFG                                                       | AES256_device_IP_v1_0_S00_AXI_inst/slv_reg9[23]_i_1_n_0                          | AES256_device_IP_v1_0_S00_AXI_inst/device/keygen/rotWord/s00_axi_aresetn |                2 |              8 |         4.00 |
|  s00_axi_aclk_IBUF_BUFG                                                       | AES256_device_IP_v1_0_S00_AXI_inst/slv_reg9[31]_i_1_n_0                          | AES256_device_IP_v1_0_S00_AXI_inst/device/keygen/rotWord/s00_axi_aresetn |                2 |              8 |         4.00 |
|  s00_axi_aclk_IBUF_BUFG                                                       | AES256_device_IP_v1_0_S00_AXI_inst/slv_reg1[23]_i_1_n_0                          | AES256_device_IP_v1_0_S00_AXI_inst/device/keygen/rotWord/s00_axi_aresetn |                2 |              8 |         4.00 |
|  s00_axi_aclk_IBUF_BUFG                                                       | AES256_device_IP_v1_0_S00_AXI_inst/slv_reg1[15]_i_1_n_0                          | AES256_device_IP_v1_0_S00_AXI_inst/device/keygen/rotWord/s00_axi_aresetn |                1 |              8 |         8.00 |
|  s00_axi_aclk_IBUF_BUFG                                                       | AES256_device_IP_v1_0_S00_AXI_inst/slv_reg9[7]_i_1_n_0                           | AES256_device_IP_v1_0_S00_AXI_inst/device/keygen/rotWord/s00_axi_aresetn |                2 |              8 |         4.00 |
|  s00_axi_aclk_IBUF_BUFG                                                       | AES256_device_IP_v1_0_S00_AXI_inst/slv_reg6[31]_i_1_n_0                          | AES256_device_IP_v1_0_S00_AXI_inst/device/keygen/rotWord/s00_axi_aresetn |                3 |              8 |         2.67 |
|  s00_axi_aclk_IBUF_BUFG                                                       | AES256_device_IP_v1_0_S00_AXI_inst/slv_reg8[31]_i_1_n_0                          | AES256_device_IP_v1_0_S00_AXI_inst/device/keygen/rotWord/s00_axi_aresetn |                1 |              8 |         8.00 |
|  s00_axi_aclk_IBUF_BUFG                                                       | AES256_device_IP_v1_0_S00_AXI_inst/slv_reg8[15]_i_1_n_0                          | AES256_device_IP_v1_0_S00_AXI_inst/device/keygen/rotWord/s00_axi_aresetn |                2 |              8 |         4.00 |
|  s00_axi_aclk_IBUF_BUFG                                                       | AES256_device_IP_v1_0_S00_AXI_inst/slv_reg7[7]_i_1_n_0                           | AES256_device_IP_v1_0_S00_AXI_inst/device/keygen/rotWord/s00_axi_aresetn |                2 |              8 |         4.00 |
|  s00_axi_aclk_IBUF_BUFG                                                       | AES256_device_IP_v1_0_S00_AXI_inst/slv_reg7[31]_i_1_n_0                          | AES256_device_IP_v1_0_S00_AXI_inst/device/keygen/rotWord/s00_axi_aresetn |                2 |              8 |         4.00 |
|  s00_axi_aclk_IBUF_BUFG                                                       | AES256_device_IP_v1_0_S00_AXI_inst/slv_reg7[23]_i_1_n_0                          | AES256_device_IP_v1_0_S00_AXI_inst/device/keygen/rotWord/s00_axi_aresetn |                2 |              8 |         4.00 |
|  s00_axi_aclk_IBUF_BUFG                                                       | AES256_device_IP_v1_0_S00_AXI_inst/slv_reg7[15]_i_1_n_0                          | AES256_device_IP_v1_0_S00_AXI_inst/device/keygen/rotWord/s00_axi_aresetn |                2 |              8 |         4.00 |
|  s00_axi_aclk_IBUF_BUFG                                                       | AES256_device_IP_v1_0_S00_AXI_inst/slv_reg8[7]_i_1_n_0                           | AES256_device_IP_v1_0_S00_AXI_inst/device/keygen/rotWord/s00_axi_aresetn |                2 |              8 |         4.00 |
|  s00_axi_aclk_IBUF_BUFG                                                       | AES256_device_IP_v1_0_S00_AXI_inst/slv_reg6[7]_i_1_n_0                           | AES256_device_IP_v1_0_S00_AXI_inst/device/keygen/rotWord/s00_axi_aresetn |                1 |              8 |         8.00 |
|  s00_axi_aclk_IBUF_BUFG                                                       | AES256_device_IP_v1_0_S00_AXI_inst/slv_reg8[23]_i_1_n_0                          | AES256_device_IP_v1_0_S00_AXI_inst/device/keygen/rotWord/s00_axi_aresetn |                2 |              8 |         4.00 |
|  s00_axi_aclk_IBUF_BUFG                                                       | AES256_device_IP_v1_0_S00_AXI_inst/slv_reg6[23]_i_1_n_0                          | AES256_device_IP_v1_0_S00_AXI_inst/device/keygen/rotWord/s00_axi_aresetn |                2 |              8 |         4.00 |
|  s00_axi_aclk_IBUF_BUFG                                                       | AES256_device_IP_v1_0_S00_AXI_inst/slv_reg6[15]_i_1_n_0                          | AES256_device_IP_v1_0_S00_AXI_inst/device/keygen/rotWord/s00_axi_aresetn |                2 |              8 |         4.00 |
|  s00_axi_aclk_IBUF_BUFG                                                       | AES256_device_IP_v1_0_S00_AXI_inst/slv_reg5[7]_i_1_n_0                           | AES256_device_IP_v1_0_S00_AXI_inst/device/keygen/rotWord/s00_axi_aresetn |                1 |              8 |         8.00 |
|  s00_axi_aclk_IBUF_BUFG                                                       | AES256_device_IP_v1_0_S00_AXI_inst/slv_reg5[31]_i_1_n_0                          | AES256_device_IP_v1_0_S00_AXI_inst/device/keygen/rotWord/s00_axi_aresetn |                2 |              8 |         4.00 |
|  s00_axi_aclk_IBUF_BUFG                                                       | AES256_device_IP_v1_0_S00_AXI_inst/slv_reg5[23]_i_1_n_0                          | AES256_device_IP_v1_0_S00_AXI_inst/device/keygen/rotWord/s00_axi_aresetn |                2 |              8 |         4.00 |
|  s00_axi_aclk_IBUF_BUFG                                                       | AES256_device_IP_v1_0_S00_AXI_inst/slv_reg9[15]_i_1_n_0                          | AES256_device_IP_v1_0_S00_AXI_inst/device/keygen/rotWord/s00_axi_aresetn |                3 |              8 |         2.67 |
|  s00_axi_aclk_IBUF_BUFG                                                       | AES256_device_IP_v1_0_S00_AXI_inst/slv_reg5[15]_i_1_n_0                          | AES256_device_IP_v1_0_S00_AXI_inst/device/keygen/rotWord/s00_axi_aresetn |                2 |              8 |         4.00 |
|  s00_axi_aclk_IBUF_BUFG                                                       | AES256_device_IP_v1_0_S00_AXI_inst/slv_reg4[7]_i_1_n_0                           | AES256_device_IP_v1_0_S00_AXI_inst/device/keygen/rotWord/s00_axi_aresetn |                5 |              8 |         1.60 |
|  s00_axi_aclk_IBUF_BUFG                                                       | AES256_device_IP_v1_0_S00_AXI_inst/slv_reg0[23]_i_1_n_0                          | AES256_device_IP_v1_0_S00_AXI_inst/device/keygen/rotWord/s00_axi_aresetn |                1 |              8 |         8.00 |
|  s00_axi_aclk_IBUF_BUFG                                                       | AES256_device_IP_v1_0_S00_AXI_inst/slv_reg0[15]_i_1_n_0                          | AES256_device_IP_v1_0_S00_AXI_inst/device/keygen/rotWord/s00_axi_aresetn |                3 |              8 |         2.67 |
|  s00_axi_aclk_IBUF_BUFG                                                       | AES256_device_IP_v1_0_S00_AXI_inst/device/keygen/p_0_out                         | AES256_device_IP_v1_0_S00_AXI_inst/device/keygen/rotWord/s00_axi_aresetn |                5 |              8 |         1.60 |
|  s00_axi_aclk_IBUF_BUFG                                                       | AES256_device_IP_v1_0_S00_AXI_inst/device/keygen/temp_reg[1]0                    | AES256_device_IP_v1_0_S00_AXI_inst/device/keygen/rotWord/s00_axi_aresetn |                3 |              8 |         2.67 |
|  s00_axi_aclk_IBUF_BUFG                                                       | AES256_device_IP_v1_0_S00_AXI_inst/device/keygen/temp_reg[2]0                    | AES256_device_IP_v1_0_S00_AXI_inst/device/keygen/rotWord/s00_axi_aresetn |                3 |              8 |         2.67 |
|  s00_axi_aclk_IBUF_BUFG                                                       | AES256_device_IP_v1_0_S00_AXI_inst/device/keygen/temp_reg[3]0                    | AES256_device_IP_v1_0_S00_AXI_inst/device/keygen/rotWord/s00_axi_aresetn |                5 |              8 |         1.60 |
|  s00_axi_aclk_IBUF_BUFG                                                       | AES256_device_IP_v1_0_S00_AXI_inst/slv_reg0[31]_i_1_n_0                          | AES256_device_IP_v1_0_S00_AXI_inst/device/keygen/rotWord/s00_axi_aresetn |                2 |              8 |         4.00 |
|  s00_axi_aclk_IBUF_BUFG                                                       | AES256_device_IP_v1_0_S00_AXI_inst/device/encrypter/FSM_onehot_enc_st[9]_i_1_n_0 | AES256_device_IP_v1_0_S00_AXI_inst/device/keygen/rotWord/s00_axi_aresetn |                2 |             10 |         5.00 |
|  s00_axi_aclk_IBUF_BUFG                                                       | AES256_device_IP_v1_0_S00_AXI_inst/device/encrypter/enc_keyAddr[3]_i_1_n_0       | AES256_device_IP_v1_0_S00_AXI_inst/device/keygen/rotWord/s00_axi_aresetn |                3 |             10 |         3.33 |
|  s00_axi_aclk_IBUF_BUFG                                                       | AES256_device_IP_v1_0_S00_AXI_inst/device/encrypter/end_st_reg_delay             | AES256_device_IP_v1_0_S00_AXI_inst/device/keygen/rotWord/s00_axi_aresetn |                3 |             16 |         5.33 |
|  s00_axi_aclk_IBUF_BUFG                                                       | AES256_device_IP_v1_0_S00_AXI_inst/device/keygen/round                           | AES256_device_IP_v1_0_S00_AXI_inst/device/keygen/rotWord/s00_axi_aresetn |               12 |             22 |         1.83 |
|  s00_axi_aclk_IBUF_BUFG                                                       | AES256_device_IP_v1_0_S00_AXI_inst/device/keygen/wr_rotWord_reg_n_0              | AES256_device_IP_v1_0_S00_AXI_inst/device/keygen/rotWord/s00_axi_aresetn |                6 |             32 |         5.33 |
|  s00_axi_aclk_IBUF_BUFG                                                       | AES256_device_IP_v1_0_S00_AXI_inst/slv_reg_rden                                  | AES256_device_IP_v1_0_S00_AXI_inst/device/keygen/rotWord/s00_axi_aresetn |               16 |             32 |         2.00 |
|  s00_axi_aclk_IBUF_BUFG                                                       | AES256_device_IP_v1_0_S00_AXI_inst/device/keygen/wr_rotWord                      | AES256_device_IP_v1_0_S00_AXI_inst/device/keygen/rotWord/s00_axi_aresetn |                8 |             32 |         4.00 |
|  s00_axi_aclk_IBUF_BUFG                                                       | AES256_device_IP_v1_0_S00_AXI_inst/device/encrypter/enc_dataOut[127]_i_1_n_0     |                                                                          |               24 |            112 |         4.67 |
|  s00_axi_aclk_IBUF_BUFG                                                       | AES256_device_IP_v1_0_S00_AXI_inst/device/romKey/rom[11][127]_i_1_n_0            | AES256_device_IP_v1_0_S00_AXI_inst/device/keygen/rotWord/s00_axi_aresetn |               34 |            128 |         3.76 |
|  s00_axi_aclk_IBUF_BUFG                                                       | AES256_device_IP_v1_0_S00_AXI_inst/device/romKey/rom[9][127]_i_1_n_0             | AES256_device_IP_v1_0_S00_AXI_inst/device/keygen/rotWord/s00_axi_aresetn |               48 |            128 |         2.67 |
|  s00_axi_aclk_IBUF_BUFG                                                       | AES256_device_IP_v1_0_S00_AXI_inst/device/romKey/rom[8][127]_i_1_n_0             | AES256_device_IP_v1_0_S00_AXI_inst/device/keygen/rotWord/s00_axi_aresetn |               40 |            128 |         3.20 |
|  s00_axi_aclk_IBUF_BUFG                                                       | AES256_device_IP_v1_0_S00_AXI_inst/device/encrypter/ctrl_dataOut_enc             | AES256_device_IP_v1_0_S00_AXI_inst/device/keygen/rotWord/s00_axi_aresetn |               23 |            128 |         5.57 |
|  s00_axi_aclk_IBUF_BUFG                                                       | AES256_device_IP_v1_0_S00_AXI_inst/device/romKey/rom[7][127]_i_1_n_0             | AES256_device_IP_v1_0_S00_AXI_inst/device/keygen/rotWord/s00_axi_aresetn |               32 |            128 |         4.00 |
|  s00_axi_aclk_IBUF_BUFG                                                       | AES256_device_IP_v1_0_S00_AXI_inst/device/romKey/rom[6][127]_i_1_n_0             | AES256_device_IP_v1_0_S00_AXI_inst/device/keygen/rotWord/s00_axi_aresetn |               34 |            128 |         3.76 |
|  s00_axi_aclk_IBUF_BUFG                                                       | AES256_device_IP_v1_0_S00_AXI_inst/device/encrypter/req_rom_delay                | AES256_device_IP_v1_0_S00_AXI_inst/device/keygen/rotWord/s00_axi_aresetn |               19 |            128 |         6.74 |
|  s00_axi_aclk_IBUF_BUFG                                                       | AES256_device_IP_v1_0_S00_AXI_inst/device/encrypter/wr_mC__0                     | AES256_device_IP_v1_0_S00_AXI_inst/device/keygen/rotWord/s00_axi_aresetn |               33 |            128 |         3.88 |
|  s00_axi_aclk_IBUF_BUFG                                                       | AES256_device_IP_v1_0_S00_AXI_inst/device/encrypter/wr_reg162__0                 | AES256_device_IP_v1_0_S00_AXI_inst/device/keygen/rotWord/s00_axi_aresetn |               33 |            128 |         3.88 |
|  s00_axi_aclk_IBUF_BUFG                                                       | AES256_device_IP_v1_0_S00_AXI_inst/device/encrypter/wr_reg163__0                 | AES256_device_IP_v1_0_S00_AXI_inst/device/keygen/rotWord/s00_axi_aresetn |               25 |            128 |         5.12 |
|  s00_axi_aclk_IBUF_BUFG                                                       | AES256_device_IP_v1_0_S00_AXI_inst/device/keygen/kg_dataOut[127]_i_1_n_0         |                                                                          |              104 |            128 |         1.23 |
|  s00_axi_aclk_IBUF_BUFG                                                       | AES256_device_IP_v1_0_S00_AXI_inst/device/romKey/rom[5][127]_i_1_n_0             | AES256_device_IP_v1_0_S00_AXI_inst/device/keygen/rotWord/s00_axi_aresetn |               28 |            128 |         4.57 |
|  s00_axi_aclk_IBUF_BUFG                                                       | AES256_device_IP_v1_0_S00_AXI_inst/device/romKey/rom[4][127]_i_1_n_0             | AES256_device_IP_v1_0_S00_AXI_inst/device/keygen/rotWord/s00_axi_aresetn |               24 |            128 |         5.33 |
|  s00_axi_aclk_IBUF_BUFG                                                       | AES256_device_IP_v1_0_S00_AXI_inst/device/romKey/rom[3][127]_i_1_n_0             | AES256_device_IP_v1_0_S00_AXI_inst/device/keygen/rotWord/s00_axi_aresetn |               34 |            128 |         3.76 |
|  s00_axi_aclk_IBUF_BUFG                                                       | AES256_device_IP_v1_0_S00_AXI_inst/device/romKey/rom[2][127]_i_1_n_0             | AES256_device_IP_v1_0_S00_AXI_inst/device/keygen/rotWord/s00_axi_aresetn |               30 |            128 |         4.27 |
|  s00_axi_aclk_IBUF_BUFG                                                       | AES256_device_IP_v1_0_S00_AXI_inst/device/romKey/rom[1][127]_i_1_n_0             | AES256_device_IP_v1_0_S00_AXI_inst/device/keygen/rotWord/s00_axi_aresetn |               27 |            128 |         4.74 |
|  s00_axi_aclk_IBUF_BUFG                                                       | AES256_device_IP_v1_0_S00_AXI_inst/device/romKey/rom[14][127]_i_1_n_0            | AES256_device_IP_v1_0_S00_AXI_inst/device/keygen/rotWord/s00_axi_aresetn |               36 |            128 |         3.56 |
|  s00_axi_aclk_IBUF_BUFG                                                       | AES256_device_IP_v1_0_S00_AXI_inst/device/romKey/rom[13][127]_i_1_n_0            | AES256_device_IP_v1_0_S00_AXI_inst/device/keygen/rotWord/s00_axi_aresetn |               37 |            128 |         3.46 |
|  s00_axi_aclk_IBUF_BUFG                                                       | AES256_device_IP_v1_0_S00_AXI_inst/device/romKey/rom[0][127]_i_1_n_0             | AES256_device_IP_v1_0_S00_AXI_inst/device/keygen/rotWord/s00_axi_aresetn |               31 |            128 |         4.13 |
|  s00_axi_aclk_IBUF_BUFG                                                       | AES256_device_IP_v1_0_S00_AXI_inst/device/romKey/rom[10][127]_i_1_n_0            | AES256_device_IP_v1_0_S00_AXI_inst/device/keygen/rotWord/s00_axi_aresetn |               34 |            128 |         3.76 |
|  s00_axi_aclk_IBUF_BUFG                                                       | AES256_device_IP_v1_0_S00_AXI_inst/device/romKey/rom[12][127]_i_1_n_0            | AES256_device_IP_v1_0_S00_AXI_inst/device/keygen/rotWord/s00_axi_aresetn |               27 |            128 |         4.74 |
|  s00_axi_aclk_IBUF_BUFG                                                       |                                                                                  |                                                                          |               87 |            130 |         1.49 |
|  s00_axi_aclk_IBUF_BUFG                                                       |                                                                                  | AES256_device_IP_v1_0_S00_AXI_inst/device/keygen/rotWord/s00_axi_aresetn |               43 |            195 |         4.53 |
|  s00_axi_aclk_IBUF_BUFG                                                       | s00_axi_aresetn_IBUF                                                             | AES256_device_IP_v1_0_S00_AXI_inst/device/keygen/rotWord/s00_axi_aresetn |              938 |           1920 |         2.05 |
+-------------------------------------------------------------------------------+----------------------------------------------------------------------------------+--------------------------------------------------------------------------+------------------+----------------+--------------+


