Time resolution is 1 ps
------------------------------------
Position pointer:  0 ;; Time:                   70
Position value: x
x | x | x | x | x 
------------------------------------
Position pointer:  1 ;; Time:                   90
Position value: 0
0 | x | x | x | x 
Outp: x; Cnt:  2; Full: 0; Time:                  110
------------------------------------
Position pointer:  1 ;; Time:                  130
Position value: 2
2 | x | x | x | x 
------------------------------------
Position pointer:  2 ;; Time:                  150
Position value: 1
2 | 1 | x | x | x 
------------------------------------
Position pointer:  3 ;; Time:                  170
Position value: 2
2 | 1 | 2 | x | x 
------------------------------------
Position pointer:  4 ;; Time:                  190
Position value: 1
2 | 1 | 2 | 1 | x 
Outp: 0; Cnt:  5; Full: 0; Time:                  210
------------------------------------
Position pointer:  4 ;; Time:                  230
Position value: 1
1 | 2 | 1 | 1 | 1 
Outp: 2; Cnt:  4; Full: 0; Time:                  230
------------------------------------
Position pointer:  3 ;; Time:                  250
Position value: 1
2 | 1 | 1 | 1 | 1 
------------------------------------
Position pointer:  4 ;; Time:                  270
Position value: 0
2 | 1 | 1 | 0 | 1 
