INFO: [VRFC 10-2263] Analyzing SystemVerilog file "/home/adrian/Desktop/AES256-HW-Accelerator/verilogCode/design/dec/AES256_dec_FSM_AXI.sv" into library xil_defaultlib
INFO: [VRFC 10-311] analyzing module AES256_dec
INFO: [VRFC 10-2263] Analyzing SystemVerilog file "/home/adrian/Desktop/AES256-HW-Accelerator/verilogCode/design/AES256_device_FSM_AXI.sv" into library xil_defaultlib
INFO: [VRFC 10-311] analyzing module AES256_device
INFO: [VRFC 10-2263] Analyzing SystemVerilog file "/home/adrian/Desktop/AES256-HW-Accelerator/verilogCode/design/enc/AES256_enc_FSM_AXI.sv" into library xil_defaultlib
INFO: [VRFC 10-311] analyzing module AES256_enc
INFO: [VRFC 10-2263] Analyzing SystemVerilog file "/home/adrian/Desktop/AES256-HW-Accelerator/verilogCode/design/keyGen/AES256_keygen_FSM_AXI.sv" into library xil_defaultlib
INFO: [VRFC 10-311] analyzing module AES256_keygen
INFO: [VRFC 10-2263] Analyzing SystemVerilog file "/home/adrian/Desktop/AES256-HW-Accelerator/verilogCode/design/dec/mod_dec_addRoundKey.sv" into library xil_defaultlib
INFO: [VRFC 10-311] analyzing module mod_dec_addRoundKey
INFO: [VRFC 10-2263] Analyzing SystemVerilog file "/home/adrian/Desktop/AES256-HW-Accelerator/verilogCode/design/dec/mod_dec_mixColumns.sv" into library xil_defaultlib
INFO: [VRFC 10-311] analyzing module mod_dec_mixColumns
INFO: [VRFC 10-2263] Analyzing SystemVerilog file "/home/adrian/Desktop/AES256-HW-Accelerator/verilogCode/design/dec/mod_dec_rom256.sv" into library xil_defaultlib
INFO: [VRFC 10-311] analyzing module mod_dec_rom256
INFO: [VRFC 10-2263] Analyzing SystemVerilog file "/home/adrian/Desktop/AES256-HW-Accelerator/verilogCode/design/dec/mod_dec_romKey.sv" into library xil_defaultlib
INFO: [VRFC 10-311] analyzing module mod_dec_romKey
INFO: [VRFC 10-2263] Analyzing SystemVerilog file "/home/adrian/Desktop/AES256-HW-Accelerator/verilogCode/design/dec/mod_dec_shifter.sv" into library xil_defaultlib
INFO: [VRFC 10-311] analyzing module mod_dec_shifter
INFO: [VRFC 10-2263] Analyzing SystemVerilog file "/home/adrian/Desktop/AES256-HW-Accelerator/verilogCode/design/enc/mod_enc_addRoundKey.sv" into library xil_defaultlib
INFO: [VRFC 10-311] analyzing module mod_enc_addRoundKey
INFO: [VRFC 10-2263] Analyzing SystemVerilog file "/home/adrian/Desktop/AES256-HW-Accelerator/verilogCode/design/enc/mod_enc_mixColumns.sv" into library xil_defaultlib
INFO: [VRFC 10-311] analyzing module mod_enc_mixColumns
INFO: [VRFC 10-2263] Analyzing SystemVerilog file "/home/adrian/Desktop/AES256-HW-Accelerator/verilogCode/design/enc/mod_enc_rom256.sv" into library xil_defaultlib
INFO: [VRFC 10-311] analyzing module mod_enc_rom256
INFO: [VRFC 10-2263] Analyzing SystemVerilog file "/home/adrian/Desktop/AES256-HW-Accelerator/verilogCode/design/enc/mod_enc_romKey.sv" into library xil_defaultlib
INFO: [VRFC 10-311] analyzing module mod_enc_romKey
INFO: [VRFC 10-2263] Analyzing SystemVerilog file "/home/adrian/Desktop/AES256-HW-Accelerator/verilogCode/design/enc/mod_enc_shifter.sv" into library xil_defaultlib
INFO: [VRFC 10-311] analyzing module mod_enc_shifter
INFO: [VRFC 10-2263] Analyzing SystemVerilog file "/home/adrian/Desktop/AES256-HW-Accelerator/verilogCode/design/keyGen/mod_kg_rotWord.sv" into library xil_defaultlib
INFO: [VRFC 10-311] analyzing module mod_kg_rotWord
INFO: [VRFC 10-2263] Analyzing SystemVerilog file "/home/adrian/Desktop/AES256-HW-Accelerator/verilogCode/design/keyGen/mod_kg_subWord.sv" into library xil_defaultlib
INFO: [VRFC 10-311] analyzing module mod_kg_subWord
INFO: [VRFC 10-2263] Analyzing SystemVerilog file "/home/adrian/Desktop/AES256-HW-Accelerator/verilogCode/design/mod_mux_2to1.sv" into library xil_defaultlib
INFO: [VRFC 10-311] analyzing module mod_mux_2to1
INFO: [VRFC 10-2263] Analyzing SystemVerilog file "/home/adrian/Desktop/AES256-HW-Accelerator/verilogCode/design/mod_reg16.sv" into library xil_defaultlib
INFO: [VRFC 10-311] analyzing module mod_reg16
INFO: [VRFC 10-2263] Analyzing SystemVerilog file "/home/adrian/Desktop/AES256-HW-Accelerator/verilogCode/design/mod_reg16_16to1.sv" into library xil_defaultlib
INFO: [VRFC 10-311] analyzing module mod_reg16_16to1
INFO: [VRFC 10-2263] Analyzing SystemVerilog file "/home/adrian/Desktop/AES256-HW-Accelerator/verilogCode/design/mod_reg16_1to16.sv" into library xil_defaultlib
INFO: [VRFC 10-311] analyzing module mod_reg16_1to16
WARNING: [VRFC 10-2379] empty port in module declaration [/home/adrian/Desktop/AES256-HW-Accelerator/verilogCode/design/mod_reg16_1to16.sv:10]
INFO: [VRFC 10-2263] Analyzing SystemVerilog file "/home/adrian/Desktop/AES256-HW-Accelerator/verilogCode/tb/tb_AES256_dev_FSM_AXI.sv" into library xil_defaultlib
INFO: [VRFC 10-311] analyzing module AES256_device
WARNING: [VRFC 10-3609] overwriting previous definition of module 'AES256_device' [/home/adrian/Desktop/AES256-HW-Accelerator/verilogCode/tb/../design/AES256_device_FSM_AXI.sv:10]
INFO: [VRFC 10-311] analyzing module tb_AES256_device
